[0.047s] Invoking command in '/root/xline_path_planner/build/xline_path_planner': CMAKE_PREFIX_PATH=/opt/ros/humble /usr/bin/cmake --build /root/xline_path_planner/build/xline_path_planner -- -j8 -l8
[0.139s] Consolidate compiler generated dependencies of target xline_plan_cli
[0.154s] Consolidate compiler generated dependencies of target planner_node
[0.164s] [  6%] Building CXX object CMakeFiles/xline_plan_cli.dir/src/xline_plan_cli.cpp.o
[0.165s] [ 12%] Building CXX object CMakeFiles/xline_plan_cli.dir/src/planner_engine.cpp.o
[0.191s] [ 18%] Building CXX object CMakeFiles/planner_node.dir/src/planner_engine.cpp.o
[10.028s] [ 25%] Linking CXX executable xline_plan_cli
[10.129s] [ 31%] Linking CXX executable planner_node
[11.158s] [ 62%] Built target xline_plan_cli
[11.210s] [100%] Built target planner_node
[11.230s] Invoked command in '/root/xline_path_planner/build/xline_path_planner' returned '0': CMAKE_PREFIX_PATH=/opt/ros/humble /usr/bin/cmake --build /root/xline_path_planner/build/xline_path_planner -- -j8 -l8
[11.247s] Invoking command in '/root/xline_path_planner/build/xline_path_planner': CMAKE_PREFIX_PATH=/opt/ros/humble /usr/bin/cmake --install /root/xline_path_planner/build/xline_path_planner
[11.258s] -- Install configuration: "Release"
[11.258s] -- Installing: /root/xline_path_planner/install/xline_path_planner/lib/xline_path_planner/planner_node
[11.260s] -- Set runtime path of "/root/xline_path_planner/install/xline_path_planner/lib/xline_path_planner/planner_node" to ""
[11.261s] -- Up-to-date: /root/xline_path_planner/install/xline_path_planner/share/xline_path_planner/config
[11.261s] -- Up-to-date: /root/xline_path_planner/install/xline_path_planner/share/xline_path_planner/config/planner.yaml
[11.262s] -- Up-to-date: /root/xline_path_planner/install/xline_path_planner/share/ament_index/resource_index/package_run_dependencies/xline_path_planner
[11.262s] -- Up-to-date: /root/xline_path_planner/install/xline_path_planner/share/ament_index/resource_index/parent_prefix_path/xline_path_planner
[11.262s] -- Up-to-date: /root/xline_path_planner/install/xline_path_planner/share/xline_path_planner/environment/ament_prefix_path.sh
[11.262s] -- Installing: /root/xline_path_planner/install/xline_path_planner/share/xline_path_planner/environment/ament_prefix_path.dsv
[11.262s] -- Up-to-date: /root/xline_path_planner/install/xline_path_planner/share/xline_path_planner/environment/path.sh
[11.262s] -- Installing: /root/xline_path_planner/install/xline_path_planner/share/xline_path_planner/environment/path.dsv
[11.262s] -- Up-to-date: /root/xline_path_planner/install/xline_path_planner/share/xline_path_planner/local_setup.bash
[11.263s] -- Up-to-date: /root/xline_path_planner/install/xline_path_planner/share/xline_path_planner/local_setup.sh
[11.263s] -- Up-to-date: /root/xline_path_planner/install/xline_path_planner/share/xline_path_planner/local_setup.zsh
[11.263s] -- Installing: /root/xline_path_planner/install/xline_path_planner/share/xline_path_planner/local_setup.dsv
[11.263s] -- Installing: /root/xline_path_planner/install/xline_path_planner/share/xline_path_planner/package.dsv
[11.263s] -- Up-to-date: /root/xline_path_planner/install/xline_path_planner/share/ament_index/resource_index/packages/xline_path_planner
[11.263s] -- Up-to-date: /root/xline_path_planner/install/xline_path_planner/share/xline_path_planner/cmake/xline_path_plannerConfig.cmake
[11.263s] -- Up-to-date: /root/xline_path_planner/install/xline_path_planner/share/xline_path_planner/cmake/xline_path_plannerConfig-version.cmake
[11.263s] -- Up-to-date: /root/xline_path_planner/install/xline_path_planner/share/xline_path_planner/package.xml
[11.263s] -- Installing: /root/xline_path_planner/install/xline_path_planner/lib/xline_path_planner/xline_plan_cli
[11.265s] Invoked command in '/root/xline_path_planner/build/xline_path_planner' returned '0': CMAKE_PREFIX_PATH=/opt/ros/humble /usr/bin/cmake --install /root/xline_path_planner/build/xline_path_planner
