-- Found ament_cmake: 1.3.11 (/opt/ros/humble/share/ament_cmake/cmake)
-- Found rclcpp: 16.0.12 (/opt/ros/humble/share/rclcpp/cmake)
-- Found rosidl_generator_c: 3.1.6 (/opt/ros/humble/share/rosidl_generator_c/cmake)
-- Found rosidl_adapter: 3.1.6 (/opt/ros/humble/share/rosidl_adapter/cmake)
-- Found rosidl_generator_cpp: 3.1.6 (/opt/ros/humble/share/rosidl_generator_cpp/cmake)
-- Using all available rosidl_typesupport_c: rosidl_typesupport_fastrtps_c;rosidl_typesupport_introspection_c
-- Using all available rosidl_typesupport_cpp: rosidl_typesupport_fastrtps_cpp;rosidl_typesupport_introspection_cpp
-- Found rmw_implementation_cmake: 6.1.2 (/opt/ros/humble/share/rmw_implementation_cmake/cmake)
-- Found rmw_fastrtps_cpp: 6.2.7 (/opt/ros/humble/share/rmw_fastrtps_cpp/cmake)
-- Using RMW implementation 'rmw_fastrtps_cpp' as default
-- Found ament_lint_auto: 0.12.12 (/opt/ros/humble/share/ament_lint_auto/cmake)
-- Added test 'cppcheck' to perform static code analysis on C / C++ code
-- Configured cppcheck include dirs: $<BUILD_INTERFACE:/root/xline_path_planner/xline_path_planner/include>
-- Configured cppcheck exclude dirs and/or files: 
-- Added test 'lint_cmake' to check CMake code style
-- Added test 'uncrustify' to check C / C++ code style
-- Configured uncrustify additional arguments: 
-- Added test 'xmllint' to check XML markup files
-- Configuring done
-- Generating done
-- Build files have been written to: /root/xline_path_planner/build/xline_path_planner
[ 12%] Building CXX object CMakeFiles/xline_plan_cli.dir/src/trajectory_generator.cpp.o
[ 12%] Building CXX object CMakeFiles/xline_plan_cli.dir/src/output_formatter.cpp.o
[ 18%] Building CXX object CMakeFiles/xline_plan_cli.dir/src/grid_map_generator.cpp.o
[ 25%] Building CXX object CMakeFiles/xline_plan_cli.dir/src/cad_parser.cpp.o
[ 31%] Building CXX object CMakeFiles/xline_plan_cli.dir/src/xline_plan_cli.cpp.o
[ 37%] Building CXX object CMakeFiles/xline_plan_cli.dir/src/path_planner.cpp.o
[ 43%] Building CXX object CMakeFiles/xline_plan_cli.dir/src/planner_engine.cpp.o
Consolidate compiler generated dependencies of target planner_node
[ 50%] Building CXX object CMakeFiles/planner_node.dir/src/main.cpp.o
[ 56%] Building CXX object CMakeFiles/planner_node.dir/src/planner_engine.cpp.o
[ 62%] Building CXX object CMakeFiles/planner_node.dir/src/cad_parser.cpp.o
