[0.024s] Invoking command in '/root/xline_path_planner/build/xline_path_planner': CMAKE_PREFIX_PATH=${CMAKE_PREFIX_PATH}:/opt/ros/humble /usr/bin/cmake /root/xline_path_planner/xline_path_planner -DCMAKE_INSTALL_PREFIX=/root/xline_path_planner/install/xline_path_planner
[0.045s] -- Found ament_cmake: 1.3.11 (/opt/ros/humble/share/ament_cmake/cmake)
[0.263s] -- Found rclcpp: 16.0.12 (/opt/ros/humble/share/rclcpp/cmake)
[0.322s] -- Found rosidl_generator_c: 3.1.6 (/opt/ros/humble/share/rosidl_generator_c/cmake)
[0.328s] -- Found rosidl_adapter: 3.1.6 (/opt/ros/humble/share/rosidl_adapter/cmake)
[0.338s] -- Found rosidl_generator_cpp: 3.1.6 (/opt/ros/humble/share/rosidl_generator_cpp/cmake)
[0.355s] -- Using all available rosidl_typesupport_c: rosidl_typesupport_fastrtps_c;rosidl_typesupport_introspection_c
[0.381s] -- Using all available rosidl_typesupport_cpp: rosidl_typesupport_fastrtps_cpp;rosidl_typesupport_introspection_cpp
[0.453s] -- Found rmw_implementation_cmake: 6.1.2 (/opt/ros/humble/share/rmw_implementation_cmake/cmake)
[0.455s] -- Found rmw_fastrtps_cpp: 6.2.7 (/opt/ros/humble/share/rmw_fastrtps_cpp/cmake)
[0.627s] -- Using RMW implementation 'rmw_fastrtps_cpp' as default
[0.744s] -- Found rclcpp_action: 16.0.12 (/opt/ros/humble/share/rclcpp_action/cmake)
[0.831s] -- Found rosidl_default_generators: 1.2.0 (/opt/ros/humble/share/rosidl_default_generators/cmake)
[1.154s] -- Found ament_cmake_ros: 0.10.0 (/opt/ros/humble/share/ament_cmake_ros/cmake)
[1.653s] -- Using all available rosidl_typesupport_c: rosidl_typesupport_fastrtps_c;rosidl_typesupport_introspection_c
[1.825s] -- Using all available rosidl_typesupport_cpp: rosidl_typesupport_fastrtps_cpp;rosidl_typesupport_introspection_cpp
[1.856s] -- Found python_cmake_module: 0.10.0 (/opt/ros/humble/share/python_cmake_module/cmake)
[1.889s] -- Using PYTHON_EXECUTABLE: /usr/bin/python3
[1.889s] -- Using PYTHON_INCLUDE_DIRS: /usr/include/python3.10
[1.889s] -- Using PYTHON_LIBRARIES: /usr/lib/x86_64-linux-gnu/libpython3.10.so
[2.030s] [0mCMake Deprecation Warning at /opt/ros/humble/share/rosidl_cmake/cmake/rosidl_target_interfaces.cmake:32 (message):
[2.030s]   Use rosidl_get_typesupport_target() and target_link_libraries() instead of
[2.030s]   rosidl_target_interfaces()
[2.030s] Call Stack (most recent call first):
[2.030s]   CMakeLists.txt:62 (rosidl_target_interfaces)
[2.030s] 
[2.030s] [0m
[2.030s] -- Found ament_lint_auto: 0.12.12 (/opt/ros/humble/share/ament_lint_auto/cmake)
[2.166s] -- Added test 'cppcheck' to perform static code analysis on C / C++ code
[2.167s] -- Configured cppcheck include dirs: $<BUILD_INTERFACE:/root/xline_path_planner/xline_path_planner/include>
[2.167s] -- Configured cppcheck exclude dirs and/or files: 
[2.168s] -- Added test 'lint_cmake' to check CMake code style
[2.170s] -- Added test 'uncrustify' to check C / C++ code style
[2.171s] -- Configured uncrustify additional arguments: 
[2.171s] -- Added test 'xmllint' to check XML markup files
[2.173s] -- Configuring done
[2.250s] -- Generating done
[2.274s] -- Build files have been written to: /root/xline_path_planner/build/xline_path_planner
[2.291s] Invoked command in '/root/xline_path_planner/build/xline_path_planner' returned '0': CMAKE_PREFIX_PATH=${CMAKE_PREFIX_PATH}:/opt/ros/humble /usr/bin/cmake /root/xline_path_planner/xline_path_planner -DCMAKE_INSTALL_PREFIX=/root/xline_path_planner/install/xline_path_planner
[2.292s] Invoking command in '/root/xline_path_planner/build/xline_path_planner': CMAKE_PREFIX_PATH=${CMAKE_PREFIX_PATH}:/opt/ros/humble /usr/bin/cmake --build /root/xline_path_planner/build/xline_path_planner -- -j8 -l8
[2.354s] [35m[1mConsolidate compiler generated dependencies of target xline_path_planner__rosidl_generator_c[0m
[2.371s] [  2%] Built target xline_path_planner__cpp
[2.376s] [ 10%] Built target xline_path_planner__rosidl_generator_c
[2.389s] [ 10%] Built target ament_cmake_python_copy_xline_path_planner
[2.391s] [35m[1mConsolidate compiler generated dependencies of target xline_path_planner__rosidl_typesupport_introspection_cpp[0m
[2.391s] [35m[1mConsolidate compiler generated dependencies of target xline_path_planner__rosidl_typesupport_cpp[0m
[2.391s] [35m[1mConsolidate compiler generated dependencies of target xline_path_planner__rosidl_typesupport_fastrtps_cpp[0m
[2.395s] [35m[1mConsolidate compiler generated dependencies of target xline_path_planner__rosidl_typesupport_fastrtps_c[0m
[2.396s] [35m[1mConsolidate compiler generated dependencies of target xline_path_planner__rosidl_typesupport_c[0m
[2.405s] [35m[1mConsolidate compiler generated dependencies of target xline_path_planner__rosidl_typesupport_introspection_c[0m
[2.420s] [ 25%] Built target xline_path_planner__rosidl_typesupport_cpp
[2.420s] [ 28%] Built target xline_path_planner__rosidl_typesupport_fastrtps_cpp
[2.420s] [ 38%] Built target xline_path_planner__rosidl_typesupport_introspection_cpp
[2.421s] [ 41%] Built target xline_path_planner__rosidl_typesupport_c
[2.422s] [ 48%] Built target xline_path_planner__rosidl_typesupport_fastrtps_c
[2.427s] [ 56%] Built target xline_path_planner__rosidl_typesupport_introspection_c
[2.458s] [ 56%] Built target xline_path_planner
[2.478s] [35m[1mConsolidate compiler generated dependencies of target planner_node[0m
[2.490s] [ 58%] Built target xline_path_planner__py
[2.507s] [35m[1mConsolidate compiler generated dependencies of target xline_path_planner__rosidl_generator_py[0m
[2.527s] [ 79%] Built target planner_node
[2.531s] [ 84%] Built target xline_path_planner__rosidl_generator_py
[2.554s] [35m[1mConsolidate compiler generated dependencies of target xline_path_planner__rosidl_typesupport_fastrtps_c__pyext[0m
[2.558s] [35m[1mConsolidate compiler generated dependencies of target xline_path_planner__rosidl_typesupport_c__pyext[0m
[2.558s] [35m[1mConsolidate compiler generated dependencies of target xline_path_planner__rosidl_typesupport_introspection_c__pyext[0m
[2.586s] [ 89%] Built target xline_path_planner__rosidl_typesupport_c__pyext
[2.586s] [ 94%] Built target xline_path_planner__rosidl_typesupport_fastrtps_c__pyext
[2.587s] [100%] Built target xline_path_planner__rosidl_typesupport_introspection_c__pyext
[2.878s] running egg_info
[2.881s] writing xline_path_planner.egg-info/PKG-INFO
[2.881s] writing dependency_links to xline_path_planner.egg-info/dependency_links.txt
[2.882s] writing top-level names to xline_path_planner.egg-info/top_level.txt
[2.885s] reading manifest file 'xline_path_planner.egg-info/SOURCES.txt'
[2.886s] writing manifest file 'xline_path_planner.egg-info/SOURCES.txt'
[2.926s] [100%] Built target ament_cmake_python_build_xline_path_planner_egg
[2.944s] Invoked command in '/root/xline_path_planner/build/xline_path_planner' returned '0': CMAKE_PREFIX_PATH=${CMAKE_PREFIX_PATH}:/opt/ros/humble /usr/bin/cmake --build /root/xline_path_planner/build/xline_path_planner -- -j8 -l8
[2.960s] Invoking command in '/root/xline_path_planner/build/xline_path_planner': CMAKE_PREFIX_PATH=${CMAKE_PREFIX_PATH}:/opt/ros/humble /usr/bin/cmake --install /root/xline_path_planner/build/xline_path_planner
[2.971s] -- Install configuration: "Release"
[2.971s] -- Up-to-date: /root/xline_path_planner/install/xline_path_planner/lib/xline_path_planner/planner_node
[2.972s] -- Up-to-date: /root/xline_path_planner/install/xline_path_planner/share/xline_path_planner/config
[2.972s] -- Up-to-date: /root/xline_path_planner/install/xline_path_planner/share/xline_path_planner/config/planner.yaml
[2.973s] -- Up-to-date: /root/xline_path_planner/install/xline_path_planner/share/ament_index/resource_index/rosidl_interfaces/xline_path_planner
[2.973s] -- Up-to-date: /root/xline_path_planner/install/xline_path_planner/include/xline_path_planner/xline_path_planner
[2.973s] -- Up-to-date: /root/xline_path_planner/install/xline_path_planner/include/xline_path_planner/xline_path_planner/action
[2.974s] -- Up-to-date: /root/xline_path_planner/install/xline_path_planner/include/xline_path_planner/xline_path_planner/action/detail
[2.974s] -- Up-to-date: /root/xline_path_planner/install/xline_path_planner/include/xline_path_planner/xline_path_planner/action/detail/plan_path__type_support.h
[2.974s] -- Up-to-date: /root/xline_path_planner/install/xline_path_planner/include/xline_path_planner/xline_path_planner/action/detail/plan_path__struct.h
[2.974s] -- Up-to-date: /root/xline_path_planner/install/xline_path_planner/include/xline_path_planner/xline_path_planner/action/detail/plan_path__functions.h
[2.974s] -- Up-to-date: /root/xline_path_planner/install/xline_path_planner/include/xline_path_planner/xline_path_planner/action/detail/plan_path__functions.c
[2.975s] -- Up-to-date: /root/xline_path_planner/install/xline_path_planner/include/xline_path_planner/xline_path_planner/action/plan_path.h
[2.975s] -- Up-to-date: /root/xline_path_planner/install/xline_path_planner/include/xline_path_planner/xline_path_planner/msg
[2.975s] -- Up-to-date: /root/xline_path_planner/install/xline_path_planner/include/xline_path_planner/xline_path_planner/msg/rosidl_generator_c__visibility_control.h
[2.975s] -- Up-to-date: /root/xline_path_planner/install/xline_path_planner/share/xline_path_planner/environment/library_path.sh
[2.976s] -- Installing: /root/xline_path_planner/install/xline_path_planner/share/xline_path_planner/environment/library_path.dsv
[2.976s] -- Up-to-date: /root/xline_path_planner/install/xline_path_planner/lib/libxline_path_planner__rosidl_generator_c.so
[2.977s] -- Up-to-date: /root/xline_path_planner/install/xline_path_planner/include/xline_path_planner/xline_path_planner
[2.977s] -- Up-to-date: /root/xline_path_planner/install/xline_path_planner/include/xline_path_planner/xline_path_planner/action
[2.977s] -- Up-to-date: /root/xline_path_planner/install/xline_path_planner/include/xline_path_planner/xline_path_planner/action/detail
[2.978s] -- Up-to-date: /root/xline_path_planner/install/xline_path_planner/include/xline_path_planner/xline_path_planner/action/detail/plan_path__rosidl_typesupport_fastrtps_c.h
[2.978s] -- Up-to-date: /root/xline_path_planner/install/xline_path_planner/include/xline_path_planner/xline_path_planner/msg
[2.978s] -- Up-to-date: /root/xline_path_planner/install/xline_path_planner/include/xline_path_planner/xline_path_planner/msg/rosidl_typesupport_fastrtps_c__visibility_control.h
[2.979s] -- Up-to-date: /root/xline_path_planner/install/xline_path_planner/lib/libxline_path_planner__rosidl_typesupport_fastrtps_c.so
[2.979s] -- Up-to-date: /root/xline_path_planner/install/xline_path_planner/include/xline_path_planner/xline_path_planner
[2.979s] -- Up-to-date: /root/xline_path_planner/install/xline_path_planner/include/xline_path_planner/xline_path_planner/action
[2.980s] -- Up-to-date: /root/xline_path_planner/install/xline_path_planner/include/xline_path_planner/xline_path_planner/action/detail
[2.980s] -- Up-to-date: /root/xline_path_planner/install/xline_path_planner/include/xline_path_planner/xline_path_planner/action/detail/plan_path__traits.hpp
[2.980s] -- Up-to-date: /root/xline_path_planner/install/xline_path_planner/include/xline_path_planner/xline_path_planner/action/detail/plan_path__struct.hpp
[2.981s] -- Up-to-date: /root/xline_path_planner/install/xline_path_planner/include/xline_path_planner/xline_path_planner/action/detail/plan_path__builder.hpp
[2.981s] -- Up-to-date: /root/xline_path_planner/install/xline_path_planner/include/xline_path_planner/xline_path_planner/action/detail/plan_path__type_support.hpp
[2.981s] -- Up-to-date: /root/xline_path_planner/install/xline_path_planner/include/xline_path_planner/xline_path_planner/action/plan_path.hpp
[2.981s] -- Up-to-date: /root/xline_path_planner/install/xline_path_planner/include/xline_path_planner/xline_path_planner/msg
[2.982s] -- Up-to-date: /root/xline_path_planner/install/xline_path_planner/include/xline_path_planner/xline_path_planner/msg/rosidl_generator_cpp__visibility_control.hpp
[2.982s] -- Up-to-date: /root/xline_path_planner/install/xline_path_planner/include/xline_path_planner/xline_path_planner
[2.982s] -- Up-to-date: /root/xline_path_planner/install/xline_path_planner/include/xline_path_planner/xline_path_planner/action
[2.983s] -- Up-to-date: /root/xline_path_planner/install/xline_path_planner/include/xline_path_planner/xline_path_planner/action/detail
[2.983s] -- Up-to-date: /root/xline_path_planner/install/xline_path_planner/include/xline_path_planner/xline_path_planner/action/detail/plan_path__rosidl_typesupport_fastrtps_cpp.hpp
[2.983s] -- Up-to-date: /root/xline_path_planner/install/xline_path_planner/include/xline_path_planner/xline_path_planner/action/detail/dds_fastrtps
[2.984s] -- Up-to-date: /root/xline_path_planner/install/xline_path_planner/include/xline_path_planner/xline_path_planner/msg
[2.984s] -- Up-to-date: /root/xline_path_planner/install/xline_path_planner/include/xline_path_planner/xline_path_planner/msg/rosidl_typesupport_fastrtps_cpp__visibility_control.h
[2.984s] -- Up-to-date: /root/xline_path_planner/install/xline_path_planner/lib/libxline_path_planner__rosidl_typesupport_fastrtps_cpp.so
[2.984s] -- Up-to-date: /root/xline_path_planner/install/xline_path_planner/include/xline_path_planner/xline_path_planner
[2.985s] -- Up-to-date: /root/xline_path_planner/install/xline_path_planner/include/xline_path_planner/xline_path_planner/action
[2.985s] -- Up-to-date: /root/xline_path_planner/install/xline_path_planner/include/xline_path_planner/xline_path_planner/action/detail
[2.985s] -- Up-to-date: /root/xline_path_planner/install/xline_path_planner/include/xline_path_planner/xline_path_planner/action/detail/plan_path__type_support.c
[2.985s] -- Up-to-date: /root/xline_path_planner/install/xline_path_planner/include/xline_path_planner/xline_path_planner/action/detail/plan_path__rosidl_typesupport_introspection_c.h
[2.985s] -- Up-to-date: /root/xline_path_planner/install/xline_path_planner/include/xline_path_planner/xline_path_planner/msg
[2.985s] -- Up-to-date: /root/xline_path_planner/install/xline_path_planner/include/xline_path_planner/xline_path_planner/msg/rosidl_typesupport_introspection_c__visibility_control.h
[2.985s] -- Up-to-date: /root/xline_path_planner/install/xline_path_planner/lib/libxline_path_planner__rosidl_typesupport_introspection_c.so
[2.986s] -- Up-to-date: /root/xline_path_planner/install/xline_path_planner/lib/libxline_path_planner__rosidl_typesupport_c.so
[2.986s] -- Up-to-date: /root/xline_path_planner/install/xline_path_planner/include/xline_path_planner/xline_path_planner
[2.986s] -- Up-to-date: /root/xline_path_planner/install/xline_path_planner/include/xline_path_planner/xline_path_planner/action
[2.986s] -- Up-to-date: /root/xline_path_planner/install/xline_path_planner/include/xline_path_planner/xline_path_planner/action/detail
[2.986s] -- Up-to-date: /root/xline_path_planner/install/xline_path_planner/include/xline_path_planner/xline_path_planner/action/detail/plan_path__type_support.cpp
[2.986s] -- Up-to-date: /root/xline_path_planner/install/xline_path_planner/include/xline_path_planner/xline_path_planner/action/detail/plan_path__rosidl_typesupport_introspection_cpp.hpp
[2.986s] -- Up-to-date: /root/xline_path_planner/install/xline_path_planner/lib/libxline_path_planner__rosidl_typesupport_introspection_cpp.so
[2.986s] -- Up-to-date: /root/xline_path_planner/install/xline_path_planner/lib/libxline_path_planner__rosidl_typesupport_cpp.so
[2.987s] -- Up-to-date: /root/xline_path_planner/install/xline_path_planner/share/xline_path_planner/environment/pythonpath.sh
[2.987s] -- Installing: /root/xline_path_planner/install/xline_path_planner/share/xline_path_planner/environment/pythonpath.dsv
[2.987s] -- Up-to-date: /root/xline_path_planner/install/xline_path_planner/local/lib/python3.10/dist-packages/xline_path_planner-0.0.0-py3.10.egg-info
[2.987s] -- Installing: /root/xline_path_planner/install/xline_path_planner/local/lib/python3.10/dist-packages/xline_path_planner-0.0.0-py3.10.egg-info/SOURCES.txt
[2.987s] -- Installing: /root/xline_path_planner/install/xline_path_planner/local/lib/python3.10/dist-packages/xline_path_planner-0.0.0-py3.10.egg-info/dependency_links.txt
[2.988s] -- Installing: /root/xline_path_planner/install/xline_path_planner/local/lib/python3.10/dist-packages/xline_path_planner-0.0.0-py3.10.egg-info/top_level.txt
[2.988s] -- Installing: /root/xline_path_planner/install/xline_path_planner/local/lib/python3.10/dist-packages/xline_path_planner-0.0.0-py3.10.egg-info/PKG-INFO
[2.988s] -- Up-to-date: /root/xline_path_planner/install/xline_path_planner/local/lib/python3.10/dist-packages/xline_path_planner
[2.988s] -- Up-to-date: /root/xline_path_planner/install/xline_path_planner/local/lib/python3.10/dist-packages/xline_path_planner/action
[2.988s] -- Up-to-date: /root/xline_path_planner/install/xline_path_planner/local/lib/python3.10/dist-packages/xline_path_planner/action/_plan_path_s.c
[2.989s] -- Up-to-date: /root/xline_path_planner/install/xline_path_planner/local/lib/python3.10/dist-packages/xline_path_planner/action/_plan_path.py
[2.989s] -- Up-to-date: /root/xline_path_planner/install/xline_path_planner/local/lib/python3.10/dist-packages/xline_path_planner/action/__init__.py
[2.989s] -- Up-to-date: /root/xline_path_planner/install/xline_path_planner/local/lib/python3.10/dist-packages/xline_path_planner/xline_path_planner_s__rosidl_typesupport_c.cpython-310-x86_64-linux-gnu.so
[2.989s] -- Up-to-date: /root/xline_path_planner/install/xline_path_planner/local/lib/python3.10/dist-packages/xline_path_planner/libxline_path_planner__rosidl_generator_py.so
[2.989s] -- Up-to-date: /root/xline_path_planner/install/xline_path_planner/local/lib/python3.10/dist-packages/xline_path_planner/xline_path_planner_s__rosidl_typesupport_fastrtps_c.cpython-310-x86_64-linux-gnu.so
[2.989s] -- Up-to-date: /root/xline_path_planner/install/xline_path_planner/local/lib/python3.10/dist-packages/xline_path_planner/_xline_path_planner_s.ep.rosidl_typesupport_c.c
[2.989s] -- Up-to-date: /root/xline_path_planner/install/xline_path_planner/local/lib/python3.10/dist-packages/xline_path_planner/_xline_path_planner_s.ep.rosidl_typesupport_fastrtps_c.c
[2.990s] -- Up-to-date: /root/xline_path_planner/install/xline_path_planner/local/lib/python3.10/dist-packages/xline_path_planner/xline_path_planner_s__rosidl_typesupport_introspection_c.cpython-310-x86_64-linux-gnu.so
[2.990s] -- Up-to-date: /root/xline_path_planner/install/xline_path_planner/local/lib/python3.10/dist-packages/xline_path_planner/_xline_path_planner_s.ep.rosidl_typesupport_introspection_c.c
[2.990s] -- Installing: /root/xline_path_planner/install/xline_path_planner/local/lib/python3.10/dist-packages/xline_path_planner/__init__.py
[3.032s] Listing '/root/xline_path_planner/install/xline_path_planner/local/lib/python3.10/dist-packages/xline_path_planner'...
[3.033s] Compiling '/root/xline_path_planner/install/xline_path_planner/local/lib/python3.10/dist-packages/xline_path_planner/__init__.py'...
[3.033s] Listing '/root/xline_path_planner/install/xline_path_planner/local/lib/python3.10/dist-packages/xline_path_planner/action'...
[3.044s] -- Up-to-date: /root/xline_path_planner/install/xline_path_planner/local/lib/python3.10/dist-packages/xline_path_planner/xline_path_planner_s__rosidl_typesupport_fastrtps_c.cpython-310-x86_64-linux-gnu.so
[3.045s] -- Up-to-date: /root/xline_path_planner/install/xline_path_planner/local/lib/python3.10/dist-packages/xline_path_planner/xline_path_planner_s__rosidl_typesupport_introspection_c.cpython-310-x86_64-linux-gnu.so
[3.045s] -- Up-to-date: /root/xline_path_planner/install/xline_path_planner/local/lib/python3.10/dist-packages/xline_path_planner/xline_path_planner_s__rosidl_typesupport_c.cpython-310-x86_64-linux-gnu.so
[3.046s] -- Up-to-date: /root/xline_path_planner/install/xline_path_planner/lib/libxline_path_planner__rosidl_generator_py.so
[3.047s] -- Up-to-date: /root/xline_path_planner/install/xline_path_planner/share/xline_path_planner/action/PlanPath.idl
[3.047s] -- Up-to-date: /root/xline_path_planner/install/xline_path_planner/share/xline_path_planner/action/PlanPath.action
[3.047s] -- Up-to-date: /root/xline_path_planner/install/xline_path_planner/share/ament_index/resource_index/package_run_dependencies/xline_path_planner
[3.048s] -- Installing: /root/xline_path_planner/install/xline_path_planner/share/ament_index/resource_index/parent_prefix_path/xline_path_planner
[3.048s] -- Up-to-date: /root/xline_path_planner/install/xline_path_planner/share/xline_path_planner/environment/ament_prefix_path.sh
[3.049s] -- Installing: /root/xline_path_planner/install/xline_path_planner/share/xline_path_planner/environment/ament_prefix_path.dsv
[3.050s] -- Up-to-date: /root/xline_path_planner/install/xline_path_planner/share/xline_path_planner/environment/path.sh
[3.050s] -- Installing: /root/xline_path_planner/install/xline_path_planner/share/xline_path_planner/environment/path.dsv
[3.050s] -- Up-to-date: /root/xline_path_planner/install/xline_path_planner/share/xline_path_planner/local_setup.bash
[3.050s] -- Up-to-date: /root/xline_path_planner/install/xline_path_planner/share/xline_path_planner/local_setup.sh
[3.051s] -- Up-to-date: /root/xline_path_planner/install/xline_path_planner/share/xline_path_planner/local_setup.zsh
[3.051s] -- Installing: /root/xline_path_planner/install/xline_path_planner/share/xline_path_planner/local_setup.dsv
[3.051s] -- Installing: /root/xline_path_planner/install/xline_path_planner/share/xline_path_planner/package.dsv
[3.052s] -- Up-to-date: /root/xline_path_planner/install/xline_path_planner/share/ament_index/resource_index/packages/xline_path_planner
[3.052s] -- Up-to-date: /root/xline_path_planner/install/xline_path_planner/share/xline_path_planner/cmake/export_xline_path_planner__rosidl_generator_cExport.cmake
[3.052s] -- Up-to-date: /root/xline_path_planner/install/xline_path_planner/share/xline_path_planner/cmake/export_xline_path_planner__rosidl_generator_cExport-release.cmake
[3.052s] -- Up-to-date: /root/xline_path_planner/install/xline_path_planner/share/xline_path_planner/cmake/export_xline_path_planner__rosidl_typesupport_fastrtps_cExport.cmake
[3.052s] -- Up-to-date: /root/xline_path_planner/install/xline_path_planner/share/xline_path_planner/cmake/export_xline_path_planner__rosidl_typesupport_fastrtps_cExport-release.cmake
[3.053s] -- Up-to-date: /root/xline_path_planner/install/xline_path_planner/share/xline_path_planner/cmake/export_xline_path_planner__rosidl_generator_cppExport.cmake
[3.053s] -- Up-to-date: /root/xline_path_planner/install/xline_path_planner/share/xline_path_planner/cmake/export_xline_path_planner__rosidl_typesupport_fastrtps_cppExport.cmake
[3.053s] -- Up-to-date: /root/xline_path_planner/install/xline_path_planner/share/xline_path_planner/cmake/export_xline_path_planner__rosidl_typesupport_fastrtps_cppExport-release.cmake
[3.054s] -- Up-to-date: /root/xline_path_planner/install/xline_path_planner/share/xline_path_planner/cmake/xline_path_planner__rosidl_typesupport_introspection_cExport.cmake
[3.054s] -- Up-to-date: /root/xline_path_planner/install/xline_path_planner/share/xline_path_planner/cmake/xline_path_planner__rosidl_typesupport_introspection_cExport-release.cmake
[3.054s] -- Up-to-date: /root/xline_path_planner/install/xline_path_planner/share/xline_path_planner/cmake/xline_path_planner__rosidl_typesupport_cExport.cmake
[3.055s] -- Up-to-date: /root/xline_path_planner/install/xline_path_planner/share/xline_path_planner/cmake/xline_path_planner__rosidl_typesupport_cExport-release.cmake
[3.055s] -- Up-to-date: /root/xline_path_planner/install/xline_path_planner/share/xline_path_planner/cmake/xline_path_planner__rosidl_typesupport_introspection_cppExport.cmake
[3.056s] -- Up-to-date: /root/xline_path_planner/install/xline_path_planner/share/xline_path_planner/cmake/xline_path_planner__rosidl_typesupport_introspection_cppExport-release.cmake
[3.056s] -- Up-to-date: /root/xline_path_planner/install/xline_path_planner/share/xline_path_planner/cmake/xline_path_planner__rosidl_typesupport_cppExport.cmake
[3.056s] -- Up-to-date: /root/xline_path_planner/install/xline_path_planner/share/xline_path_planner/cmake/xline_path_planner__rosidl_typesupport_cppExport-release.cmake
[3.056s] -- Up-to-date: /root/xline_path_planner/install/xline_path_planner/share/xline_path_planner/cmake/export_xline_path_planner__rosidl_generator_pyExport.cmake
[3.056s] -- Up-to-date: /root/xline_path_planner/install/xline_path_planner/share/xline_path_planner/cmake/export_xline_path_planner__rosidl_generator_pyExport-release.cmake
[3.056s] -- Up-to-date: /root/xline_path_planner/install/xline_path_planner/share/xline_path_planner/cmake/rosidl_cmake-extras.cmake
[3.056s] -- Up-to-date: /root/xline_path_planner/install/xline_path_planner/share/xline_path_planner/cmake/ament_cmake_export_dependencies-extras.cmake
[3.056s] -- Up-to-date: /root/xline_path_planner/install/xline_path_planner/share/xline_path_planner/cmake/ament_cmake_export_include_directories-extras.cmake
[3.057s] -- Up-to-date: /root/xline_path_planner/install/xline_path_planner/share/xline_path_planner/cmake/ament_cmake_export_libraries-extras.cmake
[3.057s] -- Up-to-date: /root/xline_path_planner/install/xline_path_planner/share/xline_path_planner/cmake/ament_cmake_export_targets-extras.cmake
[3.057s] -- Up-to-date: /root/xline_path_planner/install/xline_path_planner/share/xline_path_planner/cmake/rosidl_cmake_export_typesupport_targets-extras.cmake
[3.057s] -- Up-to-date: /root/xline_path_planner/install/xline_path_planner/share/xline_path_planner/cmake/rosidl_cmake_export_typesupport_libraries-extras.cmake
[3.057s] -- Up-to-date: /root/xline_path_planner/install/xline_path_planner/share/xline_path_planner/cmake/xline_path_plannerConfig.cmake
[3.057s] -- Up-to-date: /root/xline_path_planner/install/xline_path_planner/share/xline_path_planner/cmake/xline_path_plannerConfig-version.cmake
[3.057s] -- Up-to-date: /root/xline_path_planner/install/xline_path_planner/share/xline_path_planner/package.xml
[3.059s] Invoked command in '/root/xline_path_planner/build/xline_path_planner' returned '0': CMAKE_PREFIX_PATH=${CMAKE_PREFIX_PATH}:/opt/ros/humble /usr/bin/cmake --install /root/xline_path_planner/build/xline_path_planner
