[0.210s] DEBUG:colcon:Command line arguments: ['/usr/bin/colcon', 'build']
[0.210s] DEBUG:colcon:Parsed command line arguments: Namespace(log_base=None, log_level=None, verb_name='build', build_base='build', install_base='install', merge_install=False, symlink_install=False, test_result_base=None, continue_on_error=False, executor='parallel', parallel_workers=8, event_handlers=None, ignore_user_meta=False, metas=['./colcon.meta'], base_paths=['.'], packages_ignore=None, packages_ignore_regex=None, paths=None, packages_up_to=None, packages_up_to_regex=None, packages_above=None, packages_above_and_dependencies=None, packages_above_depth=None, packages_select_by_dep=None, packages_skip_by_dep=None, packages_skip_up_to=None, packages_select_build_failed=False, packages_skip_build_finished=False, packages_select_test_failures=False, packages_skip_test_passed=False, packages_select=None, packages_skip=None, packages_select_regex=None, packages_skip_regex=None, packages_start=None, packages_end=None, cmake_args=None, cmake_target=None, cmake_target_skip_unavailable=False, cmake_clean_cache=False, cmake_clean_first=False, cmake_force_configure=False, ament_cmake_args=None, catkin_cmake_args=None, catkin_skip_building_tests=False, mixin_files=None, mixin=None, verb_parser=<colcon_mixin.mixin.mixin_argument.MixinArgumentDecorator object at 0x7fe0cdd69f00>, verb_extension=<colcon_core.verb.build.BuildVerb object at 0x7fe0cdd69a50>, main=<bound method BuildVerb.main of <colcon_core.verb.build.BuildVerb object at 0x7fe0cdd69a50>>, mixin_verb=('build',))
[0.556s] Level 1:colcon.colcon_core.package_discovery:discover_packages(colcon_meta) check parameters
[0.556s] Level 1:colcon.colcon_core.package_discovery:discover_packages(recursive) check parameters
[0.556s] Level 1:colcon.colcon_core.package_discovery:discover_packages(ignore) check parameters
[0.557s] Level 1:colcon.colcon_core.package_discovery:discover_packages(path) check parameters
[0.557s] Level 1:colcon.colcon_core.package_discovery:discover_packages(colcon_meta) discover
[0.557s] Level 1:colcon.colcon_core.package_discovery:discover_packages(recursive) discover
[0.557s] INFO:colcon.colcon_core.package_discovery:Crawling recursively for packages in '/root/xline_path_planner'
[0.557s] Level 1:colcon.colcon_core.package_identification:_identify(.) by extensions ['ignore', 'ignore_ament_install']
[0.558s] Level 1:colcon.colcon_core.package_identification:_identify(.) by extension 'ignore'
[0.558s] Level 1:colcon.colcon_core.package_identification:_identify(.) by extension 'ignore_ament_install'
[0.558s] Level 1:colcon.colcon_core.package_identification:_identify(.) by extensions ['colcon_pkg']
[0.558s] Level 1:colcon.colcon_core.package_identification:_identify(.) by extension 'colcon_pkg'
[0.558s] Level 1:colcon.colcon_core.package_identification:_identify(.) by extensions ['colcon_meta']
[0.558s] Level 1:colcon.colcon_core.package_identification:_identify(.) by extension 'colcon_meta'
[0.558s] Level 1:colcon.colcon_core.package_identification:_identify(.) by extensions ['ros']
[0.558s] Level 1:colcon.colcon_core.package_identification:_identify(.) by extension 'ros'
[0.622s] Level 1:colcon.colcon_core.package_identification:_identify(.) by extensions ['cmake', 'python']
[0.622s] Level 1:colcon.colcon_core.package_identification:_identify(.) by extension 'cmake'
[0.622s] Level 1:colcon.colcon_core.package_identification:_identify(.) by extension 'python'
[0.623s] Level 1:colcon.colcon_core.package_identification:_identify(.) by extensions ['python_setup_py']
[0.623s] Level 1:colcon.colcon_core.package_identification:_identify(.) by extension 'python_setup_py'
[0.623s] Level 1:colcon.colcon_core.package_identification:_identify(build) by extensions ['ignore', 'ignore_ament_install']
[0.624s] Level 1:colcon.colcon_core.package_identification:_identify(build) by extension 'ignore'
[0.624s] Level 1:colcon.colcon_core.package_identification:_identify(build) ignored
[0.624s] Level 1:colcon.colcon_core.package_identification:_identify(cad_data) by extensions ['ignore', 'ignore_ament_install']
[0.625s] Level 1:colcon.colcon_core.package_identification:_identify(cad_data) by extension 'ignore'
[0.625s] Level 1:colcon.colcon_core.package_identification:_identify(cad_data) by extension 'ignore_ament_install'
[0.625s] Level 1:colcon.colcon_core.package_identification:_identify(cad_data) by extensions ['colcon_pkg']
[0.625s] Level 1:colcon.colcon_core.package_identification:_identify(cad_data) by extension 'colcon_pkg'
[0.625s] Level 1:colcon.colcon_core.package_identification:_identify(cad_data) by extensions ['colcon_meta']
[0.625s] Level 1:colcon.colcon_core.package_identification:_identify(cad_data) by extension 'colcon_meta'
[0.625s] Level 1:colcon.colcon_core.package_identification:_identify(cad_data) by extensions ['ros']
[0.625s] Level 1:colcon.colcon_core.package_identification:_identify(cad_data) by extension 'ros'
[0.625s] Level 1:colcon.colcon_core.package_identification:_identify(cad_data) by extensions ['cmake', 'python']
[0.625s] Level 1:colcon.colcon_core.package_identification:_identify(cad_data) by extension 'cmake'
[0.626s] Level 1:colcon.colcon_core.package_identification:_identify(cad_data) by extension 'python'
[0.626s] Level 1:colcon.colcon_core.package_identification:_identify(cad_data) by extensions ['python_setup_py']
[0.626s] Level 1:colcon.colcon_core.package_identification:_identify(cad_data) by extension 'python_setup_py'
[0.626s] Level 1:colcon.colcon_core.package_identification:_identify(docs) by extensions ['ignore', 'ignore_ament_install']
[0.626s] Level 1:colcon.colcon_core.package_identification:_identify(docs) by extension 'ignore'
[0.626s] Level 1:colcon.colcon_core.package_identification:_identify(docs) by extension 'ignore_ament_install'
[0.626s] Level 1:colcon.colcon_core.package_identification:_identify(docs) by extensions ['colcon_pkg']
[0.626s] Level 1:colcon.colcon_core.package_identification:_identify(docs) by extension 'colcon_pkg'
[0.626s] Level 1:colcon.colcon_core.package_identification:_identify(docs) by extensions ['colcon_meta']
[0.626s] Level 1:colcon.colcon_core.package_identification:_identify(docs) by extension 'colcon_meta'
[0.626s] Level 1:colcon.colcon_core.package_identification:_identify(docs) by extensions ['ros']
[0.626s] Level 1:colcon.colcon_core.package_identification:_identify(docs) by extension 'ros'
[0.627s] Level 1:colcon.colcon_core.package_identification:_identify(docs) by extensions ['cmake', 'python']
[0.627s] Level 1:colcon.colcon_core.package_identification:_identify(docs) by extension 'cmake'
[0.627s] Level 1:colcon.colcon_core.package_identification:_identify(docs) by extension 'python'
[0.627s] Level 1:colcon.colcon_core.package_identification:_identify(docs) by extensions ['python_setup_py']
[0.627s] Level 1:colcon.colcon_core.package_identification:_identify(docs) by extension 'python_setup_py'
[0.627s] Level 1:colcon.colcon_core.package_identification:_identify(install) by extensions ['ignore', 'ignore_ament_install']
[0.627s] Level 1:colcon.colcon_core.package_identification:_identify(install) by extension 'ignore'
[0.627s] Level 1:colcon.colcon_core.package_identification:_identify(install) ignored
[0.627s] Level 1:colcon.colcon_core.package_identification:_identify(log) by extensions ['ignore', 'ignore_ament_install']
[0.628s] Level 1:colcon.colcon_core.package_identification:_identify(log) by extension 'ignore'
[0.628s] Level 1:colcon.colcon_core.package_identification:_identify(log) ignored
[0.628s] Level 1:colcon.colcon_core.package_identification:_identify(path_visualizations) by extensions ['ignore', 'ignore_ament_install']
[0.628s] Level 1:colcon.colcon_core.package_identification:_identify(path_visualizations) by extension 'ignore'
[0.628s] Level 1:colcon.colcon_core.package_identification:_identify(path_visualizations) by extension 'ignore_ament_install'
[0.628s] Level 1:colcon.colcon_core.package_identification:_identify(path_visualizations) by extensions ['colcon_pkg']
[0.628s] Level 1:colcon.colcon_core.package_identification:_identify(path_visualizations) by extension 'colcon_pkg'
[0.628s] Level 1:colcon.colcon_core.package_identification:_identify(path_visualizations) by extensions ['colcon_meta']
[0.628s] Level 1:colcon.colcon_core.package_identification:_identify(path_visualizations) by extension 'colcon_meta'
[0.628s] Level 1:colcon.colcon_core.package_identification:_identify(path_visualizations) by extensions ['ros']
[0.629s] Level 1:colcon.colcon_core.package_identification:_identify(path_visualizations) by extension 'ros'
[0.629s] Level 1:colcon.colcon_core.package_identification:_identify(path_visualizations) by extensions ['cmake', 'python']
[0.629s] Level 1:colcon.colcon_core.package_identification:_identify(path_visualizations) by extension 'cmake'
[0.629s] Level 1:colcon.colcon_core.package_identification:_identify(path_visualizations) by extension 'python'
[0.629s] Level 1:colcon.colcon_core.package_identification:_identify(path_visualizations) by extensions ['python_setup_py']
[0.629s] Level 1:colcon.colcon_core.package_identification:_identify(path_visualizations) by extension 'python_setup_py'
[0.629s] Level 1:colcon.colcon_core.package_identification:_identify(xline_path_planner) by extensions ['ignore', 'ignore_ament_install']
[0.629s] Level 1:colcon.colcon_core.package_identification:_identify(xline_path_planner) by extension 'ignore'
[0.630s] Level 1:colcon.colcon_core.package_identification:_identify(xline_path_planner) by extension 'ignore_ament_install'
[0.630s] Level 1:colcon.colcon_core.package_identification:_identify(xline_path_planner) by extensions ['colcon_pkg']
[0.630s] Level 1:colcon.colcon_core.package_identification:_identify(xline_path_planner) by extension 'colcon_pkg'
[0.630s] Level 1:colcon.colcon_core.package_identification:_identify(xline_path_planner) by extensions ['colcon_meta']
[0.631s] Level 1:colcon.colcon_core.package_identification:_identify(xline_path_planner) by extension 'colcon_meta'
[0.631s] Level 1:colcon.colcon_core.package_identification:_identify(xline_path_planner) by extensions ['ros']
[0.631s] Level 1:colcon.colcon_core.package_identification:_identify(xline_path_planner) by extension 'ros'
[0.636s] DEBUG:colcon.colcon_core.package_identification:Package 'xline_path_planner' with type 'ros.ament_cmake' and name 'xline_path_planner'
[0.636s] Level 1:colcon.colcon_core.package_discovery:discover_packages(recursive) using defaults
[0.636s] Level 1:colcon.colcon_core.package_discovery:discover_packages(ignore) discover
[0.636s] Level 1:colcon.colcon_core.package_discovery:discover_packages(ignore) using defaults
[0.636s] Level 1:colcon.colcon_core.package_discovery:discover_packages(path) discover
[0.636s] Level 1:colcon.colcon_core.package_discovery:discover_packages(path) using defaults
[0.672s] Level 5:colcon.colcon_core.verb:set package 'xline_path_planner' build argument 'cmake_args' from command line to 'None'
[0.672s] Level 5:colcon.colcon_core.verb:set package 'xline_path_planner' build argument 'cmake_target' from command line to 'None'
[0.672s] Level 5:colcon.colcon_core.verb:set package 'xline_path_planner' build argument 'cmake_target_skip_unavailable' from command line to 'False'
[0.672s] Level 5:colcon.colcon_core.verb:set package 'xline_path_planner' build argument 'cmake_clean_cache' from command line to 'False'
[0.672s] Level 5:colcon.colcon_core.verb:set package 'xline_path_planner' build argument 'cmake_clean_first' from command line to 'False'
[0.672s] Level 5:colcon.colcon_core.verb:set package 'xline_path_planner' build argument 'cmake_force_configure' from command line to 'False'
[0.672s] Level 5:colcon.colcon_core.verb:set package 'xline_path_planner' build argument 'ament_cmake_args' from command line to 'None'
[0.672s] Level 5:colcon.colcon_core.verb:set package 'xline_path_planner' build argument 'catkin_cmake_args' from command line to 'None'
[0.673s] Level 5:colcon.colcon_core.verb:set package 'xline_path_planner' build argument 'catkin_skip_building_tests' from command line to 'False'
[0.673s] DEBUG:colcon.colcon_core.verb:Building package 'xline_path_planner' with the following arguments: {'ament_cmake_args': None, 'build_base': '/root/xline_path_planner/build/xline_path_planner', 'catkin_cmake_args': None, 'catkin_skip_building_tests': False, 'cmake_args': None, 'cmake_clean_cache': False, 'cmake_clean_first': False, 'cmake_force_configure': False, 'cmake_target': None, 'cmake_target_skip_unavailable': False, 'install_base': '/root/xline_path_planner/install/xline_path_planner', 'merge_install': False, 'path': '/root/xline_path_planner/xline_path_planner', 'symlink_install': False, 'test_result_base': None}
[0.673s] INFO:colcon.colcon_core.executor:Executing jobs using 'parallel' executor
[0.675s] DEBUG:colcon.colcon_parallel_executor.executor.parallel:run_until_complete
[0.675s] INFO:colcon.colcon_ros.task.ament_cmake.build:Building ROS package in '/root/xline_path_planner/xline_path_planner' with build type 'ament_cmake'
[0.675s] INFO:colcon.colcon_cmake.task.cmake.build:Building CMake package in '/root/xline_path_planner/xline_path_planner'
[0.683s] INFO:colcon.colcon_core.plugin_system:Skipping extension 'colcon_core.shell.bat': Not used on non-Windows systems
[0.683s] INFO:colcon.colcon_core.shell:Skip shell extension 'powershell' for command environment: Not usable outside of PowerShell
[0.684s] DEBUG:colcon.colcon_core.shell:Skip shell extension 'dsv' for command environment
[0.731s] DEBUG:colcon.colcon_core.event_handler.log_command:Invoking command in '/root/xline_path_planner/build/xline_path_planner': CMAKE_PREFIX_PATH=${CMAKE_PREFIX_PATH}:/opt/ros/humble /usr/bin/cmake --build /root/xline_path_planner/build/xline_path_planner -- -j8 -l8
[9.502s] DEBUG:colcon.colcon_core.event_handler.log_command:Invoked command in '/root/xline_path_planner/build/xline_path_planner' returned '0': CMAKE_PREFIX_PATH=${CMAKE_PREFIX_PATH}:/opt/ros/humble /usr/bin/cmake --build /root/xline_path_planner/build/xline_path_planner -- -j8 -l8
[9.540s] DEBUG:colcon.colcon_core.event_handler.log_command:Invoking command in '/root/xline_path_planner/build/xline_path_planner': CMAKE_PREFIX_PATH=${CMAKE_PREFIX_PATH}:/opt/ros/humble /usr/bin/cmake --install /root/xline_path_planner/build/xline_path_planner
[9.574s] Level 1:colcon.colcon_core.environment:create_environment_scripts_only(xline_path_planner)
[9.578s] DEBUG:colcon.colcon_core.event_handler.log_command:Invoked command in '/root/xline_path_planner/build/xline_path_planner' returned '0': CMAKE_PREFIX_PATH=${CMAKE_PREFIX_PATH}:/opt/ros/humble /usr/bin/cmake --install /root/xline_path_planner/build/xline_path_planner
[9.586s] Level 1:colcon.colcon_core.environment:checking '/root/xline_path_planner/install/xline_path_planner' for CMake module files
[9.588s] Level 1:colcon.colcon_core.environment:checking '/root/xline_path_planner/install/xline_path_planner' for CMake config files
[9.589s] Level 1:colcon.colcon_core.shell:create_environment_hook('xline_path_planner', 'cmake_prefix_path')
[9.590s] INFO:colcon.colcon_core.shell:Creating environment hook '/root/xline_path_planner/install/xline_path_planner/share/xline_path_planner/hook/cmake_prefix_path.ps1'
[9.593s] INFO:colcon.colcon_core.shell:Creating environment descriptor '/root/xline_path_planner/install/xline_path_planner/share/xline_path_planner/hook/cmake_prefix_path.dsv'
[9.594s] INFO:colcon.colcon_core.shell:Creating environment hook '/root/xline_path_planner/install/xline_path_planner/share/xline_path_planner/hook/cmake_prefix_path.sh'
[9.597s] Level 1:colcon.colcon_core.environment:checking '/root/xline_path_planner/install/xline_path_planner/lib'
[9.598s] Level 1:colcon.colcon_core.environment:checking '/root/xline_path_planner/install/xline_path_planner/bin'
[9.598s] Level 1:colcon.colcon_core.environment:checking '/root/xline_path_planner/install/xline_path_planner/lib/pkgconfig/xline_path_planner.pc'
[9.601s] Level 1:colcon.colcon_core.environment:checking '/root/xline_path_planner/install/xline_path_planner/lib/python3.10/site-packages'
[9.602s] Level 1:colcon.colcon_core.environment:checking '/root/xline_path_planner/install/xline_path_planner/bin'
[9.604s] INFO:colcon.colcon_core.shell:Creating package script '/root/xline_path_planner/install/xline_path_planner/share/xline_path_planner/package.ps1'
[9.606s] INFO:colcon.colcon_core.shell:Creating package descriptor '/root/xline_path_planner/install/xline_path_planner/share/xline_path_planner/package.dsv'
[9.607s] INFO:colcon.colcon_core.shell:Creating package script '/root/xline_path_planner/install/xline_path_planner/share/xline_path_planner/package.sh'
[9.609s] INFO:colcon.colcon_core.shell:Creating package script '/root/xline_path_planner/install/xline_path_planner/share/xline_path_planner/package.bash'
[9.612s] INFO:colcon.colcon_core.shell:Creating package script '/root/xline_path_planner/install/xline_path_planner/share/xline_path_planner/package.zsh'
[9.614s] Level 1:colcon.colcon_core.environment:create_file_with_runtime_dependencies(/root/xline_path_planner/install/xline_path_planner/share/colcon-core/packages/xline_path_planner)
[9.615s] Level 1:colcon.colcon_core.environment:create_environment_scripts_only(xline_path_planner)
[9.616s] Level 1:colcon.colcon_core.environment:checking '/root/xline_path_planner/install/xline_path_planner' for CMake module files
[9.617s] Level 1:colcon.colcon_core.environment:checking '/root/xline_path_planner/install/xline_path_planner' for CMake config files
[9.618s] Level 1:colcon.colcon_core.shell:create_environment_hook('xline_path_planner', 'cmake_prefix_path')
[9.618s] INFO:colcon.colcon_core.shell:Creating environment hook '/root/xline_path_planner/install/xline_path_planner/share/xline_path_planner/hook/cmake_prefix_path.ps1'
[9.619s] INFO:colcon.colcon_core.shell:Creating environment descriptor '/root/xline_path_planner/install/xline_path_planner/share/xline_path_planner/hook/cmake_prefix_path.dsv'
[9.620s] INFO:colcon.colcon_core.shell:Creating environment hook '/root/xline_path_planner/install/xline_path_planner/share/xline_path_planner/hook/cmake_prefix_path.sh'
[9.622s] Level 1:colcon.colcon_core.environment:checking '/root/xline_path_planner/install/xline_path_planner/lib'
[9.622s] Level 1:colcon.colcon_core.environment:checking '/root/xline_path_planner/install/xline_path_planner/bin'
[9.622s] Level 1:colcon.colcon_core.environment:checking '/root/xline_path_planner/install/xline_path_planner/lib/pkgconfig/xline_path_planner.pc'
[9.623s] Level 1:colcon.colcon_core.environment:checking '/root/xline_path_planner/install/xline_path_planner/lib/python3.10/site-packages'
[9.623s] Level 1:colcon.colcon_core.environment:checking '/root/xline_path_planner/install/xline_path_planner/bin'
[9.624s] INFO:colcon.colcon_core.shell:Creating package script '/root/xline_path_planner/install/xline_path_planner/share/xline_path_planner/package.ps1'
[9.625s] INFO:colcon.colcon_core.shell:Creating package descriptor '/root/xline_path_planner/install/xline_path_planner/share/xline_path_planner/package.dsv'
[9.628s] INFO:colcon.colcon_core.shell:Creating package script '/root/xline_path_planner/install/xline_path_planner/share/xline_path_planner/package.sh'
[9.631s] INFO:colcon.colcon_core.shell:Creating package script '/root/xline_path_planner/install/xline_path_planner/share/xline_path_planner/package.bash'
[9.633s] INFO:colcon.colcon_core.shell:Creating package script '/root/xline_path_planner/install/xline_path_planner/share/xline_path_planner/package.zsh'
[9.640s] Level 1:colcon.colcon_core.environment:create_file_with_runtime_dependencies(/root/xline_path_planner/install/xline_path_planner/share/colcon-core/packages/xline_path_planner)
[9.641s] DEBUG:colcon.colcon_parallel_executor.executor.parallel:closing loop
[9.642s] DEBUG:colcon.colcon_parallel_executor.executor.parallel:loop closed
[9.642s] DEBUG:colcon.colcon_parallel_executor.executor.parallel:run_until_complete finished with '0'
[9.642s] DEBUG:colcon.colcon_core.event_reactor:joining thread
[9.672s] INFO:colcon.colcon_core.plugin_system:Skipping extension 'colcon_notification.desktop_notification.notify_send': Could not find 'notify-send'
[9.673s] INFO:colcon.colcon_core.plugin_system:Skipping extension 'colcon_notification.desktop_notification.terminal_notifier': Not used on non-Darwin systems
[9.673s] INFO:colcon.colcon_core.plugin_system:Skipping extension 'colcon_notification.desktop_notification.win32': Not used on non-Windows systems
[9.673s] INFO:colcon.colcon_notification.desktop_notification:Sending desktop notification using 'notify2'
[9.686s] DEBUG:colcon.colcon_notification.desktop_notification.notify2:Failed to initialize notify2: org.freedesktop.DBus.Error.Spawn.ExecFailed: /usr/bin/dbus-launch terminated abnormally without any error message
[9.687s] DEBUG:colcon.colcon_core.event_reactor:joined thread
[9.690s] INFO:colcon.colcon_core.shell:Creating prefix script '/root/xline_path_planner/install/local_setup.ps1'
[9.694s] INFO:colcon.colcon_core.shell:Creating prefix util module '/root/xline_path_planner/install/_local_setup_util_ps1.py'
[9.700s] INFO:colcon.colcon_core.shell:Creating prefix chain script '/root/xline_path_planner/install/setup.ps1'
[9.704s] INFO:colcon.colcon_core.shell:Creating prefix script '/root/xline_path_planner/install/local_setup.sh'
[9.707s] INFO:colcon.colcon_core.shell:Creating prefix util module '/root/xline_path_planner/install/_local_setup_util_sh.py'
[9.710s] INFO:colcon.colcon_core.shell:Creating prefix chain script '/root/xline_path_planner/install/setup.sh'
[9.713s] INFO:colcon.colcon_core.shell:Creating prefix script '/root/xline_path_planner/install/local_setup.bash'
[9.715s] INFO:colcon.colcon_core.shell:Creating prefix chain script '/root/xline_path_planner/install/setup.bash'
[9.720s] INFO:colcon.colcon_core.shell:Creating prefix script '/root/xline_path_planner/install/local_setup.zsh'
[9.722s] INFO:colcon.colcon_core.shell:Creating prefix chain script '/root/xline_path_planner/install/setup.zsh'
