[0.026s] Invoking command in '/root/xline_path_planner/build/xline_path_planner': CMAKE_PREFIX_PATH=/opt/ros/humble /usr/bin/cmake /root/xline_path_planner/xline_path_planner -DCMAKE_INSTALL_PREFIX=/root/xline_path_planner/install/xline_path_planner
[0.041s] -- Found ament_cmake: 1.3.11 (/opt/ros/humble/share/ament_cmake/cmake)
[0.225s] -- Found rclcpp: 16.0.12 (/opt/ros/humble/share/rclcpp/cmake)
[0.272s] -- Found rosidl_generator_c: 3.1.6 (/opt/ros/humble/share/rosidl_generator_c/cmake)
[0.276s] -- Found rosidl_adapter: 3.1.6 (/opt/ros/humble/share/rosidl_adapter/cmake)
[0.286s] -- Found rosidl_generator_cpp: 3.1.6 (/opt/ros/humble/share/rosidl_generator_cpp/cmake)
[0.305s] -- Using all available rosidl_typesupport_c: rosidl_typesupport_fastrtps_c;rosidl_typesupport_introspection_c
[0.330s] -- Using all available rosidl_typesupport_cpp: rosidl_typesupport_fastrtps_cpp;rosidl_typesupport_introspection_cpp
[0.391s] -- Found rmw_implementation_cmake: 6.1.2 (/opt/ros/humble/share/rmw_implementation_cmake/cmake)
[0.393s] -- Found rmw_fastrtps_cpp: 6.2.7 (/opt/ros/humble/share/rmw_fastrtps_cpp/cmake)
[0.558s] -- Using RMW implementation 'rmw_fastrtps_cpp' as default
[0.670s] -- Found ament_lint_auto: 0.12.12 (/opt/ros/humble/share/ament_lint_auto/cmake)
[0.796s] -- Added test 'cppcheck' to perform static code analysis on C / C++ code
[0.797s] -- Configured cppcheck include dirs: $<BUILD_INTERFACE:/root/xline_path_planner/xline_path_planner/include>
[0.797s] -- Configured cppcheck exclude dirs and/or files: 
[0.797s] -- Added test 'lint_cmake' to check CMake code style
[0.799s] -- Added test 'uncrustify' to check C / C++ code style
[0.799s] -- Configured uncrustify additional arguments: 
[0.799s] -- Added test 'xmllint' to check XML markup files
[0.801s] -- Configuring done
[0.820s] -- Generating done
[0.829s] -- Build files have been written to: /root/xline_path_planner/build/xline_path_planner
[0.849s] Invoked command in '/root/xline_path_planner/build/xline_path_planner' returned '0': CMAKE_PREFIX_PATH=/opt/ros/humble /usr/bin/cmake /root/xline_path_planner/xline_path_planner -DCMAKE_INSTALL_PREFIX=/root/xline_path_planner/install/xline_path_planner
[0.850s] Invoking command in '/root/xline_path_planner/build/xline_path_planner': CMAKE_PREFIX_PATH=/opt/ros/humble /usr/bin/cmake --build /root/xline_path_planner/build/xline_path_planner -- -j8 -l8
[0.907s] [35m[1mConsolidate compiler generated dependencies of target planner_node[0m
[0.944s] [100%] Built target planner_node
[0.959s] Invoked command in '/root/xline_path_planner/build/xline_path_planner' returned '0': CMAKE_PREFIX_PATH=/opt/ros/humble /usr/bin/cmake --build /root/xline_path_planner/build/xline_path_planner -- -j8 -l8
[0.973s] Invoking command in '/root/xline_path_planner/build/xline_path_planner': CMAKE_PREFIX_PATH=/opt/ros/humble /usr/bin/cmake --install /root/xline_path_planner/build/xline_path_planner
[0.982s] -- Install configuration: "Release"
[0.982s] -- Up-to-date: /root/xline_path_planner/install/xline_path_planner/lib/xline_path_planner/planner_node
[0.983s] -- Up-to-date: /root/xline_path_planner/install/xline_path_planner/share/xline_path_planner/config
[0.983s] -- Up-to-date: /root/xline_path_planner/install/xline_path_planner/share/xline_path_planner/config/planner.yaml
[0.983s] -- Up-to-date: /root/xline_path_planner/install/xline_path_planner/share/ament_index/resource_index/package_run_dependencies/xline_path_planner
[0.983s] -- Up-to-date: /root/xline_path_planner/install/xline_path_planner/share/ament_index/resource_index/parent_prefix_path/xline_path_planner
[0.984s] -- Up-to-date: /root/xline_path_planner/install/xline_path_planner/share/xline_path_planner/environment/ament_prefix_path.sh
[0.984s] -- Installing: /root/xline_path_planner/install/xline_path_planner/share/xline_path_planner/environment/ament_prefix_path.dsv
[0.984s] -- Up-to-date: /root/xline_path_planner/install/xline_path_planner/share/xline_path_planner/environment/path.sh
[0.984s] -- Installing: /root/xline_path_planner/install/xline_path_planner/share/xline_path_planner/environment/path.dsv
[0.984s] -- Up-to-date: /root/xline_path_planner/install/xline_path_planner/share/xline_path_planner/local_setup.bash
[0.985s] -- Up-to-date: /root/xline_path_planner/install/xline_path_planner/share/xline_path_planner/local_setup.sh
[0.985s] -- Up-to-date: /root/xline_path_planner/install/xline_path_planner/share/xline_path_planner/local_setup.zsh
[0.985s] -- Installing: /root/xline_path_planner/install/xline_path_planner/share/xline_path_planner/local_setup.dsv
[0.985s] -- Installing: /root/xline_path_planner/install/xline_path_planner/share/xline_path_planner/package.dsv
[0.985s] -- Up-to-date: /root/xline_path_planner/install/xline_path_planner/share/ament_index/resource_index/packages/xline_path_planner
[0.985s] -- Up-to-date: /root/xline_path_planner/install/xline_path_planner/share/xline_path_planner/cmake/xline_path_plannerConfig.cmake
[0.985s] -- Up-to-date: /root/xline_path_planner/install/xline_path_planner/share/xline_path_planner/cmake/xline_path_plannerConfig-version.cmake
[0.985s] -- Up-to-date: /root/xline_path_planner/install/xline_path_planner/share/xline_path_planner/package.xml
[0.987s] Invoked command in '/root/xline_path_planner/build/xline_path_planner' returned '0': CMAKE_PREFIX_PATH=/opt/ros/humble /usr/bin/cmake --install /root/xline_path_planner/build/xline_path_planner
