[0.177s] DEBUG:colcon:Command line arguments: ['/usr/bin/colcon', 'build', '--packages-select', 'xline_path_planner', '--cmake-args', '-DCMAKE_BUILD_TYPE=Release']
[0.177s] DEBUG:colcon:Parsed command line arguments: Namespace(log_base=None, log_level=None, verb_name='build', build_base='build', install_base='install', merge_install=False, symlink_install=False, test_result_base=None, continue_on_error=False, executor='parallel', parallel_workers=8, event_handlers=None, ignore_user_meta=False, metas=['./colcon.meta'], base_paths=['.'], packages_ignore=None, packages_ignore_regex=None, paths=None, packages_up_to=None, packages_up_to_regex=None, packages_above=None, packages_above_and_dependencies=None, packages_above_depth=None, packages_select_by_dep=None, packages_skip_by_dep=None, packages_skip_up_to=None, packages_select_build_failed=False, packages_skip_build_finished=False, packages_select_test_failures=False, packages_skip_test_passed=False, packages_select=['xline_path_planner'], packages_skip=None, packages_select_regex=None, packages_skip_regex=None, packages_start=None, packages_end=None, cmake_args=['-DCMAKE_BUILD_TYPE=Release'], cmake_target=None, cmake_target_skip_unavailable=False, cmake_clean_cache=False, cmake_clean_first=False, cmake_force_configure=False, ament_cmake_args=None, catkin_cmake_args=None, catkin_skip_building_tests=False, mixin_files=None, mixin=None, verb_parser=<colcon_mixin.mixin.mixin_argument.MixinArgumentDecorator object at 0x7f9420851e10>, verb_extension=<colcon_core.verb.build.BuildVerb object at 0x7f9420851960>, main=<bound method BuildVerb.main of <colcon_core.verb.build.BuildVerb object at 0x7f9420851960>>, mixin_verb=('build',))
[0.509s] Level 1:colcon.colcon_core.package_discovery:discover_packages(colcon_meta) check parameters
[0.509s] Level 1:colcon.colcon_core.package_discovery:discover_packages(recursive) check parameters
[0.509s] Level 1:colcon.colcon_core.package_discovery:discover_packages(ignore) check parameters
[0.509s] Level 1:colcon.colcon_core.package_discovery:discover_packages(path) check parameters
[0.509s] Level 1:colcon.colcon_core.package_discovery:discover_packages(colcon_meta) discover
[0.509s] Level 1:colcon.colcon_core.package_discovery:discover_packages(recursive) discover
[0.509s] INFO:colcon.colcon_core.package_discovery:Crawling recursively for packages in '/root/xline_path_planner'
[0.509s] Level 1:colcon.colcon_core.package_identification:_identify(.) by extensions ['ignore', 'ignore_ament_install']
[0.509s] Level 1:colcon.colcon_core.package_identification:_identify(.) by extension 'ignore'
[0.509s] Level 1:colcon.colcon_core.package_identification:_identify(.) by extension 'ignore_ament_install'
[0.510s] Level 1:colcon.colcon_core.package_identification:_identify(.) by extensions ['colcon_pkg']
[0.510s] Level 1:colcon.colcon_core.package_identification:_identify(.) by extension 'colcon_pkg'
[0.510s] Level 1:colcon.colcon_core.package_identification:_identify(.) by extensions ['colcon_meta']
[0.510s] Level 1:colcon.colcon_core.package_identification:_identify(.) by extension 'colcon_meta'
[0.510s] Level 1:colcon.colcon_core.package_identification:_identify(.) by extensions ['ros']
[0.510s] Level 1:colcon.colcon_core.package_identification:_identify(.) by extension 'ros'
[0.576s] Level 1:colcon.colcon_core.package_identification:_identify(.) by extensions ['cmake', 'python']
[0.576s] Level 1:colcon.colcon_core.package_identification:_identify(.) by extension 'cmake'
[0.577s] Level 1:colcon.colcon_core.package_identification:_identify(.) by extension 'python'
[0.577s] Level 1:colcon.colcon_core.package_identification:_identify(.) by extensions ['python_setup_py']
[0.577s] Level 1:colcon.colcon_core.package_identification:_identify(.) by extension 'python_setup_py'
[0.577s] Level 1:colcon.colcon_core.package_identification:_identify(build) by extensions ['ignore', 'ignore_ament_install']
[0.578s] Level 1:colcon.colcon_core.package_identification:_identify(build) by extension 'ignore'
[0.578s] Level 1:colcon.colcon_core.package_identification:_identify(build) ignored
[0.578s] Level 1:colcon.colcon_core.package_identification:_identify(cad_data) by extensions ['ignore', 'ignore_ament_install']
[0.578s] Level 1:colcon.colcon_core.package_identification:_identify(cad_data) by extension 'ignore'
[0.578s] Level 1:colcon.colcon_core.package_identification:_identify(cad_data) by extension 'ignore_ament_install'
[0.578s] Level 1:colcon.colcon_core.package_identification:_identify(cad_data) by extensions ['colcon_pkg']
[0.578s] Level 1:colcon.colcon_core.package_identification:_identify(cad_data) by extension 'colcon_pkg'
[0.579s] Level 1:colcon.colcon_core.package_identification:_identify(cad_data) by extensions ['colcon_meta']
[0.579s] Level 1:colcon.colcon_core.package_identification:_identify(cad_data) by extension 'colcon_meta'
[0.579s] Level 1:colcon.colcon_core.package_identification:_identify(cad_data) by extensions ['ros']
[0.579s] Level 1:colcon.colcon_core.package_identification:_identify(cad_data) by extension 'ros'
[0.579s] Level 1:colcon.colcon_core.package_identification:_identify(cad_data) by extensions ['cmake', 'python']
[0.579s] Level 1:colcon.colcon_core.package_identification:_identify(cad_data) by extension 'cmake'
[0.579s] Level 1:colcon.colcon_core.package_identification:_identify(cad_data) by extension 'python'
[0.579s] Level 1:colcon.colcon_core.package_identification:_identify(cad_data) by extensions ['python_setup_py']
[0.579s] Level 1:colcon.colcon_core.package_identification:_identify(cad_data) by extension 'python_setup_py'
[0.579s] Level 1:colcon.colcon_core.package_identification:_identify(docs) by extensions ['ignore', 'ignore_ament_install']
[0.580s] Level 1:colcon.colcon_core.package_identification:_identify(docs) by extension 'ignore'
[0.580s] Level 1:colcon.colcon_core.package_identification:_identify(docs) by extension 'ignore_ament_install'
[0.580s] Level 1:colcon.colcon_core.package_identification:_identify(docs) by extensions ['colcon_pkg']
[0.580s] Level 1:colcon.colcon_core.package_identification:_identify(docs) by extension 'colcon_pkg'
[0.580s] Level 1:colcon.colcon_core.package_identification:_identify(docs) by extensions ['colcon_meta']
[0.580s] Level 1:colcon.colcon_core.package_identification:_identify(docs) by extension 'colcon_meta'
[0.580s] Level 1:colcon.colcon_core.package_identification:_identify(docs) by extensions ['ros']
[0.580s] Level 1:colcon.colcon_core.package_identification:_identify(docs) by extension 'ros'
[0.580s] Level 1:colcon.colcon_core.package_identification:_identify(docs) by extensions ['cmake', 'python']
[0.580s] Level 1:colcon.colcon_core.package_identification:_identify(docs) by extension 'cmake'
[0.580s] Level 1:colcon.colcon_core.package_identification:_identify(docs) by extension 'python'
[0.581s] Level 1:colcon.colcon_core.package_identification:_identify(docs) by extensions ['python_setup_py']
[0.581s] Level 1:colcon.colcon_core.package_identification:_identify(docs) by extension 'python_setup_py'
[0.581s] Level 1:colcon.colcon_core.package_identification:_identify(install) by extensions ['ignore', 'ignore_ament_install']
[0.581s] Level 1:colcon.colcon_core.package_identification:_identify(install) by extension 'ignore'
[0.581s] Level 1:colcon.colcon_core.package_identification:_identify(install) ignored
[0.581s] Level 1:colcon.colcon_core.package_identification:_identify(log) by extensions ['ignore', 'ignore_ament_install']
[0.581s] Level 1:colcon.colcon_core.package_identification:_identify(log) by extension 'ignore'
[0.581s] Level 1:colcon.colcon_core.package_identification:_identify(log) ignored
[0.582s] Level 1:colcon.colcon_core.package_identification:_identify(path_visualizations) by extensions ['ignore', 'ignore_ament_install']
[0.582s] Level 1:colcon.colcon_core.package_identification:_identify(path_visualizations) by extension 'ignore'
[0.582s] Level 1:colcon.colcon_core.package_identification:_identify(path_visualizations) by extension 'ignore_ament_install'
[0.582s] Level 1:colcon.colcon_core.package_identification:_identify(path_visualizations) by extensions ['colcon_pkg']
[0.582s] Level 1:colcon.colcon_core.package_identification:_identify(path_visualizations) by extension 'colcon_pkg'
[0.582s] Level 1:colcon.colcon_core.package_identification:_identify(path_visualizations) by extensions ['colcon_meta']
[0.582s] Level 1:colcon.colcon_core.package_identification:_identify(path_visualizations) by extension 'colcon_meta'
[0.582s] Level 1:colcon.colcon_core.package_identification:_identify(path_visualizations) by extensions ['ros']
[0.582s] Level 1:colcon.colcon_core.package_identification:_identify(path_visualizations) by extension 'ros'
[0.582s] Level 1:colcon.colcon_core.package_identification:_identify(path_visualizations) by extensions ['cmake', 'python']
[0.582s] Level 1:colcon.colcon_core.package_identification:_identify(path_visualizations) by extension 'cmake'
[0.582s] Level 1:colcon.colcon_core.package_identification:_identify(path_visualizations) by extension 'python'
[0.582s] Level 1:colcon.colcon_core.package_identification:_identify(path_visualizations) by extensions ['python_setup_py']
[0.583s] Level 1:colcon.colcon_core.package_identification:_identify(path_visualizations) by extension 'python_setup_py'
[0.583s] Level 1:colcon.colcon_core.package_identification:_identify(xline_path_planner) by extensions ['ignore', 'ignore_ament_install']
[0.583s] Level 1:colcon.colcon_core.package_identification:_identify(xline_path_planner) by extension 'ignore'
[0.583s] Level 1:colcon.colcon_core.package_identification:_identify(xline_path_planner) by extension 'ignore_ament_install'
[0.583s] Level 1:colcon.colcon_core.package_identification:_identify(xline_path_planner) by extensions ['colcon_pkg']
[0.583s] Level 1:colcon.colcon_core.package_identification:_identify(xline_path_planner) by extension 'colcon_pkg'
[0.583s] Level 1:colcon.colcon_core.package_identification:_identify(xline_path_planner) by extensions ['colcon_meta']
[0.583s] Level 1:colcon.colcon_core.package_identification:_identify(xline_path_planner) by extension 'colcon_meta'
[0.583s] Level 1:colcon.colcon_core.package_identification:_identify(xline_path_planner) by extensions ['ros']
[0.583s] Level 1:colcon.colcon_core.package_identification:_identify(xline_path_planner) by extension 'ros'
[0.590s] DEBUG:colcon.colcon_core.package_identification:Package 'xline_path_planner' with type 'ros.ament_cmake' and name 'xline_path_planner'
[0.590s] Level 1:colcon.colcon_core.package_discovery:discover_packages(recursive) using defaults
[0.590s] Level 1:colcon.colcon_core.package_discovery:discover_packages(ignore) discover
[0.590s] Level 1:colcon.colcon_core.package_discovery:discover_packages(ignore) using defaults
[0.590s] Level 1:colcon.colcon_core.package_discovery:discover_packages(path) discover
[0.590s] Level 1:colcon.colcon_core.package_discovery:discover_packages(path) using defaults
[0.622s] Level 5:colcon.colcon_core.verb:set package 'xline_path_planner' build argument 'cmake_args' from command line to '['-DCMAKE_BUILD_TYPE=Release']'
[0.623s] Level 5:colcon.colcon_core.verb:set package 'xline_path_planner' build argument 'cmake_target' from command line to 'None'
[0.623s] Level 5:colcon.colcon_core.verb:set package 'xline_path_planner' build argument 'cmake_target_skip_unavailable' from command line to 'False'
[0.623s] Level 5:colcon.colcon_core.verb:set package 'xline_path_planner' build argument 'cmake_clean_cache' from command line to 'False'
[0.623s] Level 5:colcon.colcon_core.verb:set package 'xline_path_planner' build argument 'cmake_clean_first' from command line to 'False'
[0.623s] Level 5:colcon.colcon_core.verb:set package 'xline_path_planner' build argument 'cmake_force_configure' from command line to 'False'
[0.623s] Level 5:colcon.colcon_core.verb:set package 'xline_path_planner' build argument 'ament_cmake_args' from command line to 'None'
[0.623s] Level 5:colcon.colcon_core.verb:set package 'xline_path_planner' build argument 'catkin_cmake_args' from command line to 'None'
[0.623s] Level 5:colcon.colcon_core.verb:set package 'xline_path_planner' build argument 'catkin_skip_building_tests' from command line to 'False'
[0.623s] DEBUG:colcon.colcon_core.verb:Building package 'xline_path_planner' with the following arguments: {'ament_cmake_args': None, 'build_base': '/root/xline_path_planner/build/xline_path_planner', 'catkin_cmake_args': None, 'catkin_skip_building_tests': False, 'cmake_args': ['-DCMAKE_BUILD_TYPE=Release'], 'cmake_clean_cache': False, 'cmake_clean_first': False, 'cmake_force_configure': False, 'cmake_target': None, 'cmake_target_skip_unavailable': False, 'install_base': '/root/xline_path_planner/install/xline_path_planner', 'merge_install': False, 'path': '/root/xline_path_planner/xline_path_planner', 'symlink_install': False, 'test_result_base': None}
[0.623s] INFO:colcon.colcon_core.executor:Executing jobs using 'parallel' executor
[0.625s] DEBUG:colcon.colcon_parallel_executor.executor.parallel:run_until_complete
[0.625s] INFO:colcon.colcon_ros.task.ament_cmake.build:Building ROS package in '/root/xline_path_planner/xline_path_planner' with build type 'ament_cmake'
[0.625s] INFO:colcon.colcon_cmake.task.cmake.build:Building CMake package in '/root/xline_path_planner/xline_path_planner'
[0.631s] INFO:colcon.colcon_core.plugin_system:Skipping extension 'colcon_core.shell.bat': Not used on non-Windows systems
[0.631s] INFO:colcon.colcon_core.shell:Skip shell extension 'powershell' for command environment: Not usable outside of PowerShell
[0.632s] DEBUG:colcon.colcon_core.shell:Skip shell extension 'dsv' for command environment
[0.661s] DEBUG:colcon.colcon_core.event_handler.log_command:Invoking command in '/root/xline_path_planner/build/xline_path_planner': CMAKE_PREFIX_PATH=/opt/ros/humble /usr/bin/cmake --build /root/xline_path_planner/build/xline_path_planner -- -j8 -l8
[1.742s] DEBUG:colcon.colcon_core.event_handler.log_command:Invoked command in '/root/xline_path_planner/build/xline_path_planner' returned '0': CMAKE_PREFIX_PATH=/opt/ros/humble /usr/bin/cmake --build /root/xline_path_planner/build/xline_path_planner -- -j8 -l8
[1.756s] DEBUG:colcon.colcon_core.event_handler.log_command:Invoking command in '/root/xline_path_planner/build/xline_path_planner': CMAKE_PREFIX_PATH=/opt/ros/humble /usr/bin/cmake --install /root/xline_path_planner/build/xline_path_planner
[1.774s] Level 1:colcon.colcon_core.environment:create_environment_scripts_only(xline_path_planner)
[1.775s] DEBUG:colcon.colcon_core.event_handler.log_command:Invoked command in '/root/xline_path_planner/build/xline_path_planner' returned '0': CMAKE_PREFIX_PATH=/opt/ros/humble /usr/bin/cmake --install /root/xline_path_planner/build/xline_path_planner
[1.778s] Level 1:colcon.colcon_core.environment:checking '/root/xline_path_planner/install/xline_path_planner' for CMake module files
[1.779s] Level 1:colcon.colcon_core.environment:checking '/root/xline_path_planner/install/xline_path_planner' for CMake config files
[1.780s] Level 1:colcon.colcon_core.shell:create_environment_hook('xline_path_planner', 'cmake_prefix_path')
[1.780s] INFO:colcon.colcon_core.shell:Creating environment hook '/root/xline_path_planner/install/xline_path_planner/share/xline_path_planner/hook/cmake_prefix_path.ps1'
[1.781s] INFO:colcon.colcon_core.shell:Creating environment descriptor '/root/xline_path_planner/install/xline_path_planner/share/xline_path_planner/hook/cmake_prefix_path.dsv'
[1.782s] INFO:colcon.colcon_core.shell:Creating environment hook '/root/xline_path_planner/install/xline_path_planner/share/xline_path_planner/hook/cmake_prefix_path.sh'
[1.783s] Level 1:colcon.colcon_core.environment:checking '/root/xline_path_planner/install/xline_path_planner/lib'
[1.783s] Level 1:colcon.colcon_core.environment:checking '/root/xline_path_planner/install/xline_path_planner/bin'
[1.783s] Level 1:colcon.colcon_core.environment:checking '/root/xline_path_planner/install/xline_path_planner/lib/pkgconfig/xline_path_planner.pc'
[1.787s] Level 1:colcon.colcon_core.environment:checking '/root/xline_path_planner/install/xline_path_planner/lib/python3.10/site-packages'
[1.787s] Level 1:colcon.colcon_core.environment:checking '/root/xline_path_planner/install/xline_path_planner/bin'
[1.788s] INFO:colcon.colcon_core.shell:Creating package script '/root/xline_path_planner/install/xline_path_planner/share/xline_path_planner/package.ps1'
[1.789s] INFO:colcon.colcon_core.shell:Creating package descriptor '/root/xline_path_planner/install/xline_path_planner/share/xline_path_planner/package.dsv'
[1.790s] INFO:colcon.colcon_core.shell:Creating package script '/root/xline_path_planner/install/xline_path_planner/share/xline_path_planner/package.sh'
[1.791s] INFO:colcon.colcon_core.shell:Creating package script '/root/xline_path_planner/install/xline_path_planner/share/xline_path_planner/package.bash'
[1.793s] INFO:colcon.colcon_core.shell:Creating package script '/root/xline_path_planner/install/xline_path_planner/share/xline_path_planner/package.zsh'
[1.794s] Level 1:colcon.colcon_core.environment:create_file_with_runtime_dependencies(/root/xline_path_planner/install/xline_path_planner/share/colcon-core/packages/xline_path_planner)
[1.795s] Level 1:colcon.colcon_core.environment:create_environment_scripts_only(xline_path_planner)
[1.796s] Level 1:colcon.colcon_core.environment:checking '/root/xline_path_planner/install/xline_path_planner' for CMake module files
[1.797s] Level 1:colcon.colcon_core.environment:checking '/root/xline_path_planner/install/xline_path_planner' for CMake config files
[1.797s] Level 1:colcon.colcon_core.shell:create_environment_hook('xline_path_planner', 'cmake_prefix_path')
[1.797s] INFO:colcon.colcon_core.shell:Creating environment hook '/root/xline_path_planner/install/xline_path_planner/share/xline_path_planner/hook/cmake_prefix_path.ps1'
[1.798s] INFO:colcon.colcon_core.shell:Creating environment descriptor '/root/xline_path_planner/install/xline_path_planner/share/xline_path_planner/hook/cmake_prefix_path.dsv'
[1.799s] INFO:colcon.colcon_core.shell:Creating environment hook '/root/xline_path_planner/install/xline_path_planner/share/xline_path_planner/hook/cmake_prefix_path.sh'
[1.799s] Level 1:colcon.colcon_core.environment:checking '/root/xline_path_planner/install/xline_path_planner/lib'
[1.799s] Level 1:colcon.colcon_core.environment:checking '/root/xline_path_planner/install/xline_path_planner/bin'
[1.800s] Level 1:colcon.colcon_core.environment:checking '/root/xline_path_planner/install/xline_path_planner/lib/pkgconfig/xline_path_planner.pc'
[1.800s] Level 1:colcon.colcon_core.environment:checking '/root/xline_path_planner/install/xline_path_planner/lib/python3.10/site-packages'
[1.801s] Level 1:colcon.colcon_core.environment:checking '/root/xline_path_planner/install/xline_path_planner/bin'
[1.802s] INFO:colcon.colcon_core.shell:Creating package script '/root/xline_path_planner/install/xline_path_planner/share/xline_path_planner/package.ps1'
[1.803s] INFO:colcon.colcon_core.shell:Creating package descriptor '/root/xline_path_planner/install/xline_path_planner/share/xline_path_planner/package.dsv'
[1.804s] INFO:colcon.colcon_core.shell:Creating package script '/root/xline_path_planner/install/xline_path_planner/share/xline_path_planner/package.sh'
[1.805s] INFO:colcon.colcon_core.shell:Creating package script '/root/xline_path_planner/install/xline_path_planner/share/xline_path_planner/package.bash'
[1.805s] INFO:colcon.colcon_core.shell:Creating package script '/root/xline_path_planner/install/xline_path_planner/share/xline_path_planner/package.zsh'
[1.806s] Level 1:colcon.colcon_core.environment:create_file_with_runtime_dependencies(/root/xline_path_planner/install/xline_path_planner/share/colcon-core/packages/xline_path_planner)
[1.807s] DEBUG:colcon.colcon_parallel_executor.executor.parallel:closing loop
[1.807s] DEBUG:colcon.colcon_parallel_executor.executor.parallel:loop closed
[1.807s] DEBUG:colcon.colcon_parallel_executor.executor.parallel:run_until_complete finished with '0'
[1.807s] DEBUG:colcon.colcon_core.event_reactor:joining thread
[1.816s] INFO:colcon.colcon_core.plugin_system:Skipping extension 'colcon_notification.desktop_notification.notify_send': Could not find 'notify-send'
[1.816s] INFO:colcon.colcon_core.plugin_system:Skipping extension 'colcon_notification.desktop_notification.terminal_notifier': Not used on non-Darwin systems
[1.816s] INFO:colcon.colcon_core.plugin_system:Skipping extension 'colcon_notification.desktop_notification.win32': Not used on non-Windows systems
[1.816s] INFO:colcon.colcon_notification.desktop_notification:Sending desktop notification using 'notify2'
[1.820s] DEBUG:colcon.colcon_notification.desktop_notification.notify2:Failed to initialize notify2: org.freedesktop.DBus.Error.Spawn.ExecFailed: /usr/bin/dbus-launch terminated abnormally without any error message
[1.821s] DEBUG:colcon.colcon_core.event_reactor:joined thread
[1.822s] INFO:colcon.colcon_core.shell:Creating prefix script '/root/xline_path_planner/install/local_setup.ps1'
[1.825s] INFO:colcon.colcon_core.shell:Creating prefix util module '/root/xline_path_planner/install/_local_setup_util_ps1.py'
[1.829s] INFO:colcon.colcon_core.shell:Creating prefix chain script '/root/xline_path_planner/install/setup.ps1'
[1.831s] INFO:colcon.colcon_core.shell:Creating prefix script '/root/xline_path_planner/install/local_setup.sh'
[1.832s] INFO:colcon.colcon_core.shell:Creating prefix util module '/root/xline_path_planner/install/_local_setup_util_sh.py'
[1.833s] INFO:colcon.colcon_core.shell:Creating prefix chain script '/root/xline_path_planner/install/setup.sh'
[1.836s] INFO:colcon.colcon_core.shell:Creating prefix script '/root/xline_path_planner/install/local_setup.bash'
[1.838s] INFO:colcon.colcon_core.shell:Creating prefix chain script '/root/xline_path_planner/install/setup.bash'
[1.839s] INFO:colcon.colcon_core.shell:Creating prefix script '/root/xline_path_planner/install/local_setup.zsh'
[1.840s] INFO:colcon.colcon_core.shell:Creating prefix chain script '/root/xline_path_planner/install/setup.zsh'
