[35m[1mConsolidate compiler generated dependencies of target planner_node[0m
[ 14%] [32mBuilding CXX object CMakeFiles/planner_node.dir/src/main.cpp.o[0m
[ 28%] [32mBuilding CXX object CMakeFiles/planner_node.dir/src/trajectory_generator.cpp.o[0m
[ 42%] [32mBuilding CXX object CMakeFiles/planner_node.dir/src/cad_parser.cpp.o[0m
[ 71%] [32mBuilding CXX object CMakeFiles/planner_node.dir/src/grid_map_generator.cpp.o[0m
[ 71%] [32mBuilding CXX object CMakeFiles/planner_node.dir/src/path_planner.cpp.o[0m
[ 85%] [32mBuilding CXX object CMakeFiles/planner_node.dir/src/output_formatter.cpp.o[0m
[100%] [32m[1mLinking CXX executable planner_node[0m
[100%] Built target planner_node
-- Install configuration: ""
-- Installing: /root/xline_path_planner/install/xline_path_planner/lib/xline_path_planner/planner_node
-- Set runtime path of "/root/xline_path_planner/install/xline_path_planner/lib/xline_path_planner/planner_node" to ""
-- Up-to-date: /root/xline_path_planner/install/xline_path_planner/share/ament_index/resource_index/package_run_dependencies/xline_path_planner
-- Up-to-date: /root/xline_path_planner/install/xline_path_planner/share/ament_index/resource_index/parent_prefix_path/xline_path_planner
-- Up-to-date: /root/xline_path_planner/install/xline_path_planner/share/xline_path_planner/environment/ament_prefix_path.sh
-- Up-to-date: /root/xline_path_planner/install/xline_path_planner/share/xline_path_planner/environment/ament_prefix_path.dsv
-- Up-to-date: /root/xline_path_planner/install/xline_path_planner/share/xline_path_planner/environment/path.sh
-- Up-to-date: /root/xline_path_planner/install/xline_path_planner/share/xline_path_planner/environment/path.dsv
-- Up-to-date: /root/xline_path_planner/install/xline_path_planner/share/xline_path_planner/local_setup.bash
-- Up-to-date: /root/xline_path_planner/install/xline_path_planner/share/xline_path_planner/local_setup.sh
-- Up-to-date: /root/xline_path_planner/install/xline_path_planner/share/xline_path_planner/local_setup.zsh
-- Up-to-date: /root/xline_path_planner/install/xline_path_planner/share/xline_path_planner/local_setup.dsv
-- Installing: /root/xline_path_planner/install/xline_path_planner/share/xline_path_planner/package.dsv
-- Up-to-date: /root/xline_path_planner/install/xline_path_planner/share/ament_index/resource_index/packages/xline_path_planner
-- Up-to-date: /root/xline_path_planner/install/xline_path_planner/share/xline_path_planner/cmake/xline_path_plannerConfig.cmake
-- Up-to-date: /root/xline_path_planner/install/xline_path_planner/share/xline_path_planner/cmake/xline_path_plannerConfig-version.cmake
-- Up-to-date: /root/xline_path_planner/install/xline_path_planner/share/xline_path_planner/package.xml
