[0.032s] Invoking command in '/root/xline_path_planner/build/xline_path_planner': CMAKE_PREFIX_PATH=${CMAKE_PREFIX_PATH}:/opt/ros/humble /usr/bin/cmake --build /root/xline_path_planner/build/xline_path_planner -- -j8 -l8
[0.102s] [35m[1mConsolidate compiler generated dependencies of target planner_node[0m
[0.148s] [100%] Built target planner_node
[0.260s] Invoked command in '/root/xline_path_planner/build/xline_path_planner' returned '0': CMAKE_PREFIX_PATH=${CMAKE_PREFIX_PATH}:/opt/ros/humble /usr/bin/cmake --build /root/xline_path_planner/build/xline_path_planner -- -j8 -l8
[0.307s] Invoking command in '/root/xline_path_planner/build/xline_path_planner': CMAKE_PREFIX_PATH=${CMAKE_PREFIX_PATH}:/opt/ros/humble /usr/bin/cmake --install /root/xline_path_planner/build/xline_path_planner
[0.326s] -- Install configuration: "Release"
[0.331s] -- Installing: /root/xline_path_planner/install/xline_path_planner/lib/xline_path_planner/planner_node
[0.335s] -- Set runtime path of "/root/xline_path_planner/install/xline_path_planner/lib/xline_path_planner/planner_node" to ""
[0.335s] -- Up-to-date: /root/xline_path_planner/install/xline_path_planner/share/ament_index/resource_index/package_run_dependencies/xline_path_planner
[0.336s] -- Up-to-date: /root/xline_path_planner/install/xline_path_planner/share/ament_index/resource_index/parent_prefix_path/xline_path_planner
[0.336s] -- Up-to-date: /root/xline_path_planner/install/xline_path_planner/share/xline_path_planner/environment/ament_prefix_path.sh
[0.337s] -- Up-to-date: /root/xline_path_planner/install/xline_path_planner/share/xline_path_planner/environment/ament_prefix_path.dsv
[0.337s] -- Up-to-date: /root/xline_path_planner/install/xline_path_planner/share/xline_path_planner/environment/path.sh
[0.337s] -- Up-to-date: /root/xline_path_planner/install/xline_path_planner/share/xline_path_planner/environment/path.dsv
[0.338s] -- Up-to-date: /root/xline_path_planner/install/xline_path_planner/share/xline_path_planner/local_setup.bash
[0.338s] -- Up-to-date: /root/xline_path_planner/install/xline_path_planner/share/xline_path_planner/local_setup.sh
[0.338s] -- Up-to-date: /root/xline_path_planner/install/xline_path_planner/share/xline_path_planner/local_setup.zsh
[0.339s] -- Up-to-date: /root/xline_path_planner/install/xline_path_planner/share/xline_path_planner/local_setup.dsv
[0.339s] -- Installing: /root/xline_path_planner/install/xline_path_planner/share/xline_path_planner/package.dsv
[0.339s] -- Up-to-date: /root/xline_path_planner/install/xline_path_planner/share/ament_index/resource_index/packages/xline_path_planner
[0.339s] -- Up-to-date: /root/xline_path_planner/install/xline_path_planner/share/xline_path_planner/cmake/xline_path_plannerConfig.cmake
[0.339s] -- Up-to-date: /root/xline_path_planner/install/xline_path_planner/share/xline_path_planner/cmake/xline_path_plannerConfig-version.cmake
[0.340s] -- Up-to-date: /root/xline_path_planner/install/xline_path_planner/share/xline_path_planner/package.xml
[0.343s] Invoked command in '/root/xline_path_planner/build/xline_path_planner' returned '0': CMAKE_PREFIX_PATH=${CMAKE_PREFIX_PATH}:/opt/ros/humble /usr/bin/cmake --install /root/xline_path_planner/build/xline_path_planner
