[0.029s] Invoking command in '/root/xline_path_planner/build/xline_path_planner': CMAKE_PREFIX_PATH=/opt/ros/humble /usr/bin/cmake /root/xline_path_planner/xline_path_planner -DCMAKE_BUILD_TYPE=Release -DCMAKE_INSTALL_PREFIX=/root/xline_path_planner/install/xline_path_planner
[0.062s] -- Found ament_cmake: 1.3.11 (/opt/ros/humble/share/ament_cmake/cmake)
[0.331s] -- Found rclcpp: 16.0.12 (/opt/ros/humble/share/rclcpp/cmake)
[0.391s] -- Found rosidl_generator_c: 3.1.6 (/opt/ros/humble/share/rosidl_generator_c/cmake)
[0.399s] -- Found rosidl_adapter: 3.1.6 (/opt/ros/humble/share/rosidl_adapter/cmake)
[0.413s] -- Found rosidl_generator_cpp: 3.1.6 (/opt/ros/humble/share/rosidl_generator_cpp/cmake)
[0.436s] -- Using all available rosidl_typesupport_c: rosidl_typesupport_fastrtps_c;rosidl_typesupport_introspection_c
[0.467s] -- Using all available rosidl_typesupport_cpp: rosidl_typesupport_fastrtps_cpp;rosidl_typesupport_introspection_cpp
[0.540s] -- Found rmw_implementation_cmake: 6.1.2 (/opt/ros/humble/share/rmw_implementation_cmake/cmake)
[0.542s] -- Found rmw_fastrtps_cpp: 6.2.7 (/opt/ros/humble/share/rmw_fastrtps_cpp/cmake)
[0.739s] -- Using RMW implementation 'rmw_fastrtps_cpp' as default
[0.859s] -- Found rclcpp_action: 16.0.12 (/opt/ros/humble/share/rclcpp_action/cmake)
[0.952s] -- Found rosidl_default_generators: 1.2.0 (/opt/ros/humble/share/rosidl_default_generators/cmake)
[1.338s] -- Found ament_cmake_ros: 0.10.0 (/opt/ros/humble/share/ament_cmake_ros/cmake)
[1.914s] -- Using all available rosidl_typesupport_c: rosidl_typesupport_fastrtps_c;rosidl_typesupport_introspection_c
[2.118s] -- Using all available rosidl_typesupport_cpp: rosidl_typesupport_fastrtps_cpp;rosidl_typesupport_introspection_cpp
[2.155s] -- Found python_cmake_module: 0.10.0 (/opt/ros/humble/share/python_cmake_module/cmake)
[2.199s] -- Using PYTHON_EXECUTABLE: /usr/bin/python3
[2.199s] -- Using PYTHON_INCLUDE_DIRS: /usr/include/python3.10
[2.199s] -- Using PYTHON_LIBRARIES: /usr/lib/x86_64-linux-gnu/libpython3.10.so
[2.366s] CMake Deprecation Warning at /opt/ros/humble/share/rosidl_cmake/cmake/rosidl_target_interfaces.cmake:32 (message):
[2.367s]   Use rosidl_get_typesupport_target() and target_link_libraries() instead of
[2.367s]   rosidl_target_interfaces()
[2.367s] Call Stack (most recent call first):
[2.367s]   CMakeLists.txt:62 (rosidl_target_interfaces)
[2.367s] 
[2.367s] 
[2.367s] -- Found ament_lint_auto: 0.12.12 (/opt/ros/humble/share/ament_lint_auto/cmake)
[2.514s] -- Added test 'cppcheck' to perform static code analysis on C / C++ code
[2.516s] -- Configured cppcheck include dirs: $<BUILD_INTERFACE:/root/xline_path_planner/xline_path_planner/include>
[2.516s] -- Configured cppcheck exclude dirs and/or files: 
[2.517s] -- Added test 'lint_cmake' to check CMake code style
[2.519s] -- Added test 'uncrustify' to check C / C++ code style
[2.520s] -- Configured uncrustify additional arguments: 
[2.520s] -- Added test 'xmllint' to check XML markup files
[2.522s] -- Configuring done
[2.609s] -- Generating done
[2.638s] -- Build files have been written to: /root/xline_path_planner/build/xline_path_planner
[2.655s] Invoked command in '/root/xline_path_planner/build/xline_path_planner' returned '0': CMAKE_PREFIX_PATH=/opt/ros/humble /usr/bin/cmake /root/xline_path_planner/xline_path_planner -DCMAKE_BUILD_TYPE=Release -DCMAKE_INSTALL_PREFIX=/root/xline_path_planner/install/xline_path_planner
[2.661s] Invoking command in '/root/xline_path_planner/build/xline_path_planner': CMAKE_PREFIX_PATH=/opt/ros/humble /usr/bin/cmake --build /root/xline_path_planner/build/xline_path_planner -- -j8 -l8
[2.737s] Consolidate compiler generated dependencies of target xline_path_planner__rosidl_generator_c
[2.754s] [  2%] Built target xline_path_planner__cpp
[2.758s] [ 10%] Built target xline_path_planner__rosidl_generator_c
[2.782s] [ 10%] Built target ament_cmake_python_copy_xline_path_planner
[2.786s] Consolidate compiler generated dependencies of target xline_path_planner__rosidl_typesupport_cpp
[2.786s] Consolidate compiler generated dependencies of target xline_path_planner__rosidl_typesupport_introspection_cpp
[2.788s] Consolidate compiler generated dependencies of target xline_path_planner__rosidl_typesupport_fastrtps_cpp
[2.791s] Consolidate compiler generated dependencies of target xline_path_planner__rosidl_typesupport_c
[2.797s] Consolidate compiler generated dependencies of target xline_path_planner__rosidl_typesupport_fastrtps_c
[2.798s] Consolidate compiler generated dependencies of target xline_path_planner__rosidl_typesupport_introspection_c
[2.818s] [ 17%] Built target xline_path_planner__rosidl_typesupport_fastrtps_cpp
[2.820s] [ 25%] Built target xline_path_planner__rosidl_typesupport_cpp
[2.822s] [ 35%] Built target xline_path_planner__rosidl_typesupport_introspection_cpp
[2.822s] [ 41%] Built target xline_path_planner__rosidl_typesupport_c
[2.826s] [ 48%] Built target xline_path_planner__rosidl_typesupport_introspection_c
[2.832s] [ 56%] Built target xline_path_planner__rosidl_typesupport_fastrtps_c
[2.870s] [ 56%] Built target xline_path_planner
[2.923s] Consolidate compiler generated dependencies of target planner_node
[2.923s] [ 58%] Built target xline_path_planner__py
[2.952s] Consolidate compiler generated dependencies of target xline_path_planner__rosidl_generator_py
[2.967s] [ 61%] Building CXX object CMakeFiles/planner_node.dir/src/main.cpp.o
[2.978s] [ 66%] Built target xline_path_planner__rosidl_generator_py
[3.013s] Consolidate compiler generated dependencies of target xline_path_planner__rosidl_typesupport_fastrtps_c__pyext
[3.014s] Consolidate compiler generated dependencies of target xline_path_planner__rosidl_typesupport_introspection_c__pyext
[3.015s] Consolidate compiler generated dependencies of target xline_path_planner__rosidl_typesupport_c__pyext
[3.049s] [ 74%] Built target xline_path_planner__rosidl_typesupport_introspection_c__pyext
[3.049s] [ 76%] Built target xline_path_planner__rosidl_typesupport_c__pyext
[3.052s] [ 82%] Built target xline_path_planner__rosidl_typesupport_fastrtps_c__pyext
[3.490s] running egg_info
[3.492s] writing xline_path_planner.egg-info/PKG-INFO
[3.492s] writing dependency_links to xline_path_planner.egg-info/dependency_links.txt
[3.493s] writing top-level names to xline_path_planner.egg-info/top_level.txt
[3.500s] reading manifest file 'xline_path_planner.egg-info/SOURCES.txt'
[3.501s] writing manifest file 'xline_path_planner.egg-info/SOURCES.txt'
[3.572s] [ 82%] Built target ament_cmake_python_build_xline_path_planner_egg
[19.147s] [ 84%] Linking CXX executable planner_node
[19.944s] [100%] Built target planner_node
[19.965s] Invoked command in '/root/xline_path_planner/build/xline_path_planner' returned '0': CMAKE_PREFIX_PATH=/opt/ros/humble /usr/bin/cmake --build /root/xline_path_planner/build/xline_path_planner -- -j8 -l8
[19.982s] Invoking command in '/root/xline_path_planner/build/xline_path_planner': CMAKE_PREFIX_PATH=/opt/ros/humble /usr/bin/cmake --install /root/xline_path_planner/build/xline_path_planner
[19.993s] -- Install configuration: "Release"
[19.994s] -- Installing: /root/xline_path_planner/install/xline_path_planner/lib/xline_path_planner/planner_node
[19.999s] -- Set runtime path of "/root/xline_path_planner/install/xline_path_planner/lib/xline_path_planner/planner_node" to ""
[20.000s] -- Up-to-date: /root/xline_path_planner/install/xline_path_planner/share/xline_path_planner/config
[20.000s] -- Up-to-date: /root/xline_path_planner/install/xline_path_planner/share/xline_path_planner/config/planner.yaml
[20.000s] -- Installing: /root/xline_path_planner/install/xline_path_planner/share/ament_index/resource_index/rosidl_interfaces/xline_path_planner
[20.001s] -- Installing: /root/xline_path_planner/install/xline_path_planner/include/xline_path_planner/xline_path_planner
[20.001s] -- Installing: /root/xline_path_planner/install/xline_path_planner/include/xline_path_planner/xline_path_planner/action
[20.002s] -- Installing: /root/xline_path_planner/install/xline_path_planner/include/xline_path_planner/xline_path_planner/action/detail
[20.003s] -- Installing: /root/xline_path_planner/install/xline_path_planner/include/xline_path_planner/xline_path_planner/action/detail/plan_path__type_support.h
[20.004s] -- Installing: /root/xline_path_planner/install/xline_path_planner/include/xline_path_planner/xline_path_planner/action/detail/plan_path__struct.h
[20.004s] -- Installing: /root/xline_path_planner/install/xline_path_planner/include/xline_path_planner/xline_path_planner/action/detail/plan_path__functions.h
[20.004s] -- Installing: /root/xline_path_planner/install/xline_path_planner/include/xline_path_planner/xline_path_planner/action/detail/plan_path__functions.c
[20.004s] -- Installing: /root/xline_path_planner/install/xline_path_planner/include/xline_path_planner/xline_path_planner/action/plan_path.h
[20.004s] -- Installing: /root/xline_path_planner/install/xline_path_planner/include/xline_path_planner/xline_path_planner/msg
[20.005s] -- Installing: /root/xline_path_planner/install/xline_path_planner/include/xline_path_planner/xline_path_planner/msg/rosidl_generator_c__visibility_control.h
[20.005s] -- Installing: /root/xline_path_planner/install/xline_path_planner/share/xline_path_planner/environment/library_path.sh
[20.006s] -- Installing: /root/xline_path_planner/install/xline_path_planner/share/xline_path_planner/environment/library_path.dsv
[20.006s] -- Installing: /root/xline_path_planner/install/xline_path_planner/lib/libxline_path_planner__rosidl_generator_c.so
[20.007s] -- Set runtime path of "/root/xline_path_planner/install/xline_path_planner/lib/libxline_path_planner__rosidl_generator_c.so" to ""
[20.007s] -- Up-to-date: /root/xline_path_planner/install/xline_path_planner/include/xline_path_planner/xline_path_planner
[20.007s] -- Up-to-date: /root/xline_path_planner/install/xline_path_planner/include/xline_path_planner/xline_path_planner/action
[20.008s] -- Up-to-date: /root/xline_path_planner/install/xline_path_planner/include/xline_path_planner/xline_path_planner/action/detail
[20.009s] -- Installing: /root/xline_path_planner/install/xline_path_planner/include/xline_path_planner/xline_path_planner/action/detail/plan_path__rosidl_typesupport_fastrtps_c.h
[20.011s] -- Up-to-date: /root/xline_path_planner/install/xline_path_planner/include/xline_path_planner/xline_path_planner/msg
[20.011s] -- Installing: /root/xline_path_planner/install/xline_path_planner/include/xline_path_planner/xline_path_planner/msg/rosidl_typesupport_fastrtps_c__visibility_control.h
[20.012s] -- Installing: /root/xline_path_planner/install/xline_path_planner/lib/libxline_path_planner__rosidl_typesupport_fastrtps_c.so
[20.012s] -- Set runtime path of "/root/xline_path_planner/install/xline_path_planner/lib/libxline_path_planner__rosidl_typesupport_fastrtps_c.so" to ""
[20.013s] -- Up-to-date: /root/xline_path_planner/install/xline_path_planner/include/xline_path_planner/xline_path_planner
[20.014s] -- Up-to-date: /root/xline_path_planner/install/xline_path_planner/include/xline_path_planner/xline_path_planner/action
[20.014s] -- Up-to-date: /root/xline_path_planner/install/xline_path_planner/include/xline_path_planner/xline_path_planner/action/detail
[20.015s] -- Installing: /root/xline_path_planner/install/xline_path_planner/include/xline_path_planner/xline_path_planner/action/detail/plan_path__traits.hpp
[20.015s] -- Installing: /root/xline_path_planner/install/xline_path_planner/include/xline_path_planner/xline_path_planner/action/detail/plan_path__struct.hpp
[20.016s] -- Installing: /root/xline_path_planner/install/xline_path_planner/include/xline_path_planner/xline_path_planner/action/detail/plan_path__builder.hpp
[20.016s] -- Installing: /root/xline_path_planner/install/xline_path_planner/include/xline_path_planner/xline_path_planner/action/detail/plan_path__type_support.hpp
[20.017s] -- Installing: /root/xline_path_planner/install/xline_path_planner/include/xline_path_planner/xline_path_planner/action/plan_path.hpp
[20.017s] -- Up-to-date: /root/xline_path_planner/install/xline_path_planner/include/xline_path_planner/xline_path_planner/msg
[20.018s] -- Installing: /root/xline_path_planner/install/xline_path_planner/include/xline_path_planner/xline_path_planner/msg/rosidl_generator_cpp__visibility_control.hpp
[20.018s] -- Up-to-date: /root/xline_path_planner/install/xline_path_planner/include/xline_path_planner/xline_path_planner
[20.018s] -- Up-to-date: /root/xline_path_planner/install/xline_path_planner/include/xline_path_planner/xline_path_planner/action
[20.018s] -- Up-to-date: /root/xline_path_planner/install/xline_path_planner/include/xline_path_planner/xline_path_planner/action/detail
[20.019s] -- Installing: /root/xline_path_planner/install/xline_path_planner/include/xline_path_planner/xline_path_planner/action/detail/plan_path__rosidl_typesupport_fastrtps_cpp.hpp
[20.019s] -- Installing: /root/xline_path_planner/install/xline_path_planner/include/xline_path_planner/xline_path_planner/action/detail/dds_fastrtps
[20.019s] -- Up-to-date: /root/xline_path_planner/install/xline_path_planner/include/xline_path_planner/xline_path_planner/msg
[20.020s] -- Installing: /root/xline_path_planner/install/xline_path_planner/include/xline_path_planner/xline_path_planner/msg/rosidl_typesupport_fastrtps_cpp__visibility_control.h
[20.021s] -- Installing: /root/xline_path_planner/install/xline_path_planner/lib/libxline_path_planner__rosidl_typesupport_fastrtps_cpp.so
[20.021s] -- Set runtime path of "/root/xline_path_planner/install/xline_path_planner/lib/libxline_path_planner__rosidl_typesupport_fastrtps_cpp.so" to ""
[20.021s] -- Up-to-date: /root/xline_path_planner/install/xline_path_planner/include/xline_path_planner/xline_path_planner
[20.022s] -- Up-to-date: /root/xline_path_planner/install/xline_path_planner/include/xline_path_planner/xline_path_planner/action
[20.022s] -- Up-to-date: /root/xline_path_planner/install/xline_path_planner/include/xline_path_planner/xline_path_planner/action/detail
[20.022s] -- Installing: /root/xline_path_planner/install/xline_path_planner/include/xline_path_planner/xline_path_planner/action/detail/plan_path__type_support.c
[20.022s] -- Installing: /root/xline_path_planner/install/xline_path_planner/include/xline_path_planner/xline_path_planner/action/detail/plan_path__rosidl_typesupport_introspection_c.h
[20.022s] -- Up-to-date: /root/xline_path_planner/install/xline_path_planner/include/xline_path_planner/xline_path_planner/msg
[20.022s] -- Installing: /root/xline_path_planner/install/xline_path_planner/include/xline_path_planner/xline_path_planner/msg/rosidl_typesupport_introspection_c__visibility_control.h
[20.022s] -- Installing: /root/xline_path_planner/install/xline_path_planner/lib/libxline_path_planner__rosidl_typesupport_introspection_c.so
[20.022s] -- Set runtime path of "/root/xline_path_planner/install/xline_path_planner/lib/libxline_path_planner__rosidl_typesupport_introspection_c.so" to ""
[20.022s] -- Installing: /root/xline_path_planner/install/xline_path_planner/lib/libxline_path_planner__rosidl_typesupport_c.so
[20.023s] -- Set runtime path of "/root/xline_path_planner/install/xline_path_planner/lib/libxline_path_planner__rosidl_typesupport_c.so" to ""
[20.023s] -- Up-to-date: /root/xline_path_planner/install/xline_path_planner/include/xline_path_planner/xline_path_planner
[20.023s] -- Up-to-date: /root/xline_path_planner/install/xline_path_planner/include/xline_path_planner/xline_path_planner/action
[20.023s] -- Up-to-date: /root/xline_path_planner/install/xline_path_planner/include/xline_path_planner/xline_path_planner/action/detail
[20.023s] -- Installing: /root/xline_path_planner/install/xline_path_planner/include/xline_path_planner/xline_path_planner/action/detail/plan_path__type_support.cpp
[20.023s] -- Installing: /root/xline_path_planner/install/xline_path_planner/include/xline_path_planner/xline_path_planner/action/detail/plan_path__rosidl_typesupport_introspection_cpp.hpp
[20.023s] -- Installing: /root/xline_path_planner/install/xline_path_planner/lib/libxline_path_planner__rosidl_typesupport_introspection_cpp.so
[20.023s] -- Set runtime path of "/root/xline_path_planner/install/xline_path_planner/lib/libxline_path_planner__rosidl_typesupport_introspection_cpp.so" to ""
[20.024s] -- Installing: /root/xline_path_planner/install/xline_path_planner/lib/libxline_path_planner__rosidl_typesupport_cpp.so
[20.024s] -- Set runtime path of "/root/xline_path_planner/install/xline_path_planner/lib/libxline_path_planner__rosidl_typesupport_cpp.so" to ""
[20.024s] -- Installing: /root/xline_path_planner/install/xline_path_planner/share/xline_path_planner/environment/pythonpath.sh
[20.024s] -- Installing: /root/xline_path_planner/install/xline_path_planner/share/xline_path_planner/environment/pythonpath.dsv
[20.024s] -- Installing: /root/xline_path_planner/install/xline_path_planner/local/lib/python3.10/dist-packages/xline_path_planner-0.0.0-py3.10.egg-info
[20.031s] -- Installing: /root/xline_path_planner/install/xline_path_planner/local/lib/python3.10/dist-packages/xline_path_planner-0.0.0-py3.10.egg-info/SOURCES.txt
[20.031s] -- Installing: /root/xline_path_planner/install/xline_path_planner/local/lib/python3.10/dist-packages/xline_path_planner-0.0.0-py3.10.egg-info/dependency_links.txt
[20.032s] -- Installing: /root/xline_path_planner/install/xline_path_planner/local/lib/python3.10/dist-packages/xline_path_planner-0.0.0-py3.10.egg-info/top_level.txt
[20.032s] -- Installing: /root/xline_path_planner/install/xline_path_planner/local/lib/python3.10/dist-packages/xline_path_planner-0.0.0-py3.10.egg-info/PKG-INFO
[20.033s] -- Installing: /root/xline_path_planner/install/xline_path_planner/local/lib/python3.10/dist-packages/xline_path_planner
[20.033s] -- Installing: /root/xline_path_planner/install/xline_path_planner/local/lib/python3.10/dist-packages/xline_path_planner/action
[20.034s] -- Installing: /root/xline_path_planner/install/xline_path_planner/local/lib/python3.10/dist-packages/xline_path_planner/action/_plan_path_s.c
[20.034s] -- Installing: /root/xline_path_planner/install/xline_path_planner/local/lib/python3.10/dist-packages/xline_path_planner/action/_plan_path.py
[20.034s] -- Installing: /root/xline_path_planner/install/xline_path_planner/local/lib/python3.10/dist-packages/xline_path_planner/action/__init__.py
[20.035s] -- Installing: /root/xline_path_planner/install/xline_path_planner/local/lib/python3.10/dist-packages/xline_path_planner/xline_path_planner_s__rosidl_typesupport_c.cpython-310-x86_64-linux-gnu.so
[20.036s] -- Installing: /root/xline_path_planner/install/xline_path_planner/local/lib/python3.10/dist-packages/xline_path_planner/libxline_path_planner__rosidl_generator_py.so
[20.037s] -- Installing: /root/xline_path_planner/install/xline_path_planner/local/lib/python3.10/dist-packages/xline_path_planner/xline_path_planner_s__rosidl_typesupport_fastrtps_c.cpython-310-x86_64-linux-gnu.so
[20.037s] -- Installing: /root/xline_path_planner/install/xline_path_planner/local/lib/python3.10/dist-packages/xline_path_planner/_xline_path_planner_s.ep.rosidl_typesupport_c.c
[20.037s] -- Installing: /root/xline_path_planner/install/xline_path_planner/local/lib/python3.10/dist-packages/xline_path_planner/_xline_path_planner_s.ep.rosidl_typesupport_fastrtps_c.c
[20.037s] -- Installing: /root/xline_path_planner/install/xline_path_planner/local/lib/python3.10/dist-packages/xline_path_planner/xline_path_planner_s__rosidl_typesupport_introspection_c.cpython-310-x86_64-linux-gnu.so
[20.038s] -- Installing: /root/xline_path_planner/install/xline_path_planner/local/lib/python3.10/dist-packages/xline_path_planner/_xline_path_planner_s.ep.rosidl_typesupport_introspection_c.c
[20.038s] -- Installing: /root/xline_path_planner/install/xline_path_planner/local/lib/python3.10/dist-packages/xline_path_planner/__init__.py
[20.132s] Listing '/root/xline_path_planner/install/xline_path_planner/local/lib/python3.10/dist-packages/xline_path_planner'...
[20.133s] Compiling '/root/xline_path_planner/install/xline_path_planner/local/lib/python3.10/dist-packages/xline_path_planner/__init__.py'...
[20.133s] Listing '/root/xline_path_planner/install/xline_path_planner/local/lib/python3.10/dist-packages/xline_path_planner/action'...
[20.134s] Compiling '/root/xline_path_planner/install/xline_path_planner/local/lib/python3.10/dist-packages/xline_path_planner/action/__init__.py'...
[20.134s] Compiling '/root/xline_path_planner/install/xline_path_planner/local/lib/python3.10/dist-packages/xline_path_planner/action/_plan_path.py'...
[20.147s] -- Installing: /root/xline_path_planner/install/xline_path_planner/local/lib/python3.10/dist-packages/xline_path_planner/xline_path_planner_s__rosidl_typesupport_fastrtps_c.cpython-310-x86_64-linux-gnu.so
[20.148s] -- Set runtime path of "/root/xline_path_planner/install/xline_path_planner/local/lib/python3.10/dist-packages/xline_path_planner/xline_path_planner_s__rosidl_typesupport_fastrtps_c.cpython-310-x86_64-linux-gnu.so" to ""
[20.149s] -- Installing: /root/xline_path_planner/install/xline_path_planner/local/lib/python3.10/dist-packages/xline_path_planner/xline_path_planner_s__rosidl_typesupport_introspection_c.cpython-310-x86_64-linux-gnu.so
[20.150s] -- Set runtime path of "/root/xline_path_planner/install/xline_path_planner/local/lib/python3.10/dist-packages/xline_path_planner/xline_path_planner_s__rosidl_typesupport_introspection_c.cpython-310-x86_64-linux-gnu.so" to ""
[20.150s] -- Installing: /root/xline_path_planner/install/xline_path_planner/local/lib/python3.10/dist-packages/xline_path_planner/xline_path_planner_s__rosidl_typesupport_c.cpython-310-x86_64-linux-gnu.so
[20.151s] -- Set runtime path of "/root/xline_path_planner/install/xline_path_planner/local/lib/python3.10/dist-packages/xline_path_planner/xline_path_planner_s__rosidl_typesupport_c.cpython-310-x86_64-linux-gnu.so" to ""
[20.152s] -- Installing: /root/xline_path_planner/install/xline_path_planner/lib/libxline_path_planner__rosidl_generator_py.so
[20.152s] -- Set runtime path of "/root/xline_path_planner/install/xline_path_planner/lib/libxline_path_planner__rosidl_generator_py.so" to ""
[20.153s] -- Installing: /root/xline_path_planner/install/xline_path_planner/share/xline_path_planner/action/PlanPath.idl
[20.154s] -- Installing: /root/xline_path_planner/install/xline_path_planner/share/xline_path_planner/action/PlanPath.action
[20.155s] -- Installing: /root/xline_path_planner/install/xline_path_planner/share/ament_index/resource_index/package_run_dependencies/xline_path_planner
[20.155s] -- Installing: /root/xline_path_planner/install/xline_path_planner/share/ament_index/resource_index/parent_prefix_path/xline_path_planner
[20.155s] -- Up-to-date: /root/xline_path_planner/install/xline_path_planner/share/xline_path_planner/environment/ament_prefix_path.sh
[20.158s] -- Installing: /root/xline_path_planner/install/xline_path_planner/share/xline_path_planner/environment/ament_prefix_path.dsv
[20.159s] -- Up-to-date: /root/xline_path_planner/install/xline_path_planner/share/xline_path_planner/environment/path.sh
[20.161s] -- Installing: /root/xline_path_planner/install/xline_path_planner/share/xline_path_planner/environment/path.dsv
[20.161s] -- Up-to-date: /root/xline_path_planner/install/xline_path_planner/share/xline_path_planner/local_setup.bash
[20.162s] -- Installing: /root/xline_path_planner/install/xline_path_planner/share/xline_path_planner/local_setup.sh
[20.162s] -- Up-to-date: /root/xline_path_planner/install/xline_path_planner/share/xline_path_planner/local_setup.zsh
[20.162s] -- Installing: /root/xline_path_planner/install/xline_path_planner/share/xline_path_planner/local_setup.dsv
[20.162s] -- Installing: /root/xline_path_planner/install/xline_path_planner/share/xline_path_planner/package.dsv
[20.166s] -- Up-to-date: /root/xline_path_planner/install/xline_path_planner/share/ament_index/resource_index/packages/xline_path_planner
[20.167s] -- Installing: /root/xline_path_planner/install/xline_path_planner/share/xline_path_planner/cmake/export_xline_path_planner__rosidl_generator_cExport.cmake
[20.167s] -- Installing: /root/xline_path_planner/install/xline_path_planner/share/xline_path_planner/cmake/export_xline_path_planner__rosidl_generator_cExport-release.cmake
[20.168s] -- Installing: /root/xline_path_planner/install/xline_path_planner/share/xline_path_planner/cmake/export_xline_path_planner__rosidl_typesupport_fastrtps_cExport.cmake
[20.170s] -- Installing: /root/xline_path_planner/install/xline_path_planner/share/xline_path_planner/cmake/export_xline_path_planner__rosidl_typesupport_fastrtps_cExport-release.cmake
[20.171s] -- Installing: /root/xline_path_planner/install/xline_path_planner/share/xline_path_planner/cmake/export_xline_path_planner__rosidl_generator_cppExport.cmake
[20.172s] -- Installing: /root/xline_path_planner/install/xline_path_planner/share/xline_path_planner/cmake/export_xline_path_planner__rosidl_typesupport_fastrtps_cppExport.cmake
[20.173s] -- Installing: /root/xline_path_planner/install/xline_path_planner/share/xline_path_planner/cmake/export_xline_path_planner__rosidl_typesupport_fastrtps_cppExport-release.cmake
[20.173s] -- Installing: /root/xline_path_planner/install/xline_path_planner/share/xline_path_planner/cmake/xline_path_planner__rosidl_typesupport_introspection_cExport.cmake
[20.174s] -- Installing: /root/xline_path_planner/install/xline_path_planner/share/xline_path_planner/cmake/xline_path_planner__rosidl_typesupport_introspection_cExport-release.cmake
[20.174s] -- Installing: /root/xline_path_planner/install/xline_path_planner/share/xline_path_planner/cmake/xline_path_planner__rosidl_typesupport_cExport.cmake
[20.175s] -- Installing: /root/xline_path_planner/install/xline_path_planner/share/xline_path_planner/cmake/xline_path_planner__rosidl_typesupport_cExport-release.cmake
[20.175s] -- Installing: /root/xline_path_planner/install/xline_path_planner/share/xline_path_planner/cmake/xline_path_planner__rosidl_typesupport_introspection_cppExport.cmake
[20.177s] -- Installing: /root/xline_path_planner/install/xline_path_planner/share/xline_path_planner/cmake/xline_path_planner__rosidl_typesupport_introspection_cppExport-release.cmake
[20.178s] -- Installing: /root/xline_path_planner/install/xline_path_planner/share/xline_path_planner/cmake/xline_path_planner__rosidl_typesupport_cppExport.cmake
[20.178s] -- Installing: /root/xline_path_planner/install/xline_path_planner/share/xline_path_planner/cmake/xline_path_planner__rosidl_typesupport_cppExport-release.cmake
[20.179s] -- Installing: /root/xline_path_planner/install/xline_path_planner/share/xline_path_planner/cmake/export_xline_path_planner__rosidl_generator_pyExport.cmake
[20.179s] -- Installing: /root/xline_path_planner/install/xline_path_planner/share/xline_path_planner/cmake/export_xline_path_planner__rosidl_generator_pyExport-release.cmake
[20.179s] -- Installing: /root/xline_path_planner/install/xline_path_planner/share/xline_path_planner/cmake/rosidl_cmake-extras.cmake
[20.179s] -- Installing: /root/xline_path_planner/install/xline_path_planner/share/xline_path_planner/cmake/ament_cmake_export_dependencies-extras.cmake
[20.179s] -- Installing: /root/xline_path_planner/install/xline_path_planner/share/xline_path_planner/cmake/ament_cmake_export_include_directories-extras.cmake
[20.179s] -- Installing: /root/xline_path_planner/install/xline_path_planner/share/xline_path_planner/cmake/ament_cmake_export_libraries-extras.cmake
[20.180s] -- Installing: /root/xline_path_planner/install/xline_path_planner/share/xline_path_planner/cmake/ament_cmake_export_targets-extras.cmake
[20.180s] -- Installing: /root/xline_path_planner/install/xline_path_planner/share/xline_path_planner/cmake/rosidl_cmake_export_typesupport_targets-extras.cmake
[20.180s] -- Installing: /root/xline_path_planner/install/xline_path_planner/share/xline_path_planner/cmake/rosidl_cmake_export_typesupport_libraries-extras.cmake
[20.180s] -- Installing: /root/xline_path_planner/install/xline_path_planner/share/xline_path_planner/cmake/xline_path_plannerConfig.cmake
[20.182s] -- Up-to-date: /root/xline_path_planner/install/xline_path_planner/share/xline_path_planner/cmake/xline_path_plannerConfig-version.cmake
[20.182s] -- Installing: /root/xline_path_planner/install/xline_path_planner/share/xline_path_planner/package.xml
[20.185s] Invoked command in '/root/xline_path_planner/build/xline_path_planner' returned '0': CMAKE_PREFIX_PATH=/opt/ros/humble /usr/bin/cmake --install /root/xline_path_planner/build/xline_path_planner
