[0.161s] DEBUG:colcon:Command line arguments: ['/usr/bin/colcon', 'build']
[0.161s] DEBUG:colcon:Parsed command line arguments: Namespace(log_base=None, log_level=None, verb_name='build', build_base='build', install_base='install', merge_install=False, symlink_install=False, test_result_base=None, continue_on_error=False, executor='parallel', parallel_workers=8, event_handlers=None, ignore_user_meta=False, metas=['./colcon.meta'], base_paths=['.'], packages_ignore=None, packages_ignore_regex=None, paths=None, packages_up_to=None, packages_up_to_regex=None, packages_above=None, packages_above_and_dependencies=None, packages_above_depth=None, packages_select_by_dep=None, packages_skip_by_dep=None, packages_skip_up_to=None, packages_select_build_failed=False, packages_skip_build_finished=False, packages_select_test_failures=False, packages_skip_test_passed=False, packages_select=None, packages_skip=None, packages_select_regex=None, packages_skip_regex=None, packages_start=None, packages_end=None, cmake_args=None, cmake_target=None, cmake_target_skip_unavailable=False, cmake_clean_cache=False, cmake_clean_first=False, cmake_force_configure=False, ament_cmake_args=None, catkin_cmake_args=None, catkin_skip_building_tests=False, mixin_files=None, mixin=None, verb_parser=<colcon_mixin.mixin.mixin_argument.MixinArgumentDecorator object at 0x7f63cfc65f00>, verb_extension=<colcon_core.verb.build.BuildVerb object at 0x7f63cfc65a50>, main=<bound method BuildVerb.main of <colcon_core.verb.build.BuildVerb object at 0x7f63cfc65a50>>, mixin_verb=('build',))
[0.414s] Level 1:colcon.colcon_core.package_discovery:discover_packages(colcon_meta) check parameters
[0.414s] Level 1:colcon.colcon_core.package_discovery:discover_packages(recursive) check parameters
[0.414s] Level 1:colcon.colcon_core.package_discovery:discover_packages(ignore) check parameters
[0.414s] Level 1:colcon.colcon_core.package_discovery:discover_packages(path) check parameters
[0.414s] Level 1:colcon.colcon_core.package_discovery:discover_packages(colcon_meta) discover
[0.414s] Level 1:colcon.colcon_core.package_discovery:discover_packages(recursive) discover
[0.414s] INFO:colcon.colcon_core.package_discovery:Crawling recursively for packages in '/root/xline_path_planner'
[0.414s] Level 1:colcon.colcon_core.package_identification:_identify(.) by extensions ['ignore', 'ignore_ament_install']
[0.415s] Level 1:colcon.colcon_core.package_identification:_identify(.) by extension 'ignore'
[0.415s] Level 1:colcon.colcon_core.package_identification:_identify(.) by extension 'ignore_ament_install'
[0.415s] Level 1:colcon.colcon_core.package_identification:_identify(.) by extensions ['colcon_pkg']
[0.415s] Level 1:colcon.colcon_core.package_identification:_identify(.) by extension 'colcon_pkg'
[0.415s] Level 1:colcon.colcon_core.package_identification:_identify(.) by extensions ['colcon_meta']
[0.415s] Level 1:colcon.colcon_core.package_identification:_identify(.) by extension 'colcon_meta'
[0.415s] Level 1:colcon.colcon_core.package_identification:_identify(.) by extensions ['ros']
[0.415s] Level 1:colcon.colcon_core.package_identification:_identify(.) by extension 'ros'
[0.467s] Level 1:colcon.colcon_core.package_identification:_identify(.) by extensions ['cmake', 'python']
[0.467s] Level 1:colcon.colcon_core.package_identification:_identify(.) by extension 'cmake'
[0.467s] Level 1:colcon.colcon_core.package_identification:_identify(.) by extension 'python'
[0.467s] Level 1:colcon.colcon_core.package_identification:_identify(.) by extensions ['python_setup_py']
[0.467s] Level 1:colcon.colcon_core.package_identification:_identify(.) by extension 'python_setup_py'
[0.467s] Level 1:colcon.colcon_core.package_identification:_identify(build) by extensions ['ignore', 'ignore_ament_install']
[0.467s] Level 1:colcon.colcon_core.package_identification:_identify(build) by extension 'ignore'
[0.467s] Level 1:colcon.colcon_core.package_identification:_identify(build) ignored
[0.468s] Level 1:colcon.colcon_core.package_identification:_identify(cad_data) by extensions ['ignore', 'ignore_ament_install']
[0.468s] Level 1:colcon.colcon_core.package_identification:_identify(cad_data) by extension 'ignore'
[0.468s] Level 1:colcon.colcon_core.package_identification:_identify(cad_data) by extension 'ignore_ament_install'
[0.468s] Level 1:colcon.colcon_core.package_identification:_identify(cad_data) by extensions ['colcon_pkg']
[0.468s] Level 1:colcon.colcon_core.package_identification:_identify(cad_data) by extension 'colcon_pkg'
[0.468s] Level 1:colcon.colcon_core.package_identification:_identify(cad_data) by extensions ['colcon_meta']
[0.468s] Level 1:colcon.colcon_core.package_identification:_identify(cad_data) by extension 'colcon_meta'
[0.468s] Level 1:colcon.colcon_core.package_identification:_identify(cad_data) by extensions ['ros']
[0.468s] Level 1:colcon.colcon_core.package_identification:_identify(cad_data) by extension 'ros'
[0.468s] Level 1:colcon.colcon_core.package_identification:_identify(cad_data) by extensions ['cmake', 'python']
[0.468s] Level 1:colcon.colcon_core.package_identification:_identify(cad_data) by extension 'cmake'
[0.468s] Level 1:colcon.colcon_core.package_identification:_identify(cad_data) by extension 'python'
[0.469s] Level 1:colcon.colcon_core.package_identification:_identify(cad_data) by extensions ['python_setup_py']
[0.469s] Level 1:colcon.colcon_core.package_identification:_identify(cad_data) by extension 'python_setup_py'
[0.469s] Level 1:colcon.colcon_core.package_identification:_identify(docs) by extensions ['ignore', 'ignore_ament_install']
[0.469s] Level 1:colcon.colcon_core.package_identification:_identify(docs) by extension 'ignore'
[0.469s] Level 1:colcon.colcon_core.package_identification:_identify(docs) by extension 'ignore_ament_install'
[0.469s] Level 1:colcon.colcon_core.package_identification:_identify(docs) by extensions ['colcon_pkg']
[0.469s] Level 1:colcon.colcon_core.package_identification:_identify(docs) by extension 'colcon_pkg'
[0.469s] Level 1:colcon.colcon_core.package_identification:_identify(docs) by extensions ['colcon_meta']
[0.469s] Level 1:colcon.colcon_core.package_identification:_identify(docs) by extension 'colcon_meta'
[0.469s] Level 1:colcon.colcon_core.package_identification:_identify(docs) by extensions ['ros']
[0.469s] Level 1:colcon.colcon_core.package_identification:_identify(docs) by extension 'ros'
[0.470s] Level 1:colcon.colcon_core.package_identification:_identify(docs) by extensions ['cmake', 'python']
[0.470s] Level 1:colcon.colcon_core.package_identification:_identify(docs) by extension 'cmake'
[0.470s] Level 1:colcon.colcon_core.package_identification:_identify(docs) by extension 'python'
[0.470s] Level 1:colcon.colcon_core.package_identification:_identify(docs) by extensions ['python_setup_py']
[0.470s] Level 1:colcon.colcon_core.package_identification:_identify(docs) by extension 'python_setup_py'
[0.470s] Level 1:colcon.colcon_core.package_identification:_identify(install) by extensions ['ignore', 'ignore_ament_install']
[0.470s] Level 1:colcon.colcon_core.package_identification:_identify(install) by extension 'ignore'
[0.470s] Level 1:colcon.colcon_core.package_identification:_identify(install) ignored
[0.471s] Level 1:colcon.colcon_core.package_identification:_identify(log) by extensions ['ignore', 'ignore_ament_install']
[0.471s] Level 1:colcon.colcon_core.package_identification:_identify(log) by extension 'ignore'
[0.471s] Level 1:colcon.colcon_core.package_identification:_identify(log) ignored
[0.471s] Level 1:colcon.colcon_core.package_identification:_identify(path_visualizations) by extensions ['ignore', 'ignore_ament_install']
[0.471s] Level 1:colcon.colcon_core.package_identification:_identify(path_visualizations) by extension 'ignore'
[0.471s] Level 1:colcon.colcon_core.package_identification:_identify(path_visualizations) by extension 'ignore_ament_install'
[0.471s] Level 1:colcon.colcon_core.package_identification:_identify(path_visualizations) by extensions ['colcon_pkg']
[0.471s] Level 1:colcon.colcon_core.package_identification:_identify(path_visualizations) by extension 'colcon_pkg'
[0.471s] Level 1:colcon.colcon_core.package_identification:_identify(path_visualizations) by extensions ['colcon_meta']
[0.472s] Level 1:colcon.colcon_core.package_identification:_identify(path_visualizations) by extension 'colcon_meta'
[0.472s] Level 1:colcon.colcon_core.package_identification:_identify(path_visualizations) by extensions ['ros']
[0.472s] Level 1:colcon.colcon_core.package_identification:_identify(path_visualizations) by extension 'ros'
[0.472s] Level 1:colcon.colcon_core.package_identification:_identify(path_visualizations) by extensions ['cmake', 'python']
[0.472s] Level 1:colcon.colcon_core.package_identification:_identify(path_visualizations) by extension 'cmake'
[0.472s] Level 1:colcon.colcon_core.package_identification:_identify(path_visualizations) by extension 'python'
[0.472s] Level 1:colcon.colcon_core.package_identification:_identify(path_visualizations) by extensions ['python_setup_py']
[0.472s] Level 1:colcon.colcon_core.package_identification:_identify(path_visualizations) by extension 'python_setup_py'
[0.472s] Level 1:colcon.colcon_core.package_identification:_identify(xline_path_planner) by extensions ['ignore', 'ignore_ament_install']
[0.472s] Level 1:colcon.colcon_core.package_identification:_identify(xline_path_planner) by extension 'ignore'
[0.472s] Level 1:colcon.colcon_core.package_identification:_identify(xline_path_planner) by extension 'ignore_ament_install'
[0.472s] Level 1:colcon.colcon_core.package_identification:_identify(xline_path_planner) by extensions ['colcon_pkg']
[0.473s] Level 1:colcon.colcon_core.package_identification:_identify(xline_path_planner) by extension 'colcon_pkg'
[0.473s] Level 1:colcon.colcon_core.package_identification:_identify(xline_path_planner) by extensions ['colcon_meta']
[0.473s] Level 1:colcon.colcon_core.package_identification:_identify(xline_path_planner) by extension 'colcon_meta'
[0.473s] Level 1:colcon.colcon_core.package_identification:_identify(xline_path_planner) by extensions ['ros']
[0.473s] Level 1:colcon.colcon_core.package_identification:_identify(xline_path_planner) by extension 'ros'
[0.477s] DEBUG:colcon.colcon_core.package_identification:Package 'xline_path_planner' with type 'ros.ament_cmake' and name 'xline_path_planner'
[0.477s] Level 1:colcon.colcon_core.package_discovery:discover_packages(recursive) using defaults
[0.477s] Level 1:colcon.colcon_core.package_discovery:discover_packages(ignore) discover
[0.477s] Level 1:colcon.colcon_core.package_discovery:discover_packages(ignore) using defaults
[0.477s] Level 1:colcon.colcon_core.package_discovery:discover_packages(path) discover
[0.477s] Level 1:colcon.colcon_core.package_discovery:discover_packages(path) using defaults
[0.502s] Level 5:colcon.colcon_core.verb:set package 'xline_path_planner' build argument 'cmake_args' from command line to 'None'
[0.502s] Level 5:colcon.colcon_core.verb:set package 'xline_path_planner' build argument 'cmake_target' from command line to 'None'
[0.502s] Level 5:colcon.colcon_core.verb:set package 'xline_path_planner' build argument 'cmake_target_skip_unavailable' from command line to 'False'
[0.502s] Level 5:colcon.colcon_core.verb:set package 'xline_path_planner' build argument 'cmake_clean_cache' from command line to 'False'
[0.502s] Level 5:colcon.colcon_core.verb:set package 'xline_path_planner' build argument 'cmake_clean_first' from command line to 'False'
[0.502s] Level 5:colcon.colcon_core.verb:set package 'xline_path_planner' build argument 'cmake_force_configure' from command line to 'False'
[0.502s] Level 5:colcon.colcon_core.verb:set package 'xline_path_planner' build argument 'ament_cmake_args' from command line to 'None'
[0.502s] Level 5:colcon.colcon_core.verb:set package 'xline_path_planner' build argument 'catkin_cmake_args' from command line to 'None'
[0.502s] Level 5:colcon.colcon_core.verb:set package 'xline_path_planner' build argument 'catkin_skip_building_tests' from command line to 'False'
[0.502s] DEBUG:colcon.colcon_core.verb:Building package 'xline_path_planner' with the following arguments: {'ament_cmake_args': None, 'build_base': '/root/xline_path_planner/build/xline_path_planner', 'catkin_cmake_args': None, 'catkin_skip_building_tests': False, 'cmake_args': None, 'cmake_clean_cache': False, 'cmake_clean_first': False, 'cmake_force_configure': False, 'cmake_target': None, 'cmake_target_skip_unavailable': False, 'install_base': '/root/xline_path_planner/install/xline_path_planner', 'merge_install': False, 'path': '/root/xline_path_planner/xline_path_planner', 'symlink_install': False, 'test_result_base': None}
[0.503s] INFO:colcon.colcon_core.executor:Executing jobs using 'parallel' executor
[0.505s] DEBUG:colcon.colcon_parallel_executor.executor.parallel:run_until_complete
[0.505s] INFO:colcon.colcon_ros.task.ament_cmake.build:Building ROS package in '/root/xline_path_planner/xline_path_planner' with build type 'ament_cmake'
[0.506s] INFO:colcon.colcon_cmake.task.cmake.build:Building CMake package in '/root/xline_path_planner/xline_path_planner'
[0.510s] INFO:colcon.colcon_core.plugin_system:Skipping extension 'colcon_core.shell.bat': Not used on non-Windows systems
[0.510s] INFO:colcon.colcon_core.shell:Skip shell extension 'powershell' for command environment: Not usable outside of PowerShell
[0.510s] DEBUG:colcon.colcon_core.shell:Skip shell extension 'dsv' for command environment
[0.533s] DEBUG:colcon.colcon_core.event_handler.log_command:Invoking command in '/root/xline_path_planner/build/xline_path_planner': CMAKE_PREFIX_PATH=${CMAKE_PREFIX_PATH}:/opt/ros/humble /usr/bin/cmake --build /root/xline_path_planner/build/xline_path_planner -- -j8 -l8
[0.639s] DEBUG:colcon.colcon_core.event_handler.log_command:Invoked command in '/root/xline_path_planner/build/xline_path_planner' returned '0': CMAKE_PREFIX_PATH=${CMAKE_PREFIX_PATH}:/opt/ros/humble /usr/bin/cmake --build /root/xline_path_planner/build/xline_path_planner -- -j8 -l8
[0.655s] DEBUG:colcon.colcon_core.event_handler.log_command:Invoking command in '/root/xline_path_planner/build/xline_path_planner': CMAKE_PREFIX_PATH=${CMAKE_PREFIX_PATH}:/opt/ros/humble /usr/bin/cmake --install /root/xline_path_planner/build/xline_path_planner
[0.667s] Level 1:colcon.colcon_core.environment:create_environment_scripts_only(xline_path_planner)
[0.668s] DEBUG:colcon.colcon_core.event_handler.log_command:Invoked command in '/root/xline_path_planner/build/xline_path_planner' returned '0': CMAKE_PREFIX_PATH=${CMAKE_PREFIX_PATH}:/opt/ros/humble /usr/bin/cmake --install /root/xline_path_planner/build/xline_path_planner
[0.672s] Level 1:colcon.colcon_core.environment:checking '/root/xline_path_planner/install/xline_path_planner' for CMake module files
[0.672s] Level 1:colcon.colcon_core.environment:checking '/root/xline_path_planner/install/xline_path_planner' for CMake config files
[0.673s] Level 1:colcon.colcon_core.shell:create_environment_hook('xline_path_planner', 'cmake_prefix_path')
[0.673s] INFO:colcon.colcon_core.shell:Creating environment hook '/root/xline_path_planner/install/xline_path_planner/share/xline_path_planner/hook/cmake_prefix_path.ps1'
[0.674s] INFO:colcon.colcon_core.shell:Creating environment descriptor '/root/xline_path_planner/install/xline_path_planner/share/xline_path_planner/hook/cmake_prefix_path.dsv'
[0.675s] INFO:colcon.colcon_core.shell:Creating environment hook '/root/xline_path_planner/install/xline_path_planner/share/xline_path_planner/hook/cmake_prefix_path.sh'
[0.676s] Level 1:colcon.colcon_core.environment:checking '/root/xline_path_planner/install/xline_path_planner/lib'
[0.676s] Level 1:colcon.colcon_core.environment:checking '/root/xline_path_planner/install/xline_path_planner/bin'
[0.676s] Level 1:colcon.colcon_core.environment:checking '/root/xline_path_planner/install/xline_path_planner/lib/pkgconfig/xline_path_planner.pc'
[0.677s] Level 1:colcon.colcon_core.environment:checking '/root/xline_path_planner/install/xline_path_planner/lib/python3.10/site-packages'
[0.678s] Level 1:colcon.colcon_core.environment:checking '/root/xline_path_planner/install/xline_path_planner/bin'
[0.678s] INFO:colcon.colcon_core.shell:Creating package script '/root/xline_path_planner/install/xline_path_planner/share/xline_path_planner/package.ps1'
[0.681s] INFO:colcon.colcon_core.shell:Creating package descriptor '/root/xline_path_planner/install/xline_path_planner/share/xline_path_planner/package.dsv'
[0.681s] INFO:colcon.colcon_core.shell:Creating package script '/root/xline_path_planner/install/xline_path_planner/share/xline_path_planner/package.sh'
[0.683s] INFO:colcon.colcon_core.shell:Creating package script '/root/xline_path_planner/install/xline_path_planner/share/xline_path_planner/package.bash'
[0.684s] INFO:colcon.colcon_core.shell:Creating package script '/root/xline_path_planner/install/xline_path_planner/share/xline_path_planner/package.zsh'
[0.685s] Level 1:colcon.colcon_core.environment:create_file_with_runtime_dependencies(/root/xline_path_planner/install/xline_path_planner/share/colcon-core/packages/xline_path_planner)
[0.685s] Level 1:colcon.colcon_core.environment:create_environment_scripts_only(xline_path_planner)
[0.686s] Level 1:colcon.colcon_core.environment:checking '/root/xline_path_planner/install/xline_path_planner' for CMake module files
[0.686s] Level 1:colcon.colcon_core.environment:checking '/root/xline_path_planner/install/xline_path_planner' for CMake config files
[0.687s] Level 1:colcon.colcon_core.shell:create_environment_hook('xline_path_planner', 'cmake_prefix_path')
[0.687s] INFO:colcon.colcon_core.shell:Creating environment hook '/root/xline_path_planner/install/xline_path_planner/share/xline_path_planner/hook/cmake_prefix_path.ps1'
[0.688s] INFO:colcon.colcon_core.shell:Creating environment descriptor '/root/xline_path_planner/install/xline_path_planner/share/xline_path_planner/hook/cmake_prefix_path.dsv'
[0.689s] INFO:colcon.colcon_core.shell:Creating environment hook '/root/xline_path_planner/install/xline_path_planner/share/xline_path_planner/hook/cmake_prefix_path.sh'
[0.690s] Level 1:colcon.colcon_core.environment:checking '/root/xline_path_planner/install/xline_path_planner/lib'
[0.690s] Level 1:colcon.colcon_core.environment:checking '/root/xline_path_planner/install/xline_path_planner/bin'
[0.690s] Level 1:colcon.colcon_core.environment:checking '/root/xline_path_planner/install/xline_path_planner/lib/pkgconfig/xline_path_planner.pc'
[0.690s] Level 1:colcon.colcon_core.environment:checking '/root/xline_path_planner/install/xline_path_planner/lib/python3.10/site-packages'
[0.690s] Level 1:colcon.colcon_core.environment:checking '/root/xline_path_planner/install/xline_path_planner/bin'
[0.691s] INFO:colcon.colcon_core.shell:Creating package script '/root/xline_path_planner/install/xline_path_planner/share/xline_path_planner/package.ps1'
[0.691s] INFO:colcon.colcon_core.shell:Creating package descriptor '/root/xline_path_planner/install/xline_path_planner/share/xline_path_planner/package.dsv'
[0.692s] INFO:colcon.colcon_core.shell:Creating package script '/root/xline_path_planner/install/xline_path_planner/share/xline_path_planner/package.sh'
[0.693s] INFO:colcon.colcon_core.shell:Creating package script '/root/xline_path_planner/install/xline_path_planner/share/xline_path_planner/package.bash'
[0.693s] INFO:colcon.colcon_core.shell:Creating package script '/root/xline_path_planner/install/xline_path_planner/share/xline_path_planner/package.zsh'
[0.694s] Level 1:colcon.colcon_core.environment:create_file_with_runtime_dependencies(/root/xline_path_planner/install/xline_path_planner/share/colcon-core/packages/xline_path_planner)
[0.694s] DEBUG:colcon.colcon_parallel_executor.executor.parallel:closing loop
[0.695s] DEBUG:colcon.colcon_parallel_executor.executor.parallel:loop closed
[0.695s] DEBUG:colcon.colcon_parallel_executor.executor.parallel:run_until_complete finished with '0'
[0.696s] DEBUG:colcon.colcon_core.event_reactor:joining thread
[0.702s] INFO:colcon.colcon_core.plugin_system:Skipping extension 'colcon_notification.desktop_notification.notify_send': Could not find 'notify-send'
[0.702s] INFO:colcon.colcon_core.plugin_system:Skipping extension 'colcon_notification.desktop_notification.terminal_notifier': Not used on non-Darwin systems
[0.702s] INFO:colcon.colcon_core.plugin_system:Skipping extension 'colcon_notification.desktop_notification.win32': Not used on non-Windows systems
[0.702s] INFO:colcon.colcon_notification.desktop_notification:Sending desktop notification using 'notify2'
[0.706s] DEBUG:colcon.colcon_notification.desktop_notification.notify2:Failed to initialize notify2: org.freedesktop.DBus.Error.Spawn.ExecFailed: /usr/bin/dbus-launch terminated abnormally without any error message
[0.707s] DEBUG:colcon.colcon_core.event_reactor:joined thread
[0.708s] INFO:colcon.colcon_core.shell:Creating prefix script '/root/xline_path_planner/install/local_setup.ps1'
[0.710s] INFO:colcon.colcon_core.shell:Creating prefix util module '/root/xline_path_planner/install/_local_setup_util_ps1.py'
[0.712s] INFO:colcon.colcon_core.shell:Creating prefix chain script '/root/xline_path_planner/install/setup.ps1'
[0.715s] INFO:colcon.colcon_core.shell:Creating prefix script '/root/xline_path_planner/install/local_setup.sh'
[0.716s] INFO:colcon.colcon_core.shell:Creating prefix util module '/root/xline_path_planner/install/_local_setup_util_sh.py'
[0.717s] INFO:colcon.colcon_core.shell:Creating prefix chain script '/root/xline_path_planner/install/setup.sh'
[0.719s] INFO:colcon.colcon_core.shell:Creating prefix script '/root/xline_path_planner/install/local_setup.bash'
[0.720s] INFO:colcon.colcon_core.shell:Creating prefix chain script '/root/xline_path_planner/install/setup.bash'
[0.722s] INFO:colcon.colcon_core.shell:Creating prefix script '/root/xline_path_planner/install/local_setup.zsh'
[0.723s] INFO:colcon.colcon_core.shell:Creating prefix chain script '/root/xline_path_planner/install/setup.zsh'
