-- Found ament_cmake: 1.3.11 (/opt/ros/humble/share/ament_cmake/cmake)
-- Found rclcpp: 16.0.12 (/opt/ros/humble/share/rclcpp/cmake)
-- Found rosidl_generator_c: 3.1.6 (/opt/ros/humble/share/rosidl_generator_c/cmake)
-- Found rosidl_adapter: 3.1.6 (/opt/ros/humble/share/rosidl_adapter/cmake)
-- Found rosidl_generator_cpp: 3.1.6 (/opt/ros/humble/share/rosidl_generator_cpp/cmake)
-- Using all available rosidl_typesupport_c: rosidl_typesupport_fastrtps_c;rosidl_typesupport_introspection_c
-- Using all available rosidl_typesupport_cpp: rosidl_typesupport_fastrtps_cpp;rosidl_typesupport_introspection_cpp
-- Found rmw_implementation_cmake: 6.1.2 (/opt/ros/humble/share/rmw_implementation_cmake/cmake)
-- Found rmw_fastrtps_cpp: 6.2.7 (/opt/ros/humble/share/rmw_fastrtps_cpp/cmake)
-- Using RMW implementation 'rmw_fastrtps_cpp' as default
-- Found rclcpp_action: 16.0.12 (/opt/ros/humble/share/rclcpp_action/cmake)
-- Found rosidl_default_generators: 1.2.0 (/opt/ros/humble/share/rosidl_default_generators/cmake)
-- Found ament_cmake_ros: 0.10.0 (/opt/ros/humble/share/ament_cmake_ros/cmake)
-- Using all available rosidl_typesupport_c: rosidl_typesupport_fastrtps_c;rosidl_typesupport_introspection_c
-- Using all available rosidl_typesupport_cpp: rosidl_typesupport_fastrtps_cpp;rosidl_typesupport_introspection_cpp
-- Found PythonInterp: /usr/bin/python3 (found suitable version "3.10.12", minimum required is "3.6") 
-- Found python_cmake_module: 0.10.0 (/opt/ros/humble/share/python_cmake_module/cmake)
-- Found PythonLibs: /usr/lib/x86_64-linux-gnu/libpython3.10.so (found suitable version "3.10.12", minimum required is "3.5") 
-- Using PYTHON_EXECUTABLE: /usr/bin/python3
-- Using PYTHON_INCLUDE_DIRS: /usr/include/python3.10
-- Using PYTHON_LIBRARIES: /usr/lib/x86_64-linux-gnu/libpython3.10.so
-- Found PythonExtra: .so  
-- Found ament_lint_auto: 0.12.12 (/opt/ros/humble/share/ament_lint_auto/cmake)
-- Added test 'cppcheck' to perform static code analysis on C / C++ code
-- Configured cppcheck include dirs: $<BUILD_INTERFACE:/root/xline_path_planner/xline_path_planner/include>
-- Configured cppcheck exclude dirs and/or files: 
-- Added test 'lint_cmake' to check CMake code style
-- Added test 'uncrustify' to check C / C++ code style
-- Configured uncrustify additional arguments: 
-- Added test 'xmllint' to check XML markup files
-- Configuring done
-- Generating done
-- Build files have been written to: /root/xline_path_planner/build/xline_path_planner
[  2%] Generating C code for ROS interfaces
[  5%] Generating C++ code for ROS interfaces
[  5%] Built target ament_cmake_python_copy_xline_path_planner
running egg_info
creating xline_path_planner.egg-info
writing xline_path_planner.egg-info/PKG-INFO
writing dependency_links to xline_path_planner.egg-info/dependency_links.txt
writing top-level names to xline_path_planner.egg-info/top_level.txt
writing manifest file 'xline_path_planner.egg-info/SOURCES.txt'
reading manifest file 'xline_path_planner.egg-info/SOURCES.txt'
writing manifest file 'xline_path_planner.egg-info/SOURCES.txt'
[  5%] Built target ament_cmake_python_build_xline_path_planner_egg
[  7%] Building C object CMakeFiles/xline_path_planner__rosidl_generator_c.dir/rosidl_generator_c/xline_path_planner/action/detail/plan_path__functions.c.o
[  7%] Built target xline_path_planner__cpp
[ 12%] Generating C++ type support for eProsima Fast-RTPS
[ 12%] Generating C++ type support dispatch for ROS interfaces
[ 15%] Generating C++ introspection for ROS interfaces
[ 17%] Building CXX object CMakeFiles/xline_path_planner__rosidl_typesupport_cpp.dir/rosidl_typesupport_cpp/xline_path_planner/action/plan_path__type_support.cpp.o
[ 20%] Linking C shared library libxline_path_planner__rosidl_generator_c.so
[ 23%] Building CXX object CMakeFiles/xline_path_planner__rosidl_typesupport_introspection_cpp.dir/rosidl_typesupport_introspection_cpp/xline_path_planner/action/detail/plan_path__type_support.cpp.o
[ 23%] Built target xline_path_planner__rosidl_generator_c
[ 25%] Generating C type support for eProsima Fast-RTPS
[ 28%] Generating C introspection for ROS interfaces
[ 30%] Generating C type support dispatch for ROS interfaces
[ 33%] Building CXX object CMakeFiles/xline_path_planner__rosidl_typesupport_fastrtps_cpp.dir/rosidl_typesupport_fastrtps_cpp/xline_path_planner/action/detail/dds_fastrtps/plan_path__type_support.cpp.o
[ 35%] Building CXX object CMakeFiles/xline_path_planner__rosidl_typesupport_c.dir/rosidl_typesupport_c/xline_path_planner/action/plan_path__type_support.cpp.o
[ 38%] Linking CXX shared library libxline_path_planner__rosidl_typesupport_cpp.so
[ 38%] Built target xline_path_planner__rosidl_typesupport_cpp
[ 41%] Linking CXX shared library libxline_path_planner__rosidl_typesupport_c.so
[ 41%] Built target xline_path_planner__rosidl_typesupport_c
[ 43%] Building C object CMakeFiles/xline_path_planner__rosidl_typesupport_introspection_c.dir/rosidl_typesupport_introspection_c/xline_path_planner/action/detail/plan_path__type_support.c.o
[ 46%] Building CXX object CMakeFiles/xline_path_planner__rosidl_typesupport_fastrtps_c.dir/rosidl_typesupport_fastrtps_c/xline_path_planner/action/detail/plan_path__type_support_c.cpp.o
[ 48%] Linking C shared library libxline_path_planner__rosidl_typesupport_introspection_c.so
[ 48%] Built target xline_path_planner__rosidl_typesupport_introspection_c
[ 51%] Linking CXX shared library libxline_path_planner__rosidl_typesupport_introspection_cpp.so
[ 51%] Built target xline_path_planner__rosidl_typesupport_introspection_cpp
[ 53%] Linking CXX shared library libxline_path_planner__rosidl_typesupport_fastrtps_cpp.so
[ 53%] Built target xline_path_planner__rosidl_typesupport_fastrtps_cpp
[ 56%] Linking CXX shared library libxline_path_planner__rosidl_typesupport_fastrtps_c.so
[ 56%] Built target xline_path_planner__rosidl_typesupport_fastrtps_c
[ 56%] Built target xline_path_planner
[ 58%] Generating Python code for ROS interfaces
Consolidate compiler generated dependencies of target planner_node
[ 61%] Building CXX object CMakeFiles/planner_node.dir/src/main.cpp.o
[ 64%] Building CXX object CMakeFiles/planner_node.dir/src/cad_parser.cpp.o
[ 66%] Building CXX object CMakeFiles/planner_node.dir/src/planner_engine.cpp.o
[ 71%] Building CXX object CMakeFiles/planner_node.dir/src/grid_map_generator.cpp.o
[ 71%] Building CXX object CMakeFiles/planner_node.dir/src/path_planner.cpp.o
[ 74%] Building CXX object CMakeFiles/planner_node.dir/src/trajectory_generator.cpp.o
[ 76%] Building CXX object CMakeFiles/planner_node.dir/src/output_formatter.cpp.o
[ 76%] Built target xline_path_planner__py
[ 79%] Building C object CMakeFiles/xline_path_planner__rosidl_generator_py.dir/rosidl_generator_py/xline_path_planner/action/_plan_path_s.c.o
[ 82%] Linking C shared library rosidl_generator_py/xline_path_planner/libxline_path_planner__rosidl_generator_py.so
[ 82%] Built target xline_path_planner__rosidl_generator_py
[ 84%] Building C object CMakeFiles/xline_path_planner__rosidl_typesupport_introspection_c__pyext.dir/rosidl_generator_py/xline_path_planner/_xline_path_planner_s.ep.rosidl_typesupport_introspection_c.c.o
[ 87%] Building C object CMakeFiles/xline_path_planner__rosidl_typesupport_fastrtps_c__pyext.dir/rosidl_generator_py/xline_path_planner/_xline_path_planner_s.ep.rosidl_typesupport_fastrtps_c.c.o
[ 89%] Linking C shared library rosidl_generator_py/xline_path_planner/xline_path_planner_s__rosidl_typesupport_fastrtps_c.cpython-310-x86_64-linux-gnu.so
[ 92%] Linking C shared library rosidl_generator_py/xline_path_planner/xline_path_planner_s__rosidl_typesupport_introspection_c.cpython-310-x86_64-linux-gnu.so
[ 92%] Built target xline_path_planner__rosidl_typesupport_fastrtps_c__pyext
[ 94%] Building C object CMakeFiles/xline_path_planner__rosidl_typesupport_c__pyext.dir/rosidl_generator_py/xline_path_planner/_xline_path_planner_s.ep.rosidl_typesupport_c.c.o
[ 94%] Built target xline_path_planner__rosidl_typesupport_introspection_c__pyext
[ 97%] Linking C shared library rosidl_generator_py/xline_path_planner/xline_path_planner_s__rosidl_typesupport_c.cpython-310-x86_64-linux-gnu.so
[ 97%] Built target xline_path_planner__rosidl_typesupport_c__pyext
