[0.036s] Invoking command in '/root/xline_path_planner/build/xline_path_planner': CMAKE_PREFIX_PATH=/opt/ros/humble /usr/bin/cmake --build /root/xline_path_planner/build/xline_path_planner -- -j8 -l8
[0.100s] -- Found ament_cmake: 1.3.11 (/opt/ros/humble/share/ament_cmake/cmake)
[0.454s] -- Found rclcpp: 16.0.12 (/opt/ros/humble/share/rclcpp/cmake)
[0.510s] -- Found rosidl_generator_c: 3.1.6 (/opt/ros/humble/share/rosidl_generator_c/cmake)
[0.516s] -- Found rosidl_adapter: 3.1.6 (/opt/ros/humble/share/rosidl_adapter/cmake)
[0.530s] -- Found rosidl_generator_cpp: 3.1.6 (/opt/ros/humble/share/rosidl_generator_cpp/cmake)
[0.551s] -- Using all available rosidl_typesupport_c: rosidl_typesupport_fastrtps_c;rosidl_typesupport_introspection_c
[0.580s] -- Using all available rosidl_typesupport_cpp: rosidl_typesupport_fastrtps_cpp;rosidl_typesupport_introspection_cpp
[0.643s] -- Found rmw_implementation_cmake: 6.1.2 (/opt/ros/humble/share/rmw_implementation_cmake/cmake)
[0.645s] -- Found rmw_fastrtps_cpp: 6.2.7 (/opt/ros/humble/share/rmw_fastrtps_cpp/cmake)
[0.854s] -- Using RMW implementation 'rmw_fastrtps_cpp' as default
[0.983s] -- Found rclcpp_action: 16.0.12 (/opt/ros/humble/share/rclcpp_action/cmake)
[1.064s] -- Found rosidl_default_generators: 1.2.0 (/opt/ros/humble/share/rosidl_default_generators/cmake)
[1.378s] -- Found ament_cmake_ros: 0.10.0 (/opt/ros/humble/share/ament_cmake_ros/cmake)
[1.851s] -- Using all available rosidl_typesupport_c: rosidl_typesupport_fastrtps_c;rosidl_typesupport_introspection_c
[2.022s] -- Using all available rosidl_typesupport_cpp: rosidl_typesupport_fastrtps_cpp;rosidl_typesupport_introspection_cpp
[2.059s] -- Found python_cmake_module: 0.10.0 (/opt/ros/humble/share/python_cmake_module/cmake)
[2.091s] -- Using PYTHON_EXECUTABLE: /usr/bin/python3
[2.091s] -- Using PYTHON_INCLUDE_DIRS: /usr/include/python3.10
[2.091s] -- Using PYTHON_LIBRARIES: /usr/lib/x86_64-linux-gnu/libpython3.10.so
[2.240s] [0mCMake Deprecation Warning at /opt/ros/humble/share/rosidl_cmake/cmake/rosidl_target_interfaces.cmake:32 (message):
[2.240s]   Use rosidl_get_typesupport_target() and target_link_libraries() instead of
[2.241s]   rosidl_target_interfaces()
[2.241s] Call Stack (most recent call first):
[2.241s]   CMakeLists.txt:61 (rosidl_target_interfaces)
[2.241s] 
[2.241s] [0m
[2.241s] -- Found ament_lint_auto: 0.12.12 (/opt/ros/humble/share/ament_lint_auto/cmake)
[2.382s] -- Added test 'cppcheck' to perform static code analysis on C / C++ code
[2.384s] -- Configured cppcheck include dirs: $<BUILD_INTERFACE:/root/xline_path_planner/xline_path_planner/include>
[2.384s] -- Configured cppcheck exclude dirs and/or files: 
[2.386s] -- Added test 'lint_cmake' to check CMake code style
[2.388s] -- Added test 'uncrustify' to check C / C++ code style
[2.388s] -- Configured uncrustify additional arguments: 
[2.388s] -- Added test 'xmllint' to check XML markup files
[2.391s] -- Configuring done
[2.468s] -- Generating done
[2.495s] -- Build files have been written to: /root/xline_path_planner/build/xline_path_planner
[2.532s] [35m[1mConsolidate compiler generated dependencies of target xline_path_planner__rosidl_generator_c[0m
[2.546s] [  2%] Built target xline_path_planner__cpp
[2.552s] [ 10%] Built target xline_path_planner__rosidl_generator_c
[2.571s] [35m[1mConsolidate compiler generated dependencies of target xline_path_planner__rosidl_typesupport_cpp[0m
[2.571s] [35m[1mConsolidate compiler generated dependencies of target xline_path_planner__rosidl_typesupport_fastrtps_cpp[0m
[2.571s] [ 10%] Built target ament_cmake_python_copy_xline_path_planner
[2.573s] [35m[1mConsolidate compiler generated dependencies of target xline_path_planner__rosidl_typesupport_fastrtps_c[0m
[2.574s] [35m[1mConsolidate compiler generated dependencies of target xline_path_planner__rosidl_typesupport_introspection_cpp[0m
[2.581s] [35m[1mConsolidate compiler generated dependencies of target xline_path_planner__rosidl_typesupport_c[0m
[2.582s] [35m[1mConsolidate compiler generated dependencies of target xline_path_planner__rosidl_typesupport_introspection_c[0m
[2.599s] [ 18%] Built target xline_path_planner__rosidl_typesupport_introspection_c
[2.600s] [ 26%] Built target xline_path_planner__rosidl_typesupport_cpp
[2.602s] [ 34%] Built target xline_path_planner__rosidl_typesupport_fastrtps_c
[2.605s] [ 42%] Built target xline_path_planner__rosidl_typesupport_c
[2.607s] [ 50%] Built target xline_path_planner__rosidl_typesupport_fastrtps_cpp
[2.607s] [ 57%] Built target xline_path_planner__rosidl_typesupport_introspection_cpp
[2.638s] [ 57%] Built target xline_path_planner
[2.663s] [35m[1mConsolidate compiler generated dependencies of target planner_node[0m
[2.671s] [ 60%] Built target xline_path_planner__py
[2.686s] [35m[1mConsolidate compiler generated dependencies of target xline_path_planner__rosidl_generator_py[0m
[2.705s] [ 63%] [32mBuilding CXX object CMakeFiles/planner_node.dir/src/main.cpp.o[0m
[2.709s] [ 68%] Built target xline_path_planner__rosidl_generator_py
[2.735s] [35m[1mConsolidate compiler generated dependencies of target xline_path_planner__rosidl_typesupport_introspection_c__pyext[0m
[2.735s] [35m[1mConsolidate compiler generated dependencies of target xline_path_planner__rosidl_typesupport_fastrtps_c__pyext[0m
[2.735s] [35m[1mConsolidate compiler generated dependencies of target xline_path_planner__rosidl_typesupport_c__pyext[0m
[2.759s] [ 73%] Built target xline_path_planner__rosidl_typesupport_introspection_c__pyext
[2.759s] [ 84%] Built target xline_path_planner__rosidl_typesupport_fastrtps_c__pyext
[2.760s] [ 84%] Built target xline_path_planner__rosidl_typesupport_c__pyext
[3.048s] running egg_info
[3.050s] writing xline_path_planner.egg-info/PKG-INFO
[3.051s] writing dependency_links to xline_path_planner.egg-info/dependency_links.txt
[3.052s] writing top-level names to xline_path_planner.egg-info/top_level.txt
[3.057s] reading manifest file 'xline_path_planner.egg-info/SOURCES.txt'
[3.058s] writing manifest file 'xline_path_planner.egg-info/SOURCES.txt'
[3.123s] [ 84%] Built target ament_cmake_python_build_xline_path_planner_egg
[20.335s] [ 86%] [32m[1mLinking CXX executable planner_node[0m
[21.478s] [100%] Built target planner_node
[21.530s] Invoked command in '/root/xline_path_planner/build/xline_path_planner' returned '0': CMAKE_PREFIX_PATH=/opt/ros/humble /usr/bin/cmake --build /root/xline_path_planner/build/xline_path_planner -- -j8 -l8
[21.586s] Invoking command in '/root/xline_path_planner/build/xline_path_planner': CMAKE_PREFIX_PATH=/opt/ros/humble /usr/bin/cmake --install /root/xline_path_planner/build/xline_path_planner
[21.603s] -- Install configuration: "Release"
[21.611s] -- Installing: /root/xline_path_planner/install/xline_path_planner/lib/xline_path_planner/planner_node
[21.614s] -- Set runtime path of "/root/xline_path_planner/install/xline_path_planner/lib/xline_path_planner/planner_node" to ""
[21.615s] -- Up-to-date: /root/xline_path_planner/install/xline_path_planner/share/xline_path_planner/config
[21.615s] -- Up-to-date: /root/xline_path_planner/install/xline_path_planner/share/xline_path_planner/config/planner.yaml
[21.616s] -- Up-to-date: /root/xline_path_planner/install/xline_path_planner/share/ament_index/resource_index/rosidl_interfaces/xline_path_planner
[21.616s] -- Up-to-date: /root/xline_path_planner/install/xline_path_planner/include/xline_path_planner/xline_path_planner
[21.617s] -- Up-to-date: /root/xline_path_planner/install/xline_path_planner/include/xline_path_planner/xline_path_planner/action
[21.617s] -- Up-to-date: /root/xline_path_planner/install/xline_path_planner/include/xline_path_planner/xline_path_planner/action/detail
[21.617s] -- Up-to-date: /root/xline_path_planner/install/xline_path_planner/include/xline_path_planner/xline_path_planner/action/detail/plan_path__type_support.h
[21.617s] -- Up-to-date: /root/xline_path_planner/install/xline_path_planner/include/xline_path_planner/xline_path_planner/action/detail/plan_path__struct.h
[21.617s] -- Up-to-date: /root/xline_path_planner/install/xline_path_planner/include/xline_path_planner/xline_path_planner/action/detail/plan_path__functions.h
[21.617s] -- Up-to-date: /root/xline_path_planner/install/xline_path_planner/include/xline_path_planner/xline_path_planner/action/detail/plan_path__functions.c
[21.617s] -- Up-to-date: /root/xline_path_planner/install/xline_path_planner/include/xline_path_planner/xline_path_planner/action/plan_path.h
[21.618s] -- Up-to-date: /root/xline_path_planner/install/xline_path_planner/include/xline_path_planner/xline_path_planner/msg
[21.618s] -- Up-to-date: /root/xline_path_planner/install/xline_path_planner/include/xline_path_planner/xline_path_planner/msg/rosidl_generator_c__visibility_control.h
[21.618s] -- Up-to-date: /root/xline_path_planner/install/xline_path_planner/share/xline_path_planner/environment/library_path.sh
[21.619s] -- Installing: /root/xline_path_planner/install/xline_path_planner/share/xline_path_planner/environment/library_path.dsv
[21.620s] -- Up-to-date: /root/xline_path_planner/install/xline_path_planner/lib/libxline_path_planner__rosidl_generator_c.so
[21.621s] -- Up-to-date: /root/xline_path_planner/install/xline_path_planner/include/xline_path_planner/xline_path_planner
[21.622s] -- Up-to-date: /root/xline_path_planner/install/xline_path_planner/include/xline_path_planner/xline_path_planner/action
[21.622s] -- Up-to-date: /root/xline_path_planner/install/xline_path_planner/include/xline_path_planner/xline_path_planner/action/detail
[21.622s] -- Up-to-date: /root/xline_path_planner/install/xline_path_planner/include/xline_path_planner/xline_path_planner/action/detail/plan_path__rosidl_typesupport_fastrtps_c.h
[21.623s] -- Up-to-date: /root/xline_path_planner/install/xline_path_planner/include/xline_path_planner/xline_path_planner/msg
[21.624s] -- Up-to-date: /root/xline_path_planner/install/xline_path_planner/include/xline_path_planner/xline_path_planner/msg/rosidl_typesupport_fastrtps_c__visibility_control.h
[21.624s] -- Up-to-date: /root/xline_path_planner/install/xline_path_planner/lib/libxline_path_planner__rosidl_typesupport_fastrtps_c.so
[21.624s] -- Up-to-date: /root/xline_path_planner/install/xline_path_planner/include/xline_path_planner/xline_path_planner
[21.625s] -- Up-to-date: /root/xline_path_planner/install/xline_path_planner/include/xline_path_planner/xline_path_planner/action
[21.625s] -- Up-to-date: /root/xline_path_planner/install/xline_path_planner/include/xline_path_planner/xline_path_planner/action/detail
[21.626s] -- Up-to-date: /root/xline_path_planner/install/xline_path_planner/include/xline_path_planner/xline_path_planner/action/detail/plan_path__traits.hpp
[21.626s] -- Up-to-date: /root/xline_path_planner/install/xline_path_planner/include/xline_path_planner/xline_path_planner/action/detail/plan_path__struct.hpp
[21.627s] -- Up-to-date: /root/xline_path_planner/install/xline_path_planner/include/xline_path_planner/xline_path_planner/action/detail/plan_path__builder.hpp
[21.627s] -- Up-to-date: /root/xline_path_planner/install/xline_path_planner/include/xline_path_planner/xline_path_planner/action/detail/plan_path__type_support.hpp
[21.628s] -- Up-to-date: /root/xline_path_planner/install/xline_path_planner/include/xline_path_planner/xline_path_planner/action/plan_path.hpp
[21.629s] -- Up-to-date: /root/xline_path_planner/install/xline_path_planner/include/xline_path_planner/xline_path_planner/msg
[21.629s] -- Up-to-date: /root/xline_path_planner/install/xline_path_planner/include/xline_path_planner/xline_path_planner/msg/rosidl_generator_cpp__visibility_control.hpp
[21.629s] -- Up-to-date: /root/xline_path_planner/install/xline_path_planner/include/xline_path_planner/xline_path_planner
[21.630s] -- Up-to-date: /root/xline_path_planner/install/xline_path_planner/include/xline_path_planner/xline_path_planner/action
[21.631s] -- Up-to-date: /root/xline_path_planner/install/xline_path_planner/include/xline_path_planner/xline_path_planner/action/detail
[21.632s] -- Up-to-date: /root/xline_path_planner/install/xline_path_planner/include/xline_path_planner/xline_path_planner/action/detail/plan_path__rosidl_typesupport_fastrtps_cpp.hpp
[21.632s] -- Up-to-date: /root/xline_path_planner/install/xline_path_planner/include/xline_path_planner/xline_path_planner/action/detail/dds_fastrtps
[21.633s] -- Up-to-date: /root/xline_path_planner/install/xline_path_planner/include/xline_path_planner/xline_path_planner/msg
[21.633s] -- Up-to-date: /root/xline_path_planner/install/xline_path_planner/include/xline_path_planner/xline_path_planner/msg/rosidl_typesupport_fastrtps_cpp__visibility_control.h
[21.634s] -- Up-to-date: /root/xline_path_planner/install/xline_path_planner/lib/libxline_path_planner__rosidl_typesupport_fastrtps_cpp.so
[21.634s] -- Up-to-date: /root/xline_path_planner/install/xline_path_planner/include/xline_path_planner/xline_path_planner
[21.635s] -- Up-to-date: /root/xline_path_planner/install/xline_path_planner/include/xline_path_planner/xline_path_planner/action
[21.635s] -- Up-to-date: /root/xline_path_planner/install/xline_path_planner/include/xline_path_planner/xline_path_planner/action/detail
[21.635s] -- Up-to-date: /root/xline_path_planner/install/xline_path_planner/include/xline_path_planner/xline_path_planner/action/detail/plan_path__type_support.c
[21.635s] -- Up-to-date: /root/xline_path_planner/install/xline_path_planner/include/xline_path_planner/xline_path_planner/action/detail/plan_path__rosidl_typesupport_introspection_c.h
[21.635s] -- Up-to-date: /root/xline_path_planner/install/xline_path_planner/include/xline_path_planner/xline_path_planner/msg
[21.636s] -- Up-to-date: /root/xline_path_planner/install/xline_path_planner/include/xline_path_planner/xline_path_planner/msg/rosidl_typesupport_introspection_c__visibility_control.h
[21.636s] -- Up-to-date: /root/xline_path_planner/install/xline_path_planner/lib/libxline_path_planner__rosidl_typesupport_introspection_c.so
[21.637s] -- Up-to-date: /root/xline_path_planner/install/xline_path_planner/lib/libxline_path_planner__rosidl_typesupport_c.so
[21.637s] -- Up-to-date: /root/xline_path_planner/install/xline_path_planner/include/xline_path_planner/xline_path_planner
[21.638s] -- Up-to-date: /root/xline_path_planner/install/xline_path_planner/include/xline_path_planner/xline_path_planner/action
[21.639s] -- Up-to-date: /root/xline_path_planner/install/xline_path_planner/include/xline_path_planner/xline_path_planner/action/detail
[21.639s] -- Up-to-date: /root/xline_path_planner/install/xline_path_planner/include/xline_path_planner/xline_path_planner/action/detail/plan_path__type_support.cpp
[21.640s] -- Up-to-date: /root/xline_path_planner/install/xline_path_planner/include/xline_path_planner/xline_path_planner/action/detail/plan_path__rosidl_typesupport_introspection_cpp.hpp
[21.640s] -- Up-to-date: /root/xline_path_planner/install/xline_path_planner/lib/libxline_path_planner__rosidl_typesupport_introspection_cpp.so
[21.641s] -- Up-to-date: /root/xline_path_planner/install/xline_path_planner/lib/libxline_path_planner__rosidl_typesupport_cpp.so
[21.641s] -- Up-to-date: /root/xline_path_planner/install/xline_path_planner/share/xline_path_planner/environment/pythonpath.sh
[21.641s] -- Installing: /root/xline_path_planner/install/xline_path_planner/share/xline_path_planner/environment/pythonpath.dsv
[21.641s] -- Up-to-date: /root/xline_path_planner/install/xline_path_planner/local/lib/python3.10/dist-packages/xline_path_planner-0.0.0-py3.10.egg-info
[21.641s] -- Installing: /root/xline_path_planner/install/xline_path_planner/local/lib/python3.10/dist-packages/xline_path_planner-0.0.0-py3.10.egg-info/SOURCES.txt
[21.641s] -- Installing: /root/xline_path_planner/install/xline_path_planner/local/lib/python3.10/dist-packages/xline_path_planner-0.0.0-py3.10.egg-info/dependency_links.txt
[21.641s] -- Installing: /root/xline_path_planner/install/xline_path_planner/local/lib/python3.10/dist-packages/xline_path_planner-0.0.0-py3.10.egg-info/top_level.txt
[21.641s] -- Installing: /root/xline_path_planner/install/xline_path_planner/local/lib/python3.10/dist-packages/xline_path_planner-0.0.0-py3.10.egg-info/PKG-INFO
[21.642s] -- Up-to-date: /root/xline_path_planner/install/xline_path_planner/local/lib/python3.10/dist-packages/xline_path_planner
[21.642s] -- Up-to-date: /root/xline_path_planner/install/xline_path_planner/local/lib/python3.10/dist-packages/xline_path_planner/action
[21.642s] -- Up-to-date: /root/xline_path_planner/install/xline_path_planner/local/lib/python3.10/dist-packages/xline_path_planner/action/_plan_path_s.c
[21.642s] -- Up-to-date: /root/xline_path_planner/install/xline_path_planner/local/lib/python3.10/dist-packages/xline_path_planner/action/_plan_path.py
[21.642s] -- Up-to-date: /root/xline_path_planner/install/xline_path_planner/local/lib/python3.10/dist-packages/xline_path_planner/action/__init__.py
[21.642s] -- Up-to-date: /root/xline_path_planner/install/xline_path_planner/local/lib/python3.10/dist-packages/xline_path_planner/xline_path_planner_s__rosidl_typesupport_c.cpython-310-x86_64-linux-gnu.so
[21.642s] -- Up-to-date: /root/xline_path_planner/install/xline_path_planner/local/lib/python3.10/dist-packages/xline_path_planner/libxline_path_planner__rosidl_generator_py.so
[21.642s] -- Up-to-date: /root/xline_path_planner/install/xline_path_planner/local/lib/python3.10/dist-packages/xline_path_planner/xline_path_planner_s__rosidl_typesupport_fastrtps_c.cpython-310-x86_64-linux-gnu.so
[21.643s] -- Up-to-date: /root/xline_path_planner/install/xline_path_planner/local/lib/python3.10/dist-packages/xline_path_planner/_xline_path_planner_s.ep.rosidl_typesupport_c.c
[21.643s] -- Up-to-date: /root/xline_path_planner/install/xline_path_planner/local/lib/python3.10/dist-packages/xline_path_planner/_xline_path_planner_s.ep.rosidl_typesupport_fastrtps_c.c
[21.643s] -- Up-to-date: /root/xline_path_planner/install/xline_path_planner/local/lib/python3.10/dist-packages/xline_path_planner/xline_path_planner_s__rosidl_typesupport_introspection_c.cpython-310-x86_64-linux-gnu.so
[21.643s] -- Up-to-date: /root/xline_path_planner/install/xline_path_planner/local/lib/python3.10/dist-packages/xline_path_planner/_xline_path_planner_s.ep.rosidl_typesupport_introspection_c.c
[21.643s] -- Installing: /root/xline_path_planner/install/xline_path_planner/local/lib/python3.10/dist-packages/xline_path_planner/__init__.py
[21.700s] Listing '/root/xline_path_planner/install/xline_path_planner/local/lib/python3.10/dist-packages/xline_path_planner'...
[21.700s] Compiling '/root/xline_path_planner/install/xline_path_planner/local/lib/python3.10/dist-packages/xline_path_planner/__init__.py'...
[21.700s] Listing '/root/xline_path_planner/install/xline_path_planner/local/lib/python3.10/dist-packages/xline_path_planner/action'...
[21.712s] -- Up-to-date: /root/xline_path_planner/install/xline_path_planner/local/lib/python3.10/dist-packages/xline_path_planner/xline_path_planner_s__rosidl_typesupport_fastrtps_c.cpython-310-x86_64-linux-gnu.so
[21.714s] -- Up-to-date: /root/xline_path_planner/install/xline_path_planner/local/lib/python3.10/dist-packages/xline_path_planner/xline_path_planner_s__rosidl_typesupport_introspection_c.cpython-310-x86_64-linux-gnu.so
[21.715s] -- Up-to-date: /root/xline_path_planner/install/xline_path_planner/local/lib/python3.10/dist-packages/xline_path_planner/xline_path_planner_s__rosidl_typesupport_c.cpython-310-x86_64-linux-gnu.so
[21.716s] -- Up-to-date: /root/xline_path_planner/install/xline_path_planner/lib/libxline_path_planner__rosidl_generator_py.so
[21.717s] -- Up-to-date: /root/xline_path_planner/install/xline_path_planner/share/xline_path_planner/action/PlanPath.idl
[21.717s] -- Up-to-date: /root/xline_path_planner/install/xline_path_planner/share/xline_path_planner/action/PlanPath.action
[21.718s] -- Up-to-date: /root/xline_path_planner/install/xline_path_planner/share/ament_index/resource_index/package_run_dependencies/xline_path_planner
[21.718s] -- Up-to-date: /root/xline_path_planner/install/xline_path_planner/share/ament_index/resource_index/parent_prefix_path/xline_path_planner
[21.718s] -- Up-to-date: /root/xline_path_planner/install/xline_path_planner/share/xline_path_planner/environment/ament_prefix_path.sh
[21.719s] -- Installing: /root/xline_path_planner/install/xline_path_planner/share/xline_path_planner/environment/ament_prefix_path.dsv
[21.719s] -- Up-to-date: /root/xline_path_planner/install/xline_path_planner/share/xline_path_planner/environment/path.sh
[21.720s] -- Installing: /root/xline_path_planner/install/xline_path_planner/share/xline_path_planner/environment/path.dsv
[21.721s] -- Up-to-date: /root/xline_path_planner/install/xline_path_planner/share/xline_path_planner/local_setup.bash
[21.722s] -- Up-to-date: /root/xline_path_planner/install/xline_path_planner/share/xline_path_planner/local_setup.sh
[21.722s] -- Up-to-date: /root/xline_path_planner/install/xline_path_planner/share/xline_path_planner/local_setup.zsh
[21.722s] -- Installing: /root/xline_path_planner/install/xline_path_planner/share/xline_path_planner/local_setup.dsv
[21.722s] -- Installing: /root/xline_path_planner/install/xline_path_planner/share/xline_path_planner/package.dsv
[21.723s] -- Up-to-date: /root/xline_path_planner/install/xline_path_planner/share/ament_index/resource_index/packages/xline_path_planner
[21.723s] -- Up-to-date: /root/xline_path_planner/install/xline_path_planner/share/xline_path_planner/cmake/export_xline_path_planner__rosidl_generator_cExport.cmake
[21.723s] -- Up-to-date: /root/xline_path_planner/install/xline_path_planner/share/xline_path_planner/cmake/export_xline_path_planner__rosidl_generator_cExport-release.cmake
[21.723s] -- Up-to-date: /root/xline_path_planner/install/xline_path_planner/share/xline_path_planner/cmake/export_xline_path_planner__rosidl_typesupport_fastrtps_cExport.cmake
[21.724s] -- Up-to-date: /root/xline_path_planner/install/xline_path_planner/share/xline_path_planner/cmake/export_xline_path_planner__rosidl_typesupport_fastrtps_cExport-release.cmake
[21.724s] -- Up-to-date: /root/xline_path_planner/install/xline_path_planner/share/xline_path_planner/cmake/export_xline_path_planner__rosidl_generator_cppExport.cmake
[21.724s] -- Up-to-date: /root/xline_path_planner/install/xline_path_planner/share/xline_path_planner/cmake/export_xline_path_planner__rosidl_typesupport_fastrtps_cppExport.cmake
[21.724s] -- Up-to-date: /root/xline_path_planner/install/xline_path_planner/share/xline_path_planner/cmake/export_xline_path_planner__rosidl_typesupport_fastrtps_cppExport-release.cmake
[21.725s] -- Up-to-date: /root/xline_path_planner/install/xline_path_planner/share/xline_path_planner/cmake/xline_path_planner__rosidl_typesupport_introspection_cExport.cmake
[21.725s] -- Up-to-date: /root/xline_path_planner/install/xline_path_planner/share/xline_path_planner/cmake/xline_path_planner__rosidl_typesupport_introspection_cExport-release.cmake
[21.725s] -- Up-to-date: /root/xline_path_planner/install/xline_path_planner/share/xline_path_planner/cmake/xline_path_planner__rosidl_typesupport_cExport.cmake
[21.725s] -- Up-to-date: /root/xline_path_planner/install/xline_path_planner/share/xline_path_planner/cmake/xline_path_planner__rosidl_typesupport_cExport-release.cmake
[21.725s] -- Up-to-date: /root/xline_path_planner/install/xline_path_planner/share/xline_path_planner/cmake/xline_path_planner__rosidl_typesupport_introspection_cppExport.cmake
[21.725s] -- Up-to-date: /root/xline_path_planner/install/xline_path_planner/share/xline_path_planner/cmake/xline_path_planner__rosidl_typesupport_introspection_cppExport-release.cmake
[21.725s] -- Up-to-date: /root/xline_path_planner/install/xline_path_planner/share/xline_path_planner/cmake/xline_path_planner__rosidl_typesupport_cppExport.cmake
[21.726s] -- Up-to-date: /root/xline_path_planner/install/xline_path_planner/share/xline_path_planner/cmake/xline_path_planner__rosidl_typesupport_cppExport-release.cmake
[21.726s] -- Up-to-date: /root/xline_path_planner/install/xline_path_planner/share/xline_path_planner/cmake/export_xline_path_planner__rosidl_generator_pyExport.cmake
[21.726s] -- Up-to-date: /root/xline_path_planner/install/xline_path_planner/share/xline_path_planner/cmake/export_xline_path_planner__rosidl_generator_pyExport-release.cmake
[21.726s] -- Up-to-date: /root/xline_path_planner/install/xline_path_planner/share/xline_path_planner/cmake/rosidl_cmake-extras.cmake
[21.727s] -- Up-to-date: /root/xline_path_planner/install/xline_path_planner/share/xline_path_planner/cmake/ament_cmake_export_dependencies-extras.cmake
[21.727s] -- Up-to-date: /root/xline_path_planner/install/xline_path_planner/share/xline_path_planner/cmake/ament_cmake_export_include_directories-extras.cmake
[21.727s] -- Up-to-date: /root/xline_path_planner/install/xline_path_planner/share/xline_path_planner/cmake/ament_cmake_export_libraries-extras.cmake
[21.727s] -- Up-to-date: /root/xline_path_planner/install/xline_path_planner/share/xline_path_planner/cmake/ament_cmake_export_targets-extras.cmake
[21.727s] -- Up-to-date: /root/xline_path_planner/install/xline_path_planner/share/xline_path_planner/cmake/rosidl_cmake_export_typesupport_targets-extras.cmake
[21.727s] -- Up-to-date: /root/xline_path_planner/install/xline_path_planner/share/xline_path_planner/cmake/rosidl_cmake_export_typesupport_libraries-extras.cmake
[21.727s] -- Up-to-date: /root/xline_path_planner/install/xline_path_planner/share/xline_path_planner/cmake/xline_path_plannerConfig.cmake
[21.728s] -- Up-to-date: /root/xline_path_planner/install/xline_path_planner/share/xline_path_planner/cmake/xline_path_plannerConfig-version.cmake
[21.728s] -- Up-to-date: /root/xline_path_planner/install/xline_path_planner/share/xline_path_planner/package.xml
[21.733s] Invoked command in '/root/xline_path_planner/build/xline_path_planner' returned '0': CMAKE_PREFIX_PATH=/opt/ros/humble /usr/bin/cmake --install /root/xline_path_planner/build/xline_path_planner
