[0.043s] Invoking command in '/root/xline_path_planner/build/xline_path_planner': CMAKE_PREFIX_PATH=${CMAKE_PREFIX_PATH}:/opt/ros/humble /usr/bin/cmake --build /root/xline_path_planner/build/xline_path_planner -- -j8 -l8
[0.191s] [35m[1mConsolidate compiler generated dependencies of target planner_node[0m
[0.364s] [100%] Built target planner_node
[0.391s] Invoked command in '/root/xline_path_planner/build/xline_path_planner' returned '0': CMAKE_PREFIX_PATH=${CMAKE_PREFIX_PATH}:/opt/ros/humble /usr/bin/cmake --build /root/xline_path_planner/build/xline_path_planner -- -j8 -l8
[0.411s] Invoking command in '/root/xline_path_planner/build/xline_path_planner': CMAKE_PREFIX_PATH=${CMAKE_PREFIX_PATH}:/opt/ros/humble /usr/bin/cmake --install /root/xline_path_planner/build/xline_path_planner
[0.424s] -- Install configuration: ""
[0.425s] -- Up-to-date: /root/xline_path_planner/install/xline_path_planner/lib/xline_path_planner/planner_node
[0.426s] -- Up-to-date: /root/xline_path_planner/install/xline_path_planner/share/ament_index/resource_index/package_run_dependencies/xline_path_planner
[0.426s] -- Up-to-date: /root/xline_path_planner/install/xline_path_planner/share/ament_index/resource_index/parent_prefix_path/xline_path_planner
[0.426s] -- Up-to-date: /root/xline_path_planner/install/xline_path_planner/share/xline_path_planner/environment/ament_prefix_path.sh
[0.427s] -- Up-to-date: /root/xline_path_planner/install/xline_path_planner/share/xline_path_planner/environment/ament_prefix_path.dsv
[0.427s] -- Up-to-date: /root/xline_path_planner/install/xline_path_planner/share/xline_path_planner/environment/path.sh
[0.427s] -- Up-to-date: /root/xline_path_planner/install/xline_path_planner/share/xline_path_planner/environment/path.dsv
[0.427s] -- Up-to-date: /root/xline_path_planner/install/xline_path_planner/share/xline_path_planner/local_setup.bash
[0.427s] -- Up-to-date: /root/xline_path_planner/install/xline_path_planner/share/xline_path_planner/local_setup.sh
[0.428s] -- Up-to-date: /root/xline_path_planner/install/xline_path_planner/share/xline_path_planner/local_setup.zsh
[0.428s] -- Up-to-date: /root/xline_path_planner/install/xline_path_planner/share/xline_path_planner/local_setup.dsv
[0.428s] -- Installing: /root/xline_path_planner/install/xline_path_planner/share/xline_path_planner/package.dsv
[0.428s] -- Up-to-date: /root/xline_path_planner/install/xline_path_planner/share/ament_index/resource_index/packages/xline_path_planner
[0.428s] -- Up-to-date: /root/xline_path_planner/install/xline_path_planner/share/xline_path_planner/cmake/xline_path_plannerConfig.cmake
[0.428s] -- Up-to-date: /root/xline_path_planner/install/xline_path_planner/share/xline_path_planner/cmake/xline_path_plannerConfig-version.cmake
[0.428s] -- Up-to-date: /root/xline_path_planner/install/xline_path_planner/share/xline_path_planner/package.xml
[0.431s] Invoked command in '/root/xline_path_planner/build/xline_path_planner' returned '0': CMAKE_PREFIX_PATH=${CMAKE_PREFIX_PATH}:/opt/ros/humble /usr/bin/cmake --install /root/xline_path_planner/build/xline_path_planner
