[0.287s] DEBUG:colcon:Command line arguments: ['/usr/bin/colcon', 'build', '--packages-select', 'xline_path_planner', '--cmake-args', '-DCMAKE_BUILD_TYPE=Release']
[0.287s] DEBUG:colcon:Parsed command line arguments: Namespace(log_base=None, log_level=None, verb_name='build', build_base='build', install_base='install', merge_install=False, symlink_install=False, test_result_base=None, continue_on_error=False, executor='parallel', parallel_workers=8, event_handlers=None, ignore_user_meta=False, metas=['./colcon.meta'], base_paths=['.'], packages_ignore=None, packages_ignore_regex=None, paths=None, packages_up_to=None, packages_up_to_regex=None, packages_above=None, packages_above_and_dependencies=None, packages_above_depth=None, packages_select_by_dep=None, packages_skip_by_dep=None, packages_skip_up_to=None, packages_select_build_failed=False, packages_skip_build_finished=False, packages_select_test_failures=False, packages_skip_test_passed=False, packages_select=['xline_path_planner'], packages_skip=None, packages_select_regex=None, packages_skip_regex=None, packages_start=None, packages_end=None, cmake_args=['-DCMAKE_BUILD_TYPE=Release'], cmake_target=None, cmake_target_skip_unavailable=False, cmake_clean_cache=False, cmake_clean_first=False, cmake_force_configure=False, ament_cmake_args=None, catkin_cmake_args=None, catkin_skip_building_tests=False, mixin_files=None, mixin=None, verb_parser=<colcon_mixin.mixin.mixin_argument.MixinArgumentDecorator object at 0x7f267d619e10>, verb_extension=<colcon_core.verb.build.BuildVerb object at 0x7f267d619960>, main=<bound method BuildVerb.main of <colcon_core.verb.build.BuildVerb object at 0x7f267d619960>>, mixin_verb=('build',))
[0.612s] Level 1:colcon.colcon_core.package_discovery:discover_packages(colcon_meta) check parameters
[0.612s] Level 1:colcon.colcon_core.package_discovery:discover_packages(recursive) check parameters
[0.612s] Level 1:colcon.colcon_core.package_discovery:discover_packages(ignore) check parameters
[0.612s] Level 1:colcon.colcon_core.package_discovery:discover_packages(path) check parameters
[0.612s] Level 1:colcon.colcon_core.package_discovery:discover_packages(colcon_meta) discover
[0.613s] Level 1:colcon.colcon_core.package_discovery:discover_packages(recursive) discover
[0.613s] INFO:colcon.colcon_core.package_discovery:Crawling recursively for packages in '/root/xline_path_planner'
[0.613s] Level 1:colcon.colcon_core.package_identification:_identify(.) by extensions ['ignore', 'ignore_ament_install']
[0.613s] Level 1:colcon.colcon_core.package_identification:_identify(.) by extension 'ignore'
[0.613s] Level 1:colcon.colcon_core.package_identification:_identify(.) by extension 'ignore_ament_install'
[0.613s] Level 1:colcon.colcon_core.package_identification:_identify(.) by extensions ['colcon_pkg']
[0.613s] Level 1:colcon.colcon_core.package_identification:_identify(.) by extension 'colcon_pkg'
[0.613s] Level 1:colcon.colcon_core.package_identification:_identify(.) by extensions ['colcon_meta']
[0.613s] Level 1:colcon.colcon_core.package_identification:_identify(.) by extension 'colcon_meta'
[0.613s] Level 1:colcon.colcon_core.package_identification:_identify(.) by extensions ['ros']
[0.613s] Level 1:colcon.colcon_core.package_identification:_identify(.) by extension 'ros'
[0.678s] Level 1:colcon.colcon_core.package_identification:_identify(.) by extensions ['cmake', 'python']
[0.678s] Level 1:colcon.colcon_core.package_identification:_identify(.) by extension 'cmake'
[0.679s] Level 1:colcon.colcon_core.package_identification:_identify(.) by extension 'python'
[0.679s] Level 1:colcon.colcon_core.package_identification:_identify(.) by extensions ['python_setup_py']
[0.679s] Level 1:colcon.colcon_core.package_identification:_identify(.) by extension 'python_setup_py'
[0.679s] Level 1:colcon.colcon_core.package_identification:_identify(build) by extensions ['ignore', 'ignore_ament_install']
[0.679s] Level 1:colcon.colcon_core.package_identification:_identify(build) by extension 'ignore'
[0.679s] Level 1:colcon.colcon_core.package_identification:_identify(build) ignored
[0.680s] Level 1:colcon.colcon_core.package_identification:_identify(cad_data) by extensions ['ignore', 'ignore_ament_install']
[0.680s] Level 1:colcon.colcon_core.package_identification:_identify(cad_data) by extension 'ignore'
[0.680s] Level 1:colcon.colcon_core.package_identification:_identify(cad_data) by extension 'ignore_ament_install'
[0.680s] Level 1:colcon.colcon_core.package_identification:_identify(cad_data) by extensions ['colcon_pkg']
[0.680s] Level 1:colcon.colcon_core.package_identification:_identify(cad_data) by extension 'colcon_pkg'
[0.680s] Level 1:colcon.colcon_core.package_identification:_identify(cad_data) by extensions ['colcon_meta']
[0.680s] Level 1:colcon.colcon_core.package_identification:_identify(cad_data) by extension 'colcon_meta'
[0.680s] Level 1:colcon.colcon_core.package_identification:_identify(cad_data) by extensions ['ros']
[0.680s] Level 1:colcon.colcon_core.package_identification:_identify(cad_data) by extension 'ros'
[0.680s] Level 1:colcon.colcon_core.package_identification:_identify(cad_data) by extensions ['cmake', 'python']
[0.680s] Level 1:colcon.colcon_core.package_identification:_identify(cad_data) by extension 'cmake'
[0.680s] Level 1:colcon.colcon_core.package_identification:_identify(cad_data) by extension 'python'
[0.680s] Level 1:colcon.colcon_core.package_identification:_identify(cad_data) by extensions ['python_setup_py']
[0.680s] Level 1:colcon.colcon_core.package_identification:_identify(cad_data) by extension 'python_setup_py'
[0.683s] Level 1:colcon.colcon_core.package_identification:_identify(docs) by extensions ['ignore', 'ignore_ament_install']
[0.683s] Level 1:colcon.colcon_core.package_identification:_identify(docs) by extension 'ignore'
[0.684s] Level 1:colcon.colcon_core.package_identification:_identify(docs) by extension 'ignore_ament_install'
[0.684s] Level 1:colcon.colcon_core.package_identification:_identify(docs) by extensions ['colcon_pkg']
[0.684s] Level 1:colcon.colcon_core.package_identification:_identify(docs) by extension 'colcon_pkg'
[0.684s] Level 1:colcon.colcon_core.package_identification:_identify(docs) by extensions ['colcon_meta']
[0.684s] Level 1:colcon.colcon_core.package_identification:_identify(docs) by extension 'colcon_meta'
[0.684s] Level 1:colcon.colcon_core.package_identification:_identify(docs) by extensions ['ros']
[0.684s] Level 1:colcon.colcon_core.package_identification:_identify(docs) by extension 'ros'
[0.684s] Level 1:colcon.colcon_core.package_identification:_identify(docs) by extensions ['cmake', 'python']
[0.685s] Level 1:colcon.colcon_core.package_identification:_identify(docs) by extension 'cmake'
[0.685s] Level 1:colcon.colcon_core.package_identification:_identify(docs) by extension 'python'
[0.685s] Level 1:colcon.colcon_core.package_identification:_identify(docs) by extensions ['python_setup_py']
[0.685s] Level 1:colcon.colcon_core.package_identification:_identify(docs) by extension 'python_setup_py'
[0.685s] Level 1:colcon.colcon_core.package_identification:_identify(install) by extensions ['ignore', 'ignore_ament_install']
[0.685s] Level 1:colcon.colcon_core.package_identification:_identify(install) by extension 'ignore'
[0.685s] Level 1:colcon.colcon_core.package_identification:_identify(install) ignored
[0.685s] Level 1:colcon.colcon_core.package_identification:_identify(log) by extensions ['ignore', 'ignore_ament_install']
[0.686s] Level 1:colcon.colcon_core.package_identification:_identify(log) by extension 'ignore'
[0.686s] Level 1:colcon.colcon_core.package_identification:_identify(log) ignored
[0.686s] Level 1:colcon.colcon_core.package_identification:_identify(path_visualizations) by extensions ['ignore', 'ignore_ament_install']
[0.686s] Level 1:colcon.colcon_core.package_identification:_identify(path_visualizations) by extension 'ignore'
[0.686s] Level 1:colcon.colcon_core.package_identification:_identify(path_visualizations) by extension 'ignore_ament_install'
[0.686s] Level 1:colcon.colcon_core.package_identification:_identify(path_visualizations) by extensions ['colcon_pkg']
[0.686s] Level 1:colcon.colcon_core.package_identification:_identify(path_visualizations) by extension 'colcon_pkg'
[0.686s] Level 1:colcon.colcon_core.package_identification:_identify(path_visualizations) by extensions ['colcon_meta']
[0.686s] Level 1:colcon.colcon_core.package_identification:_identify(path_visualizations) by extension 'colcon_meta'
[0.687s] Level 1:colcon.colcon_core.package_identification:_identify(path_visualizations) by extensions ['ros']
[0.687s] Level 1:colcon.colcon_core.package_identification:_identify(path_visualizations) by extension 'ros'
[0.687s] Level 1:colcon.colcon_core.package_identification:_identify(path_visualizations) by extensions ['cmake', 'python']
[0.687s] Level 1:colcon.colcon_core.package_identification:_identify(path_visualizations) by extension 'cmake'
[0.687s] Level 1:colcon.colcon_core.package_identification:_identify(path_visualizations) by extension 'python'
[0.687s] Level 1:colcon.colcon_core.package_identification:_identify(path_visualizations) by extensions ['python_setup_py']
[0.687s] Level 1:colcon.colcon_core.package_identification:_identify(path_visualizations) by extension 'python_setup_py'
[0.687s] Level 1:colcon.colcon_core.package_identification:_identify(xline_path_planner) by extensions ['ignore', 'ignore_ament_install']
[0.687s] Level 1:colcon.colcon_core.package_identification:_identify(xline_path_planner) by extension 'ignore'
[0.687s] Level 1:colcon.colcon_core.package_identification:_identify(xline_path_planner) by extension 'ignore_ament_install'
[0.687s] Level 1:colcon.colcon_core.package_identification:_identify(xline_path_planner) by extensions ['colcon_pkg']
[0.688s] Level 1:colcon.colcon_core.package_identification:_identify(xline_path_planner) by extension 'colcon_pkg'
[0.688s] Level 1:colcon.colcon_core.package_identification:_identify(xline_path_planner) by extensions ['colcon_meta']
[0.688s] Level 1:colcon.colcon_core.package_identification:_identify(xline_path_planner) by extension 'colcon_meta'
[0.688s] Level 1:colcon.colcon_core.package_identification:_identify(xline_path_planner) by extensions ['ros']
[0.688s] Level 1:colcon.colcon_core.package_identification:_identify(xline_path_planner) by extension 'ros'
[0.693s] DEBUG:colcon.colcon_core.package_identification:Package 'xline_path_planner' with type 'ros.ament_cmake' and name 'xline_path_planner'
[0.693s] Level 1:colcon.colcon_core.package_discovery:discover_packages(recursive) using defaults
[0.693s] Level 1:colcon.colcon_core.package_discovery:discover_packages(ignore) discover
[0.693s] Level 1:colcon.colcon_core.package_discovery:discover_packages(ignore) using defaults
[0.694s] Level 1:colcon.colcon_core.package_discovery:discover_packages(path) discover
[0.694s] Level 1:colcon.colcon_core.package_discovery:discover_packages(path) using defaults
[0.770s] Level 5:colcon.colcon_core.verb:set package 'xline_path_planner' build argument 'cmake_args' from command line to '['-DCMAKE_BUILD_TYPE=Release']'
[0.771s] Level 5:colcon.colcon_core.verb:set package 'xline_path_planner' build argument 'cmake_target' from command line to 'None'
[0.774s] Level 5:colcon.colcon_core.verb:set package 'xline_path_planner' build argument 'cmake_target_skip_unavailable' from command line to 'False'
[0.774s] Level 5:colcon.colcon_core.verb:set package 'xline_path_planner' build argument 'cmake_clean_cache' from command line to 'False'
[0.774s] Level 5:colcon.colcon_core.verb:set package 'xline_path_planner' build argument 'cmake_clean_first' from command line to 'False'
[0.774s] Level 5:colcon.colcon_core.verb:set package 'xline_path_planner' build argument 'cmake_force_configure' from command line to 'False'
[0.775s] Level 5:colcon.colcon_core.verb:set package 'xline_path_planner' build argument 'ament_cmake_args' from command line to 'None'
[0.776s] Level 5:colcon.colcon_core.verb:set package 'xline_path_planner' build argument 'catkin_cmake_args' from command line to 'None'
[0.776s] Level 5:colcon.colcon_core.verb:set package 'xline_path_planner' build argument 'catkin_skip_building_tests' from command line to 'False'
[0.776s] DEBUG:colcon.colcon_core.verb:Building package 'xline_path_planner' with the following arguments: {'ament_cmake_args': None, 'build_base': '/root/xline_path_planner/build/xline_path_planner', 'catkin_cmake_args': None, 'catkin_skip_building_tests': False, 'cmake_args': ['-DCMAKE_BUILD_TYPE=Release'], 'cmake_clean_cache': False, 'cmake_clean_first': False, 'cmake_force_configure': False, 'cmake_target': None, 'cmake_target_skip_unavailable': False, 'install_base': '/root/xline_path_planner/install/xline_path_planner', 'merge_install': False, 'path': '/root/xline_path_planner/xline_path_planner', 'symlink_install': False, 'test_result_base': None}
[0.779s] INFO:colcon.colcon_core.executor:Executing jobs using 'parallel' executor
[0.789s] DEBUG:colcon.colcon_parallel_executor.executor.parallel:run_until_complete
[0.790s] INFO:colcon.colcon_ros.task.ament_cmake.build:Building ROS package in '/root/xline_path_planner/xline_path_planner' with build type 'ament_cmake'
[0.790s] INFO:colcon.colcon_cmake.task.cmake.build:Building CMake package in '/root/xline_path_planner/xline_path_planner'
[0.814s] INFO:colcon.colcon_core.plugin_system:Skipping extension 'colcon_core.shell.bat': Not used on non-Windows systems
[0.814s] INFO:colcon.colcon_core.shell:Skip shell extension 'powershell' for command environment: Not usable outside of PowerShell
[0.814s] DEBUG:colcon.colcon_core.shell:Skip shell extension 'dsv' for command environment
[0.842s] DEBUG:colcon.colcon_core.event_handler.log_command:Invoking command in '/root/xline_path_planner/build/xline_path_planner': CMAKE_PREFIX_PATH=/opt/ros/humble /usr/bin/cmake --build /root/xline_path_planner/build/xline_path_planner -- -j8 -l8
[2.104s] DEBUG:colcon.colcon_core.event_handler.log_command:Invoked command in '/root/xline_path_planner/build/xline_path_planner' returned '0': CMAKE_PREFIX_PATH=/opt/ros/humble /usr/bin/cmake --build /root/xline_path_planner/build/xline_path_planner -- -j8 -l8
[2.118s] DEBUG:colcon.colcon_core.event_handler.log_command:Invoking command in '/root/xline_path_planner/build/xline_path_planner': CMAKE_PREFIX_PATH=/opt/ros/humble /usr/bin/cmake --install /root/xline_path_planner/build/xline_path_planner
[2.135s] Level 1:colcon.colcon_core.environment:create_environment_scripts_only(xline_path_planner)
[2.136s] DEBUG:colcon.colcon_core.event_handler.log_command:Invoked command in '/root/xline_path_planner/build/xline_path_planner' returned '0': CMAKE_PREFIX_PATH=/opt/ros/humble /usr/bin/cmake --install /root/xline_path_planner/build/xline_path_planner
[2.139s] Level 1:colcon.colcon_core.environment:checking '/root/xline_path_planner/install/xline_path_planner' for CMake module files
[2.140s] Level 1:colcon.colcon_core.environment:checking '/root/xline_path_planner/install/xline_path_planner' for CMake config files
[2.140s] Level 1:colcon.colcon_core.shell:create_environment_hook('xline_path_planner', 'cmake_prefix_path')
[2.141s] INFO:colcon.colcon_core.shell:Creating environment hook '/root/xline_path_planner/install/xline_path_planner/share/xline_path_planner/hook/cmake_prefix_path.ps1'
[2.142s] INFO:colcon.colcon_core.shell:Creating environment descriptor '/root/xline_path_planner/install/xline_path_planner/share/xline_path_planner/hook/cmake_prefix_path.dsv'
[2.143s] INFO:colcon.colcon_core.shell:Creating environment hook '/root/xline_path_planner/install/xline_path_planner/share/xline_path_planner/hook/cmake_prefix_path.sh'
[2.144s] Level 1:colcon.colcon_core.environment:checking '/root/xline_path_planner/install/xline_path_planner/lib'
[2.145s] Level 1:colcon.colcon_core.environment:checking '/root/xline_path_planner/install/xline_path_planner/bin'
[2.145s] Level 1:colcon.colcon_core.environment:checking '/root/xline_path_planner/install/xline_path_planner/lib/pkgconfig/xline_path_planner.pc'
[2.147s] Level 1:colcon.colcon_core.environment:checking '/root/xline_path_planner/install/xline_path_planner/lib/python3.10/site-packages'
[2.148s] Level 1:colcon.colcon_core.environment:checking '/root/xline_path_planner/install/xline_path_planner/bin'
[2.149s] INFO:colcon.colcon_core.shell:Creating package script '/root/xline_path_planner/install/xline_path_planner/share/xline_path_planner/package.ps1'
[2.151s] INFO:colcon.colcon_core.shell:Creating package descriptor '/root/xline_path_planner/install/xline_path_planner/share/xline_path_planner/package.dsv'
[2.152s] INFO:colcon.colcon_core.shell:Creating package script '/root/xline_path_planner/install/xline_path_planner/share/xline_path_planner/package.sh'
[2.153s] INFO:colcon.colcon_core.shell:Creating package script '/root/xline_path_planner/install/xline_path_planner/share/xline_path_planner/package.bash'
[2.154s] INFO:colcon.colcon_core.shell:Creating package script '/root/xline_path_planner/install/xline_path_planner/share/xline_path_planner/package.zsh'
[2.155s] Level 1:colcon.colcon_core.environment:create_file_with_runtime_dependencies(/root/xline_path_planner/install/xline_path_planner/share/colcon-core/packages/xline_path_planner)
[2.156s] Level 1:colcon.colcon_core.environment:create_environment_scripts_only(xline_path_planner)
[2.157s] Level 1:colcon.colcon_core.environment:checking '/root/xline_path_planner/install/xline_path_planner' for CMake module files
[2.158s] Level 1:colcon.colcon_core.environment:checking '/root/xline_path_planner/install/xline_path_planner' for CMake config files
[2.158s] Level 1:colcon.colcon_core.shell:create_environment_hook('xline_path_planner', 'cmake_prefix_path')
[2.159s] INFO:colcon.colcon_core.shell:Creating environment hook '/root/xline_path_planner/install/xline_path_planner/share/xline_path_planner/hook/cmake_prefix_path.ps1'
[2.160s] INFO:colcon.colcon_core.shell:Creating environment descriptor '/root/xline_path_planner/install/xline_path_planner/share/xline_path_planner/hook/cmake_prefix_path.dsv'
[2.160s] INFO:colcon.colcon_core.shell:Creating environment hook '/root/xline_path_planner/install/xline_path_planner/share/xline_path_planner/hook/cmake_prefix_path.sh'
[2.161s] Level 1:colcon.colcon_core.environment:checking '/root/xline_path_planner/install/xline_path_planner/lib'
[2.161s] Level 1:colcon.colcon_core.environment:checking '/root/xline_path_planner/install/xline_path_planner/bin'
[2.162s] Level 1:colcon.colcon_core.environment:checking '/root/xline_path_planner/install/xline_path_planner/lib/pkgconfig/xline_path_planner.pc'
[2.162s] Level 1:colcon.colcon_core.environment:checking '/root/xline_path_planner/install/xline_path_planner/lib/python3.10/site-packages'
[2.162s] Level 1:colcon.colcon_core.environment:checking '/root/xline_path_planner/install/xline_path_planner/bin'
[2.163s] INFO:colcon.colcon_core.shell:Creating package script '/root/xline_path_planner/install/xline_path_planner/share/xline_path_planner/package.ps1'
[2.164s] INFO:colcon.colcon_core.shell:Creating package descriptor '/root/xline_path_planner/install/xline_path_planner/share/xline_path_planner/package.dsv'
[2.165s] INFO:colcon.colcon_core.shell:Creating package script '/root/xline_path_planner/install/xline_path_planner/share/xline_path_planner/package.sh'
[2.166s] INFO:colcon.colcon_core.shell:Creating package script '/root/xline_path_planner/install/xline_path_planner/share/xline_path_planner/package.bash'
[2.168s] INFO:colcon.colcon_core.shell:Creating package script '/root/xline_path_planner/install/xline_path_planner/share/xline_path_planner/package.zsh'
[2.168s] Level 1:colcon.colcon_core.environment:create_file_with_runtime_dependencies(/root/xline_path_planner/install/xline_path_planner/share/colcon-core/packages/xline_path_planner)
[2.169s] DEBUG:colcon.colcon_parallel_executor.executor.parallel:closing loop
[2.170s] DEBUG:colcon.colcon_parallel_executor.executor.parallel:loop closed
[2.170s] DEBUG:colcon.colcon_parallel_executor.executor.parallel:run_until_complete finished with '0'
[2.170s] DEBUG:colcon.colcon_core.event_reactor:joining thread
[2.179s] INFO:colcon.colcon_core.plugin_system:Skipping extension 'colcon_notification.desktop_notification.notify_send': Could not find 'notify-send'
[2.179s] INFO:colcon.colcon_core.plugin_system:Skipping extension 'colcon_notification.desktop_notification.terminal_notifier': Not used on non-Darwin systems
[2.179s] INFO:colcon.colcon_core.plugin_system:Skipping extension 'colcon_notification.desktop_notification.win32': Not used on non-Windows systems
[2.179s] INFO:colcon.colcon_notification.desktop_notification:Sending desktop notification using 'notify2'
[2.184s] DEBUG:colcon.colcon_notification.desktop_notification.notify2:Failed to initialize notify2: org.freedesktop.DBus.Error.Spawn.ExecFailed: /usr/bin/dbus-launch terminated abnormally without any error message
[2.185s] DEBUG:colcon.colcon_core.event_reactor:joined thread
[2.186s] INFO:colcon.colcon_core.shell:Creating prefix script '/root/xline_path_planner/install/local_setup.ps1'
[2.189s] INFO:colcon.colcon_core.shell:Creating prefix util module '/root/xline_path_planner/install/_local_setup_util_ps1.py'
[2.193s] INFO:colcon.colcon_core.shell:Creating prefix chain script '/root/xline_path_planner/install/setup.ps1'
[2.195s] INFO:colcon.colcon_core.shell:Creating prefix script '/root/xline_path_planner/install/local_setup.sh'
[2.196s] INFO:colcon.colcon_core.shell:Creating prefix util module '/root/xline_path_planner/install/_local_setup_util_sh.py'
[2.197s] INFO:colcon.colcon_core.shell:Creating prefix chain script '/root/xline_path_planner/install/setup.sh'
[2.200s] INFO:colcon.colcon_core.shell:Creating prefix script '/root/xline_path_planner/install/local_setup.bash'
[2.202s] INFO:colcon.colcon_core.shell:Creating prefix chain script '/root/xline_path_planner/install/setup.bash'
[2.203s] INFO:colcon.colcon_core.shell:Creating prefix script '/root/xline_path_planner/install/local_setup.zsh'
[2.205s] INFO:colcon.colcon_core.shell:Creating prefix chain script '/root/xline_path_planner/install/setup.zsh'
