[  2%] Built target xline_path_planner__cpp
[ 10%] Built target xline_path_planner__rosidl_generator_c
[ 10%] Built target ament_cmake_python_copy_xline_path_planner
[ 17%] Built target xline_path_planner__rosidl_typesupport_cpp
[ 25%] Built target xline_path_planner__rosidl_typesupport_introspection_cpp
[ 33%] Built target xline_path_planner__rosidl_typesupport_fastrtps_cpp
[ 41%] Built target xline_path_planner__rosidl_typesupport_introspection_c
[ 48%] Built target xline_path_planner__rosidl_typesupport_c
[ 56%] Built target xline_path_planner__rosidl_typesupport_fastrtps_c
[ 56%] Built target xline_path_planner
[ 58%] Built target xline_path_planner__py
Consolidate compiler generated dependencies of target planner_node
[ 64%] Built target xline_path_planner__rosidl_generator_py
[ 66%] Building CXX object CMakeFiles/planner_node.dir/src/main.cpp.o
[ 71%] Built target xline_path_planner__rosidl_typesupport_c__pyext
[ 76%] Built target xline_path_planner__rosidl_typesupport_fastrtps_c__pyext
[ 82%] Built target xline_path_planner__rosidl_typesupport_introspection_c__pyext
running egg_info
writing xline_path_planner.egg-info/PKG-INFO
writing dependency_links to xline_path_planner.egg-info/dependency_links.txt
writing top-level names to xline_path_planner.egg-info/top_level.txt
reading manifest file 'xline_path_planner.egg-info/SOURCES.txt'
writing manifest file 'xline_path_planner.egg-info/SOURCES.txt'
[ 82%] Built target ament_cmake_python_build_xline_path_planner_egg
[ 84%] Linking CXX executable planner_node
[100%] Built target planner_node
-- Install configuration: "Release"
-- Installing: /root/xline_path_planner/install/xline_path_planner/lib/xline_path_planner/planner_node
-- Set runtime path of "/root/xline_path_planner/install/xline_path_planner/lib/xline_path_planner/planner_node" to ""
-- Up-to-date: /root/xline_path_planner/install/xline_path_planner/share/xline_path_planner/config
-- Installing: /root/xline_path_planner/install/xline_path_planner/share/xline_path_planner/config/planner.yaml
-- Up-to-date: /root/xline_path_planner/install/xline_path_planner/share/ament_index/resource_index/rosidl_interfaces/xline_path_planner
-- Up-to-date: /root/xline_path_planner/install/xline_path_planner/include/xline_path_planner/xline_path_planner
-- Up-to-date: /root/xline_path_planner/install/xline_path_planner/include/xline_path_planner/xline_path_planner/action
-- Up-to-date: /root/xline_path_planner/install/xline_path_planner/include/xline_path_planner/xline_path_planner/action/detail
-- Up-to-date: /root/xline_path_planner/install/xline_path_planner/include/xline_path_planner/xline_path_planner/action/detail/plan_path__type_support.h
-- Up-to-date: /root/xline_path_planner/install/xline_path_planner/include/xline_path_planner/xline_path_planner/action/detail/plan_path__struct.h
-- Up-to-date: /root/xline_path_planner/install/xline_path_planner/include/xline_path_planner/xline_path_planner/action/detail/plan_path__functions.h
-- Up-to-date: /root/xline_path_planner/install/xline_path_planner/include/xline_path_planner/xline_path_planner/action/detail/plan_path__functions.c
-- Up-to-date: /root/xline_path_planner/install/xline_path_planner/include/xline_path_planner/xline_path_planner/action/plan_path.h
-- Up-to-date: /root/xline_path_planner/install/xline_path_planner/include/xline_path_planner/xline_path_planner/msg
-- Up-to-date: /root/xline_path_planner/install/xline_path_planner/include/xline_path_planner/xline_path_planner/msg/rosidl_generator_c__visibility_control.h
-- Up-to-date: /root/xline_path_planner/install/xline_path_planner/share/xline_path_planner/environment/library_path.sh
-- Installing: /root/xline_path_planner/install/xline_path_planner/share/xline_path_planner/environment/library_path.dsv
-- Up-to-date: /root/xline_path_planner/install/xline_path_planner/lib/libxline_path_planner__rosidl_generator_c.so
-- Up-to-date: /root/xline_path_planner/install/xline_path_planner/include/xline_path_planner/xline_path_planner
-- Up-to-date: /root/xline_path_planner/install/xline_path_planner/include/xline_path_planner/xline_path_planner/action
-- Up-to-date: /root/xline_path_planner/install/xline_path_planner/include/xline_path_planner/xline_path_planner/action/detail
-- Up-to-date: /root/xline_path_planner/install/xline_path_planner/include/xline_path_planner/xline_path_planner/action/detail/plan_path__rosidl_typesupport_fastrtps_c.h
-- Up-to-date: /root/xline_path_planner/install/xline_path_planner/include/xline_path_planner/xline_path_planner/msg
-- Up-to-date: /root/xline_path_planner/install/xline_path_planner/include/xline_path_planner/xline_path_planner/msg/rosidl_typesupport_fastrtps_c__visibility_control.h
-- Up-to-date: /root/xline_path_planner/install/xline_path_planner/lib/libxline_path_planner__rosidl_typesupport_fastrtps_c.so
-- Up-to-date: /root/xline_path_planner/install/xline_path_planner/include/xline_path_planner/xline_path_planner
-- Up-to-date: /root/xline_path_planner/install/xline_path_planner/include/xline_path_planner/xline_path_planner/action
-- Up-to-date: /root/xline_path_planner/install/xline_path_planner/include/xline_path_planner/xline_path_planner/action/detail
-- Up-to-date: /root/xline_path_planner/install/xline_path_planner/include/xline_path_planner/xline_path_planner/action/detail/plan_path__traits.hpp
-- Up-to-date: /root/xline_path_planner/install/xline_path_planner/include/xline_path_planner/xline_path_planner/action/detail/plan_path__struct.hpp
-- Up-to-date: /root/xline_path_planner/install/xline_path_planner/include/xline_path_planner/xline_path_planner/action/detail/plan_path__builder.hpp
-- Up-to-date: /root/xline_path_planner/install/xline_path_planner/include/xline_path_planner/xline_path_planner/action/detail/plan_path__type_support.hpp
-- Up-to-date: /root/xline_path_planner/install/xline_path_planner/include/xline_path_planner/xline_path_planner/action/plan_path.hpp
-- Up-to-date: /root/xline_path_planner/install/xline_path_planner/include/xline_path_planner/xline_path_planner/msg
-- Up-to-date: /root/xline_path_planner/install/xline_path_planner/include/xline_path_planner/xline_path_planner/msg/rosidl_generator_cpp__visibility_control.hpp
-- Up-to-date: /root/xline_path_planner/install/xline_path_planner/include/xline_path_planner/xline_path_planner
-- Up-to-date: /root/xline_path_planner/install/xline_path_planner/include/xline_path_planner/xline_path_planner/action
-- Up-to-date: /root/xline_path_planner/install/xline_path_planner/include/xline_path_planner/xline_path_planner/action/detail
-- Up-to-date: /root/xline_path_planner/install/xline_path_planner/include/xline_path_planner/xline_path_planner/action/detail/plan_path__rosidl_typesupport_fastrtps_cpp.hpp
-- Up-to-date: /root/xline_path_planner/install/xline_path_planner/include/xline_path_planner/xline_path_planner/action/detail/dds_fastrtps
-- Up-to-date: /root/xline_path_planner/install/xline_path_planner/include/xline_path_planner/xline_path_planner/msg
-- Up-to-date: /root/xline_path_planner/install/xline_path_planner/include/xline_path_planner/xline_path_planner/msg/rosidl_typesupport_fastrtps_cpp__visibility_control.h
-- Up-to-date: /root/xline_path_planner/install/xline_path_planner/lib/libxline_path_planner__rosidl_typesupport_fastrtps_cpp.so
-- Up-to-date: /root/xline_path_planner/install/xline_path_planner/include/xline_path_planner/xline_path_planner
-- Up-to-date: /root/xline_path_planner/install/xline_path_planner/include/xline_path_planner/xline_path_planner/action
-- Up-to-date: /root/xline_path_planner/install/xline_path_planner/include/xline_path_planner/xline_path_planner/action/detail
-- Up-to-date: /root/xline_path_planner/install/xline_path_planner/include/xline_path_planner/xline_path_planner/action/detail/plan_path__type_support.c
-- Up-to-date: /root/xline_path_planner/install/xline_path_planner/include/xline_path_planner/xline_path_planner/action/detail/plan_path__rosidl_typesupport_introspection_c.h
-- Up-to-date: /root/xline_path_planner/install/xline_path_planner/include/xline_path_planner/xline_path_planner/msg
-- Up-to-date: /root/xline_path_planner/install/xline_path_planner/include/xline_path_planner/xline_path_planner/msg/rosidl_typesupport_introspection_c__visibility_control.h
-- Up-to-date: /root/xline_path_planner/install/xline_path_planner/lib/libxline_path_planner__rosidl_typesupport_introspection_c.so
-- Up-to-date: /root/xline_path_planner/install/xline_path_planner/lib/libxline_path_planner__rosidl_typesupport_c.so
-- Up-to-date: /root/xline_path_planner/install/xline_path_planner/include/xline_path_planner/xline_path_planner
-- Up-to-date: /root/xline_path_planner/install/xline_path_planner/include/xline_path_planner/xline_path_planner/action
-- Up-to-date: /root/xline_path_planner/install/xline_path_planner/include/xline_path_planner/xline_path_planner/action/detail
-- Up-to-date: /root/xline_path_planner/install/xline_path_planner/include/xline_path_planner/xline_path_planner/action/detail/plan_path__type_support.cpp
-- Up-to-date: /root/xline_path_planner/install/xline_path_planner/include/xline_path_planner/xline_path_planner/action/detail/plan_path__rosidl_typesupport_introspection_cpp.hpp
-- Up-to-date: /root/xline_path_planner/install/xline_path_planner/lib/libxline_path_planner__rosidl_typesupport_introspection_cpp.so
-- Up-to-date: /root/xline_path_planner/install/xline_path_planner/lib/libxline_path_planner__rosidl_typesupport_cpp.so
-- Up-to-date: /root/xline_path_planner/install/xline_path_planner/share/xline_path_planner/environment/pythonpath.sh
-- Installing: /root/xline_path_planner/install/xline_path_planner/share/xline_path_planner/environment/pythonpath.dsv
-- Up-to-date: /root/xline_path_planner/install/xline_path_planner/local/lib/python3.10/dist-packages/xline_path_planner-0.0.0-py3.10.egg-info
-- Installing: /root/xline_path_planner/install/xline_path_planner/local/lib/python3.10/dist-packages/xline_path_planner-0.0.0-py3.10.egg-info/SOURCES.txt
-- Installing: /root/xline_path_planner/install/xline_path_planner/local/lib/python3.10/dist-packages/xline_path_planner-0.0.0-py3.10.egg-info/dependency_links.txt
-- Installing: /root/xline_path_planner/install/xline_path_planner/local/lib/python3.10/dist-packages/xline_path_planner-0.0.0-py3.10.egg-info/top_level.txt
-- Installing: /root/xline_path_planner/install/xline_path_planner/local/lib/python3.10/dist-packages/xline_path_planner-0.0.0-py3.10.egg-info/PKG-INFO
-- Up-to-date: /root/xline_path_planner/install/xline_path_planner/local/lib/python3.10/dist-packages/xline_path_planner
-- Up-to-date: /root/xline_path_planner/install/xline_path_planner/local/lib/python3.10/dist-packages/xline_path_planner/action
-- Up-to-date: /root/xline_path_planner/install/xline_path_planner/local/lib/python3.10/dist-packages/xline_path_planner/action/_plan_path_s.c
-- Up-to-date: /root/xline_path_planner/install/xline_path_planner/local/lib/python3.10/dist-packages/xline_path_planner/action/_plan_path.py
-- Up-to-date: /root/xline_path_planner/install/xline_path_planner/local/lib/python3.10/dist-packages/xline_path_planner/action/__init__.py
-- Up-to-date: /root/xline_path_planner/install/xline_path_planner/local/lib/python3.10/dist-packages/xline_path_planner/xline_path_planner_s__rosidl_typesupport_c.cpython-310-x86_64-linux-gnu.so
-- Up-to-date: /root/xline_path_planner/install/xline_path_planner/local/lib/python3.10/dist-packages/xline_path_planner/libxline_path_planner__rosidl_generator_py.so
-- Up-to-date: /root/xline_path_planner/install/xline_path_planner/local/lib/python3.10/dist-packages/xline_path_planner/xline_path_planner_s__rosidl_typesupport_fastrtps_c.cpython-310-x86_64-linux-gnu.so
-- Up-to-date: /root/xline_path_planner/install/xline_path_planner/local/lib/python3.10/dist-packages/xline_path_planner/_xline_path_planner_s.ep.rosidl_typesupport_c.c
-- Up-to-date: /root/xline_path_planner/install/xline_path_planner/local/lib/python3.10/dist-packages/xline_path_planner/_xline_path_planner_s.ep.rosidl_typesupport_fastrtps_c.c
-- Up-to-date: /root/xline_path_planner/install/xline_path_planner/local/lib/python3.10/dist-packages/xline_path_planner/xline_path_planner_s__rosidl_typesupport_introspection_c.cpython-310-x86_64-linux-gnu.so
-- Up-to-date: /root/xline_path_planner/install/xline_path_planner/local/lib/python3.10/dist-packages/xline_path_planner/_xline_path_planner_s.ep.rosidl_typesupport_introspection_c.c
-- Installing: /root/xline_path_planner/install/xline_path_planner/local/lib/python3.10/dist-packages/xline_path_planner/__init__.py
Listing '/root/xline_path_planner/install/xline_path_planner/local/lib/python3.10/dist-packages/xline_path_planner'...
Compiling '/root/xline_path_planner/install/xline_path_planner/local/lib/python3.10/dist-packages/xline_path_planner/__init__.py'...
Listing '/root/xline_path_planner/install/xline_path_planner/local/lib/python3.10/dist-packages/xline_path_planner/action'...
-- Up-to-date: /root/xline_path_planner/install/xline_path_planner/local/lib/python3.10/dist-packages/xline_path_planner/xline_path_planner_s__rosidl_typesupport_fastrtps_c.cpython-310-x86_64-linux-gnu.so
-- Up-to-date: /root/xline_path_planner/install/xline_path_planner/local/lib/python3.10/dist-packages/xline_path_planner/xline_path_planner_s__rosidl_typesupport_introspection_c.cpython-310-x86_64-linux-gnu.so
-- Up-to-date: /root/xline_path_planner/install/xline_path_planner/local/lib/python3.10/dist-packages/xline_path_planner/xline_path_planner_s__rosidl_typesupport_c.cpython-310-x86_64-linux-gnu.so
-- Up-to-date: /root/xline_path_planner/install/xline_path_planner/lib/libxline_path_planner__rosidl_generator_py.so
-- Up-to-date: /root/xline_path_planner/install/xline_path_planner/share/xline_path_planner/action/PlanPath.idl
-- Up-to-date: /root/xline_path_planner/install/xline_path_planner/share/xline_path_planner/action/PlanPath.action
-- Up-to-date: /root/xline_path_planner/install/xline_path_planner/share/ament_index/resource_index/package_run_dependencies/xline_path_planner
-- Installing: /root/xline_path_planner/install/xline_path_planner/share/ament_index/resource_index/parent_prefix_path/xline_path_planner
-- Up-to-date: /root/xline_path_planner/install/xline_path_planner/share/xline_path_planner/environment/ament_prefix_path.sh
-- Installing: /root/xline_path_planner/install/xline_path_planner/share/xline_path_planner/environment/ament_prefix_path.dsv
-- Up-to-date: /root/xline_path_planner/install/xline_path_planner/share/xline_path_planner/environment/path.sh
-- Installing: /root/xline_path_planner/install/xline_path_planner/share/xline_path_planner/environment/path.dsv
-- Up-to-date: /root/xline_path_planner/install/xline_path_planner/share/xline_path_planner/local_setup.bash
-- Up-to-date: /root/xline_path_planner/install/xline_path_planner/share/xline_path_planner/local_setup.sh
-- Up-to-date: /root/xline_path_planner/install/xline_path_planner/share/xline_path_planner/local_setup.zsh
-- Installing: /root/xline_path_planner/install/xline_path_planner/share/xline_path_planner/local_setup.dsv
-- Installing: /root/xline_path_planner/install/xline_path_planner/share/xline_path_planner/package.dsv
-- Up-to-date: /root/xline_path_planner/install/xline_path_planner/share/ament_index/resource_index/packages/xline_path_planner
-- Up-to-date: /root/xline_path_planner/install/xline_path_planner/share/xline_path_planner/cmake/export_xline_path_planner__rosidl_generator_cExport.cmake
-- Up-to-date: /root/xline_path_planner/install/xline_path_planner/share/xline_path_planner/cmake/export_xline_path_planner__rosidl_generator_cExport-release.cmake
-- Up-to-date: /root/xline_path_planner/install/xline_path_planner/share/xline_path_planner/cmake/export_xline_path_planner__rosidl_typesupport_fastrtps_cExport.cmake
-- Up-to-date: /root/xline_path_planner/install/xline_path_planner/share/xline_path_planner/cmake/export_xline_path_planner__rosidl_typesupport_fastrtps_cExport-release.cmake
-- Up-to-date: /root/xline_path_planner/install/xline_path_planner/share/xline_path_planner/cmake/export_xline_path_planner__rosidl_generator_cppExport.cmake
-- Up-to-date: /root/xline_path_planner/install/xline_path_planner/share/xline_path_planner/cmake/export_xline_path_planner__rosidl_typesupport_fastrtps_cppExport.cmake
-- Up-to-date: /root/xline_path_planner/install/xline_path_planner/share/xline_path_planner/cmake/export_xline_path_planner__rosidl_typesupport_fastrtps_cppExport-release.cmake
-- Up-to-date: /root/xline_path_planner/install/xline_path_planner/share/xline_path_planner/cmake/xline_path_planner__rosidl_typesupport_introspection_cExport.cmake
-- Up-to-date: /root/xline_path_planner/install/xline_path_planner/share/xline_path_planner/cmake/xline_path_planner__rosidl_typesupport_introspection_cExport-release.cmake
-- Up-to-date: /root/xline_path_planner/install/xline_path_planner/share/xline_path_planner/cmake/xline_path_planner__rosidl_typesupport_cExport.cmake
-- Up-to-date: /root/xline_path_planner/install/xline_path_planner/share/xline_path_planner/cmake/xline_path_planner__rosidl_typesupport_cExport-release.cmake
-- Up-to-date: /root/xline_path_planner/install/xline_path_planner/share/xline_path_planner/cmake/xline_path_planner__rosidl_typesupport_introspection_cppExport.cmake
-- Up-to-date: /root/xline_path_planner/install/xline_path_planner/share/xline_path_planner/cmake/xline_path_planner__rosidl_typesupport_introspection_cppExport-release.cmake
-- Up-to-date: /root/xline_path_planner/install/xline_path_planner/share/xline_path_planner/cmake/xline_path_planner__rosidl_typesupport_cppExport.cmake
-- Up-to-date: /root/xline_path_planner/install/xline_path_planner/share/xline_path_planner/cmake/xline_path_planner__rosidl_typesupport_cppExport-release.cmake
-- Up-to-date: /root/xline_path_planner/install/xline_path_planner/share/xline_path_planner/cmake/export_xline_path_planner__rosidl_generator_pyExport.cmake
-- Up-to-date: /root/xline_path_planner/install/xline_path_planner/share/xline_path_planner/cmake/export_xline_path_planner__rosidl_generator_pyExport-release.cmake
-- Up-to-date: /root/xline_path_planner/install/xline_path_planner/share/xline_path_planner/cmake/rosidl_cmake-extras.cmake
-- Up-to-date: /root/xline_path_planner/install/xline_path_planner/share/xline_path_planner/cmake/ament_cmake_export_dependencies-extras.cmake
-- Up-to-date: /root/xline_path_planner/install/xline_path_planner/share/xline_path_planner/cmake/ament_cmake_export_include_directories-extras.cmake
-- Up-to-date: /root/xline_path_planner/install/xline_path_planner/share/xline_path_planner/cmake/ament_cmake_export_libraries-extras.cmake
-- Up-to-date: /root/xline_path_planner/install/xline_path_planner/share/xline_path_planner/cmake/ament_cmake_export_targets-extras.cmake
-- Up-to-date: /root/xline_path_planner/install/xline_path_planner/share/xline_path_planner/cmake/rosidl_cmake_export_typesupport_targets-extras.cmake
-- Up-to-date: /root/xline_path_planner/install/xline_path_planner/share/xline_path_planner/cmake/rosidl_cmake_export_typesupport_libraries-extras.cmake
-- Up-to-date: /root/xline_path_planner/install/xline_path_planner/share/xline_path_planner/cmake/xline_path_plannerConfig.cmake
-- Up-to-date: /root/xline_path_planner/install/xline_path_planner/share/xline_path_planner/cmake/xline_path_plannerConfig-version.cmake
-- Up-to-date: /root/xline_path_planner/install/xline_path_planner/share/xline_path_planner/package.xml
