[0.040s] Invoking command in '/root/xline_path_planner/build/xline_path_planner': CMAKE_PREFIX_PATH=/opt/ros/humble /usr/bin/cmake --build /root/xline_path_planner/build/xline_path_planner -- -j8 -l8
[0.119s] [  2%] Built target xline_path_planner__cpp
[0.120s] [ 10%] Built target xline_path_planner__rosidl_generator_c
[0.138s] [ 10%] Built target ament_cmake_python_copy_xline_path_planner
[0.180s] [ 17%] Built target xline_path_planner__rosidl_typesupport_cpp
[0.180s] [ 25%] Built target xline_path_planner__rosidl_typesupport_introspection_cpp
[0.186s] [ 33%] Built target xline_path_planner__rosidl_typesupport_fastrtps_cpp
[0.186s] [ 41%] Built target xline_path_planner__rosidl_typesupport_introspection_c
[0.189s] [ 48%] Built target xline_path_planner__rosidl_typesupport_c
[0.194s] [ 56%] Built target xline_path_planner__rosidl_typesupport_fastrtps_c
[0.245s] [ 56%] Built target xline_path_planner
[0.294s] [ 58%] Built target xline_path_planner__py
[0.308s] Consolidate compiler generated dependencies of target planner_node
[0.345s] [ 64%] Built target xline_path_planner__rosidl_generator_py
[0.352s] [ 66%] Building CXX object CMakeFiles/planner_node.dir/src/main.cpp.o
[0.396s] [ 71%] Built target xline_path_planner__rosidl_typesupport_c__pyext
[0.396s] [ 76%] Built target xline_path_planner__rosidl_typesupport_fastrtps_c__pyext
[0.400s] [ 82%] Built target xline_path_planner__rosidl_typesupport_introspection_c__pyext
[0.733s] running egg_info
[0.737s] writing xline_path_planner.egg-info/PKG-INFO
[0.738s] writing dependency_links to xline_path_planner.egg-info/dependency_links.txt
[0.739s] writing top-level names to xline_path_planner.egg-info/top_level.txt
[0.749s] reading manifest file 'xline_path_planner.egg-info/SOURCES.txt'
[0.750s] writing manifest file 'xline_path_planner.egg-info/SOURCES.txt'
[0.812s] [ 82%] Built target ament_cmake_python_build_xline_path_planner_egg
[13.984s] [ 84%] Linking CXX executable planner_node
[14.729s] [100%] Built target planner_node
[14.754s] Invoked command in '/root/xline_path_planner/build/xline_path_planner' returned '0': CMAKE_PREFIX_PATH=/opt/ros/humble /usr/bin/cmake --build /root/xline_path_planner/build/xline_path_planner -- -j8 -l8
[14.770s] Invoking command in '/root/xline_path_planner/build/xline_path_planner': CMAKE_PREFIX_PATH=/opt/ros/humble /usr/bin/cmake --install /root/xline_path_planner/build/xline_path_planner
[14.786s] -- Install configuration: "Release"
[14.787s] -- Installing: /root/xline_path_planner/install/xline_path_planner/lib/xline_path_planner/planner_node
[14.793s] -- Set runtime path of "/root/xline_path_planner/install/xline_path_planner/lib/xline_path_planner/planner_node" to ""
[14.794s] -- Up-to-date: /root/xline_path_planner/install/xline_path_planner/share/xline_path_planner/config
[14.794s] -- Installing: /root/xline_path_planner/install/xline_path_planner/share/xline_path_planner/config/planner.yaml
[14.794s] -- Up-to-date: /root/xline_path_planner/install/xline_path_planner/share/ament_index/resource_index/rosidl_interfaces/xline_path_planner
[14.795s] -- Up-to-date: /root/xline_path_planner/install/xline_path_planner/include/xline_path_planner/xline_path_planner
[14.795s] -- Up-to-date: /root/xline_path_planner/install/xline_path_planner/include/xline_path_planner/xline_path_planner/action
[14.797s] -- Up-to-date: /root/xline_path_planner/install/xline_path_planner/include/xline_path_planner/xline_path_planner/action/detail
[14.797s] -- Up-to-date: /root/xline_path_planner/install/xline_path_planner/include/xline_path_planner/xline_path_planner/action/detail/plan_path__type_support.h
[14.797s] -- Up-to-date: /root/xline_path_planner/install/xline_path_planner/include/xline_path_planner/xline_path_planner/action/detail/plan_path__struct.h
[14.798s] -- Up-to-date: /root/xline_path_planner/install/xline_path_planner/include/xline_path_planner/xline_path_planner/action/detail/plan_path__functions.h
[14.798s] -- Up-to-date: /root/xline_path_planner/install/xline_path_planner/include/xline_path_planner/xline_path_planner/action/detail/plan_path__functions.c
[14.799s] -- Up-to-date: /root/xline_path_planner/install/xline_path_planner/include/xline_path_planner/xline_path_planner/action/plan_path.h
[14.799s] -- Up-to-date: /root/xline_path_planner/install/xline_path_planner/include/xline_path_planner/xline_path_planner/msg
[14.799s] -- Up-to-date: /root/xline_path_planner/install/xline_path_planner/include/xline_path_planner/xline_path_planner/msg/rosidl_generator_c__visibility_control.h
[14.800s] -- Up-to-date: /root/xline_path_planner/install/xline_path_planner/share/xline_path_planner/environment/library_path.sh
[14.800s] -- Installing: /root/xline_path_planner/install/xline_path_planner/share/xline_path_planner/environment/library_path.dsv
[14.800s] -- Up-to-date: /root/xline_path_planner/install/xline_path_planner/lib/libxline_path_planner__rosidl_generator_c.so
[14.801s] -- Up-to-date: /root/xline_path_planner/install/xline_path_planner/include/xline_path_planner/xline_path_planner
[14.801s] -- Up-to-date: /root/xline_path_planner/install/xline_path_planner/include/xline_path_planner/xline_path_planner/action
[14.802s] -- Up-to-date: /root/xline_path_planner/install/xline_path_planner/include/xline_path_planner/xline_path_planner/action/detail
[14.803s] -- Up-to-date: /root/xline_path_planner/install/xline_path_planner/include/xline_path_planner/xline_path_planner/action/detail/plan_path__rosidl_typesupport_fastrtps_c.h
[14.803s] -- Up-to-date: /root/xline_path_planner/install/xline_path_planner/include/xline_path_planner/xline_path_planner/msg
[14.803s] -- Up-to-date: /root/xline_path_planner/install/xline_path_planner/include/xline_path_planner/xline_path_planner/msg/rosidl_typesupport_fastrtps_c__visibility_control.h
[14.803s] -- Up-to-date: /root/xline_path_planner/install/xline_path_planner/lib/libxline_path_planner__rosidl_typesupport_fastrtps_c.so
[14.803s] -- Up-to-date: /root/xline_path_planner/install/xline_path_planner/include/xline_path_planner/xline_path_planner
[14.803s] -- Up-to-date: /root/xline_path_planner/install/xline_path_planner/include/xline_path_planner/xline_path_planner/action
[14.804s] -- Up-to-date: /root/xline_path_planner/install/xline_path_planner/include/xline_path_planner/xline_path_planner/action/detail
[14.804s] -- Up-to-date: /root/xline_path_planner/install/xline_path_planner/include/xline_path_planner/xline_path_planner/action/detail/plan_path__traits.hpp
[14.804s] -- Up-to-date: /root/xline_path_planner/install/xline_path_planner/include/xline_path_planner/xline_path_planner/action/detail/plan_path__struct.hpp
[14.804s] -- Up-to-date: /root/xline_path_planner/install/xline_path_planner/include/xline_path_planner/xline_path_planner/action/detail/plan_path__builder.hpp
[14.804s] -- Up-to-date: /root/xline_path_planner/install/xline_path_planner/include/xline_path_planner/xline_path_planner/action/detail/plan_path__type_support.hpp
[14.804s] -- Up-to-date: /root/xline_path_planner/install/xline_path_planner/include/xline_path_planner/xline_path_planner/action/plan_path.hpp
[14.805s] -- Up-to-date: /root/xline_path_planner/install/xline_path_planner/include/xline_path_planner/xline_path_planner/msg
[14.805s] -- Up-to-date: /root/xline_path_planner/install/xline_path_planner/include/xline_path_planner/xline_path_planner/msg/rosidl_generator_cpp__visibility_control.hpp
[14.805s] -- Up-to-date: /root/xline_path_planner/install/xline_path_planner/include/xline_path_planner/xline_path_planner
[14.805s] -- Up-to-date: /root/xline_path_planner/install/xline_path_planner/include/xline_path_planner/xline_path_planner/action
[14.806s] -- Up-to-date: /root/xline_path_planner/install/xline_path_planner/include/xline_path_planner/xline_path_planner/action/detail
[14.806s] -- Up-to-date: /root/xline_path_planner/install/xline_path_planner/include/xline_path_planner/xline_path_planner/action/detail/plan_path__rosidl_typesupport_fastrtps_cpp.hpp
[14.807s] -- Up-to-date: /root/xline_path_planner/install/xline_path_planner/include/xline_path_planner/xline_path_planner/action/detail/dds_fastrtps
[14.807s] -- Up-to-date: /root/xline_path_planner/install/xline_path_planner/include/xline_path_planner/xline_path_planner/msg
[14.807s] -- Up-to-date: /root/xline_path_planner/install/xline_path_planner/include/xline_path_planner/xline_path_planner/msg/rosidl_typesupport_fastrtps_cpp__visibility_control.h
[14.807s] -- Up-to-date: /root/xline_path_planner/install/xline_path_planner/lib/libxline_path_planner__rosidl_typesupport_fastrtps_cpp.so
[14.808s] -- Up-to-date: /root/xline_path_planner/install/xline_path_planner/include/xline_path_planner/xline_path_planner
[14.808s] -- Up-to-date: /root/xline_path_planner/install/xline_path_planner/include/xline_path_planner/xline_path_planner/action
[14.808s] -- Up-to-date: /root/xline_path_planner/install/xline_path_planner/include/xline_path_planner/xline_path_planner/action/detail
[14.808s] -- Up-to-date: /root/xline_path_planner/install/xline_path_planner/include/xline_path_planner/xline_path_planner/action/detail/plan_path__type_support.c
[14.809s] -- Up-to-date: /root/xline_path_planner/install/xline_path_planner/include/xline_path_planner/xline_path_planner/action/detail/plan_path__rosidl_typesupport_introspection_c.h
[14.809s] -- Up-to-date: /root/xline_path_planner/install/xline_path_planner/include/xline_path_planner/xline_path_planner/msg
[14.809s] -- Up-to-date: /root/xline_path_planner/install/xline_path_planner/include/xline_path_planner/xline_path_planner/msg/rosidl_typesupport_introspection_c__visibility_control.h
[14.809s] -- Up-to-date: /root/xline_path_planner/install/xline_path_planner/lib/libxline_path_planner__rosidl_typesupport_introspection_c.so
[14.810s] -- Up-to-date: /root/xline_path_planner/install/xline_path_planner/lib/libxline_path_planner__rosidl_typesupport_c.so
[14.810s] -- Up-to-date: /root/xline_path_planner/install/xline_path_planner/include/xline_path_planner/xline_path_planner
[14.810s] -- Up-to-date: /root/xline_path_planner/install/xline_path_planner/include/xline_path_planner/xline_path_planner/action
[14.810s] -- Up-to-date: /root/xline_path_planner/install/xline_path_planner/include/xline_path_planner/xline_path_planner/action/detail
[14.810s] -- Up-to-date: /root/xline_path_planner/install/xline_path_planner/include/xline_path_planner/xline_path_planner/action/detail/plan_path__type_support.cpp
[14.810s] -- Up-to-date: /root/xline_path_planner/install/xline_path_planner/include/xline_path_planner/xline_path_planner/action/detail/plan_path__rosidl_typesupport_introspection_cpp.hpp
[14.811s] -- Up-to-date: /root/xline_path_planner/install/xline_path_planner/lib/libxline_path_planner__rosidl_typesupport_introspection_cpp.so
[14.811s] -- Up-to-date: /root/xline_path_planner/install/xline_path_planner/lib/libxline_path_planner__rosidl_typesupport_cpp.so
[14.811s] -- Up-to-date: /root/xline_path_planner/install/xline_path_planner/share/xline_path_planner/environment/pythonpath.sh
[14.811s] -- Installing: /root/xline_path_planner/install/xline_path_planner/share/xline_path_planner/environment/pythonpath.dsv
[14.811s] -- Up-to-date: /root/xline_path_planner/install/xline_path_planner/local/lib/python3.10/dist-packages/xline_path_planner-0.0.0-py3.10.egg-info
[14.811s] -- Installing: /root/xline_path_planner/install/xline_path_planner/local/lib/python3.10/dist-packages/xline_path_planner-0.0.0-py3.10.egg-info/SOURCES.txt
[14.811s] -- Installing: /root/xline_path_planner/install/xline_path_planner/local/lib/python3.10/dist-packages/xline_path_planner-0.0.0-py3.10.egg-info/dependency_links.txt
[14.811s] -- Installing: /root/xline_path_planner/install/xline_path_planner/local/lib/python3.10/dist-packages/xline_path_planner-0.0.0-py3.10.egg-info/top_level.txt
[14.811s] -- Installing: /root/xline_path_planner/install/xline_path_planner/local/lib/python3.10/dist-packages/xline_path_planner-0.0.0-py3.10.egg-info/PKG-INFO
[14.811s] -- Up-to-date: /root/xline_path_planner/install/xline_path_planner/local/lib/python3.10/dist-packages/xline_path_planner
[14.812s] -- Up-to-date: /root/xline_path_planner/install/xline_path_planner/local/lib/python3.10/dist-packages/xline_path_planner/action
[14.812s] -- Up-to-date: /root/xline_path_planner/install/xline_path_planner/local/lib/python3.10/dist-packages/xline_path_planner/action/_plan_path_s.c
[14.812s] -- Up-to-date: /root/xline_path_planner/install/xline_path_planner/local/lib/python3.10/dist-packages/xline_path_planner/action/_plan_path.py
[14.812s] -- Up-to-date: /root/xline_path_planner/install/xline_path_planner/local/lib/python3.10/dist-packages/xline_path_planner/action/__init__.py
[14.812s] -- Up-to-date: /root/xline_path_planner/install/xline_path_planner/local/lib/python3.10/dist-packages/xline_path_planner/xline_path_planner_s__rosidl_typesupport_c.cpython-310-x86_64-linux-gnu.so
[14.812s] -- Up-to-date: /root/xline_path_planner/install/xline_path_planner/local/lib/python3.10/dist-packages/xline_path_planner/libxline_path_planner__rosidl_generator_py.so
[14.812s] -- Up-to-date: /root/xline_path_planner/install/xline_path_planner/local/lib/python3.10/dist-packages/xline_path_planner/xline_path_planner_s__rosidl_typesupport_fastrtps_c.cpython-310-x86_64-linux-gnu.so
[14.812s] -- Up-to-date: /root/xline_path_planner/install/xline_path_planner/local/lib/python3.10/dist-packages/xline_path_planner/_xline_path_planner_s.ep.rosidl_typesupport_c.c
[14.812s] -- Up-to-date: /root/xline_path_planner/install/xline_path_planner/local/lib/python3.10/dist-packages/xline_path_planner/_xline_path_planner_s.ep.rosidl_typesupport_fastrtps_c.c
[14.813s] -- Up-to-date: /root/xline_path_planner/install/xline_path_planner/local/lib/python3.10/dist-packages/xline_path_planner/xline_path_planner_s__rosidl_typesupport_introspection_c.cpython-310-x86_64-linux-gnu.so
[14.813s] -- Up-to-date: /root/xline_path_planner/install/xline_path_planner/local/lib/python3.10/dist-packages/xline_path_planner/_xline_path_planner_s.ep.rosidl_typesupport_introspection_c.c
[14.813s] -- Installing: /root/xline_path_planner/install/xline_path_planner/local/lib/python3.10/dist-packages/xline_path_planner/__init__.py
[14.860s] Listing '/root/xline_path_planner/install/xline_path_planner/local/lib/python3.10/dist-packages/xline_path_planner'...
[14.860s] Compiling '/root/xline_path_planner/install/xline_path_planner/local/lib/python3.10/dist-packages/xline_path_planner/__init__.py'...
[14.860s] Listing '/root/xline_path_planner/install/xline_path_planner/local/lib/python3.10/dist-packages/xline_path_planner/action'...
[14.867s] -- Up-to-date: /root/xline_path_planner/install/xline_path_planner/local/lib/python3.10/dist-packages/xline_path_planner/xline_path_planner_s__rosidl_typesupport_fastrtps_c.cpython-310-x86_64-linux-gnu.so
[14.867s] -- Up-to-date: /root/xline_path_planner/install/xline_path_planner/local/lib/python3.10/dist-packages/xline_path_planner/xline_path_planner_s__rosidl_typesupport_introspection_c.cpython-310-x86_64-linux-gnu.so
[14.868s] -- Up-to-date: /root/xline_path_planner/install/xline_path_planner/local/lib/python3.10/dist-packages/xline_path_planner/xline_path_planner_s__rosidl_typesupport_c.cpython-310-x86_64-linux-gnu.so
[14.868s] -- Up-to-date: /root/xline_path_planner/install/xline_path_planner/lib/libxline_path_planner__rosidl_generator_py.so
[14.868s] -- Up-to-date: /root/xline_path_planner/install/xline_path_planner/share/xline_path_planner/action/PlanPath.idl
[14.869s] -- Up-to-date: /root/xline_path_planner/install/xline_path_planner/share/xline_path_planner/action/PlanPath.action
[14.869s] -- Up-to-date: /root/xline_path_planner/install/xline_path_planner/share/ament_index/resource_index/package_run_dependencies/xline_path_planner
[14.869s] -- Installing: /root/xline_path_planner/install/xline_path_planner/share/ament_index/resource_index/parent_prefix_path/xline_path_planner
[14.870s] -- Up-to-date: /root/xline_path_planner/install/xline_path_planner/share/xline_path_planner/environment/ament_prefix_path.sh
[14.870s] -- Installing: /root/xline_path_planner/install/xline_path_planner/share/xline_path_planner/environment/ament_prefix_path.dsv
[14.870s] -- Up-to-date: /root/xline_path_planner/install/xline_path_planner/share/xline_path_planner/environment/path.sh
[14.870s] -- Installing: /root/xline_path_planner/install/xline_path_planner/share/xline_path_planner/environment/path.dsv
[14.871s] -- Up-to-date: /root/xline_path_planner/install/xline_path_planner/share/xline_path_planner/local_setup.bash
[14.871s] -- Up-to-date: /root/xline_path_planner/install/xline_path_planner/share/xline_path_planner/local_setup.sh
[14.871s] -- Up-to-date: /root/xline_path_planner/install/xline_path_planner/share/xline_path_planner/local_setup.zsh
[14.871s] -- Installing: /root/xline_path_planner/install/xline_path_planner/share/xline_path_planner/local_setup.dsv
[14.871s] -- Installing: /root/xline_path_planner/install/xline_path_planner/share/xline_path_planner/package.dsv
[14.872s] -- Up-to-date: /root/xline_path_planner/install/xline_path_planner/share/ament_index/resource_index/packages/xline_path_planner
[14.872s] -- Up-to-date: /root/xline_path_planner/install/xline_path_planner/share/xline_path_planner/cmake/export_xline_path_planner__rosidl_generator_cExport.cmake
[14.872s] -- Up-to-date: /root/xline_path_planner/install/xline_path_planner/share/xline_path_planner/cmake/export_xline_path_planner__rosidl_generator_cExport-release.cmake
[14.873s] -- Up-to-date: /root/xline_path_planner/install/xline_path_planner/share/xline_path_planner/cmake/export_xline_path_planner__rosidl_typesupport_fastrtps_cExport.cmake
[14.873s] -- Up-to-date: /root/xline_path_planner/install/xline_path_planner/share/xline_path_planner/cmake/export_xline_path_planner__rosidl_typesupport_fastrtps_cExport-release.cmake
[14.873s] -- Up-to-date: /root/xline_path_planner/install/xline_path_planner/share/xline_path_planner/cmake/export_xline_path_planner__rosidl_generator_cppExport.cmake
[14.874s] -- Up-to-date: /root/xline_path_planner/install/xline_path_planner/share/xline_path_planner/cmake/export_xline_path_planner__rosidl_typesupport_fastrtps_cppExport.cmake
[14.874s] -- Up-to-date: /root/xline_path_planner/install/xline_path_planner/share/xline_path_planner/cmake/export_xline_path_planner__rosidl_typesupport_fastrtps_cppExport-release.cmake
[14.875s] -- Up-to-date: /root/xline_path_planner/install/xline_path_planner/share/xline_path_planner/cmake/xline_path_planner__rosidl_typesupport_introspection_cExport.cmake
[14.875s] -- Up-to-date: /root/xline_path_planner/install/xline_path_planner/share/xline_path_planner/cmake/xline_path_planner__rosidl_typesupport_introspection_cExport-release.cmake
[14.875s] -- Up-to-date: /root/xline_path_planner/install/xline_path_planner/share/xline_path_planner/cmake/xline_path_planner__rosidl_typesupport_cExport.cmake
[14.875s] -- Up-to-date: /root/xline_path_planner/install/xline_path_planner/share/xline_path_planner/cmake/xline_path_planner__rosidl_typesupport_cExport-release.cmake
[14.875s] -- Up-to-date: /root/xline_path_planner/install/xline_path_planner/share/xline_path_planner/cmake/xline_path_planner__rosidl_typesupport_introspection_cppExport.cmake
[14.875s] -- Up-to-date: /root/xline_path_planner/install/xline_path_planner/share/xline_path_planner/cmake/xline_path_planner__rosidl_typesupport_introspection_cppExport-release.cmake
[14.876s] -- Up-to-date: /root/xline_path_planner/install/xline_path_planner/share/xline_path_planner/cmake/xline_path_planner__rosidl_typesupport_cppExport.cmake
[14.876s] -- Up-to-date: /root/xline_path_planner/install/xline_path_planner/share/xline_path_planner/cmake/xline_path_planner__rosidl_typesupport_cppExport-release.cmake
[14.876s] -- Up-to-date: /root/xline_path_planner/install/xline_path_planner/share/xline_path_planner/cmake/export_xline_path_planner__rosidl_generator_pyExport.cmake
[14.876s] -- Up-to-date: /root/xline_path_planner/install/xline_path_planner/share/xline_path_planner/cmake/export_xline_path_planner__rosidl_generator_pyExport-release.cmake
[14.878s] -- Up-to-date: /root/xline_path_planner/install/xline_path_planner/share/xline_path_planner/cmake/rosidl_cmake-extras.cmake
[14.878s] -- Up-to-date: /root/xline_path_planner/install/xline_path_planner/share/xline_path_planner/cmake/ament_cmake_export_dependencies-extras.cmake
[14.878s] -- Up-to-date: /root/xline_path_planner/install/xline_path_planner/share/xline_path_planner/cmake/ament_cmake_export_include_directories-extras.cmake
[14.879s] -- Up-to-date: /root/xline_path_planner/install/xline_path_planner/share/xline_path_planner/cmake/ament_cmake_export_libraries-extras.cmake
[14.879s] -- Up-to-date: /root/xline_path_planner/install/xline_path_planner/share/xline_path_planner/cmake/ament_cmake_export_targets-extras.cmake
[14.879s] -- Up-to-date: /root/xline_path_planner/install/xline_path_planner/share/xline_path_planner/cmake/rosidl_cmake_export_typesupport_targets-extras.cmake
[14.879s] -- Up-to-date: /root/xline_path_planner/install/xline_path_planner/share/xline_path_planner/cmake/rosidl_cmake_export_typesupport_libraries-extras.cmake
[14.879s] -- Up-to-date: /root/xline_path_planner/install/xline_path_planner/share/xline_path_planner/cmake/xline_path_plannerConfig.cmake
[14.879s] -- Up-to-date: /root/xline_path_planner/install/xline_path_planner/share/xline_path_planner/cmake/xline_path_plannerConfig-version.cmake
[14.879s] -- Up-to-date: /root/xline_path_planner/install/xline_path_planner/share/xline_path_planner/package.xml
[14.880s] Invoked command in '/root/xline_path_planner/build/xline_path_planner' returned '0': CMAKE_PREFIX_PATH=/opt/ros/humble /usr/bin/cmake --install /root/xline_path_planner/build/xline_path_planner
